Unity Player [version: Unity 5.6.7f1_e80cc3114ac1]

d3d11.dll caused an Access Violation (0xc0000005)
  in module d3d11.dll at 0023:6b171ba6.

Error occurred at 2025-05-28_115210.
C:\Users\Cuong Le\Desktop\C# winform\QLTK-Nro Pro\QLTK Nro Pro\bin\Debug\net8.0-windows\Nro_244.exe, run by Cuong Le.
84% memory in use.
0 MB physical memory [2539 MB free].
0 MB paging file [2404 MB free].
0 MB user address space [3358 MB free].
Write to location fffffff3 caused an access violation.

Context:
EDI:    0x06f7d698  ESI: 0x00000000  EAX:   0xffffffff
EBX:    0x00000000  ECX: 0x06f8b8a8  EDX:   0x06f8b8a8
EIP:    0x6b171ba6  EBP: 0x0bceec2c  SegCs: 0x00000023
EFlags: 0x00010286  ESP: 0x0bceebec  SegSs: 0x0000002b

Bytes at CS:EIP:
ff 48 f4 8b 48 e8 ff 49 08 b9 ff ff 00 00 66 01 

Stack:
0x0bceebec: 557e7299 00000000 0bceec48 04902538 .r~U....H...8%..
0x0bceebfc: 00000000 012c28d6 00002740 00000006 .....(,.@'......
0x0bceec0c: 00000007 06f8b8a8 ffffffff 00000000 ................
0x0bceec1c: 06f7d698 0bcefc90 6b196920 ffffffff ........ i.k....
0x0bceec2c: 0bceec4c 01211acf 06f7d708 00002740 L.....!.....@'..
0x0bceec3c: 00000001 0bceec48 06f7d708 00000000 ....H...........
0x0bceec4c: 0bceec68 01213bd2 00000002 00000001 h....;!.........
0x0bceec5c: 00000001 19203838 04902538 0bceec94 ....88 .8%......
0x0bceec6c: 01201993 00000002 00002740 00000001 .. .....@'......
0x0bceec7c: 00000001 01dc6248 1920383c 00000002 ....Hb..<8 .....
0x0bceec8c: 00000001 04900d40 0bceecb0 011e57aa ....@........W..
0x0bceec9c: 00000002 00000040 0490c788 04900d40 ....@.......@...
0x0bceecac: 00000000 0bceecf4 0120b4f3 19203820 .......... . 8 .
0x0bceecbc: 04900d40 00000002 04902fa8 0bcef3e4 @......../......
0x0bceeccc: 04902fb8 00000000 04900d40 00000002 ./......@.......
0x0bceecdc: 00000000 0120b6f7 042eef80 19203810 ...... ......8 .
0x0bceecec: 04902fb8 00000002 0bceed20 0120acc6 ./...... ..... .
0x0bceecfc: 042f6fe0 19203820 04902fb8 00000018 .o/. 8 ../......
0x0bceed0c: 042a4b40 064b00c0 04900d40 00000018 @K*...K.@.......
0x0bceed1c: 04902fb8 0bcefbfc 0124cb41 00000004 ./......A.$.....
0x0bceed2c: 0bcef3dc ffffffd0 0000001d 042a4b40 ............@K*.
0x0bceed3c: 03c93301 00000000 00000000 00000000 .3..............
0x0bceed4c: 00000000 00000000 00000000 00000000 ................
0x0bceed5c: 00000000 00000000 00000000 00000000 ................
0x0bceed6c: 00000000 00000000 00000000 00000000 ................
0x0bceed7c: 00000000 00000000 00000000 00000000 ................
0x0bceed8c: 00000000 00000000 00000000 00000000 ................
0x0bceed9c: 00000000 00000000 00000000 00000000 ................
0x0bceedac: 00000000 00000000 00000000 00000000 ................
0x0bceedbc: 00000000 00000000 00000000 00000000 ................
0x0bceedcc: 00000000 00000000 00000000 00000000 ................
0x0bceeddc: 00000000 00000000 00000000 00000000 ................
0x0bceedec: 00000000 00000000 00000000 00000000 ................
0x0bceedfc: 00000000 00000000 00000000 00000000 ................
0x0bceee0c: 00000000 00000000 00000000 00000000 ................
0x0bceee1c: 00000000 00000000 00000000 00000000 ................
0x0bceee2c: 00000000 00000000 002ee000 00930068 ............h...
0x0bceee3c: 0516d050 051989cc 051989e4 0bceee88 P...............
0x0bceee4c: 774a2722 000000d6 00000020 00f201d0 "'Jw.... .......
0x0bceee5c: 00000000 00f20000 00000000 0000005a ............Z...
0x0bceee6c: 00000020 051989b8 00f20000 00000000  ...............
0x0bceee7c: 00000000 8471e387 0bceef70 0bceeef4 ......q.p.......
0x0bceee8c: 00f60000 00f60000 00f60128 00000000 ........(.......
0x0bceee9c: 0bceee80 0bceee84 0bcefc10 774e2300 .............#Nw
0x0bceeeac: f8e8b2bb fffffffe 0bceeee0 774af390 ..............Jw
0x0bceeebc: 00000001 01e022c4 00000001 00000000 ....."..........
0x0bceeecc: 00000000 00000007 00000007 00000008 ................
0x0bceeedc: 00000008 06c97cdc 00000001 00000008 .....|..........
0x0bceeeec: 80000008 06c97cfc 00000001 00000008 .....|..........
0x0bceeefc: 80000008 06c97d1c 00000001 00000090 .....}..........
0x0bceef0c: 80000090 00000000 00000000 00000001 ................
0x0bceef1c: 00f60001 00f60128 0bceefd4 774ce9b9 ....(.........Lw
0x0bceef2c: 8471e697 0bceef58 881a6ce7 0bcefc10 ..q.X....l......
0x0bceef3c: 017f5750 fffffffe 0bcefc10 0154535f PW.........._ST.
0x0bceef4c: 00000001 0bcefc20 00000000 0bcefc10 .... ...........
0x0bceef5c: 017ebe00 017ebe16 0bceef7c 00000000 ..~...~.|.......
0x0bceef6c: 00000000 00000000 0bcef080 0bcef0d0 ................
0x0bceef7c: 0bceefa0 77511fc2 0bcef080 0bcefc10 ......Qw........
0x0bceef8c: 0bcef0d0 0bcef00c 0bcefc10 77511fe0 ..............Qw
0x0bceef9c: 0bcefc10 0bcef068 77511f94 0bcef080 ....h.....Qw....
0x0bceefac: 0bcefc10 0bcef0d0 0bcef00c 017ebd58 ............X.~.
0x0bceefbc: 0bcef0d0 0bcef080 00000000 774ce743 ............C.Lw
0x0bceefcc: 0bcef080 0bcefc10 0bcef0d0 0bcef00c ................
0x0bceefdc: 017ebd58 01545d90 03c933f0 0bcef080 X.~..]T..3......
0x0bceefec: 0bcef484 00cef140 0bcefc10 0000000d ....@...........
0x0bceeffc: 00000000 0bcee000 0bcf0000 00000000 ................
0x0bcef00c: 00000000 00000000 00000000 00000000 ................
0x0bcef01c: 00000000 00000000 00000000 00000000 ................
0x0bcef02c: 00000000 00000000 00000000 00000000 ................
0x0bcef03c: 00000000 00000000 00000000 00000000 ................
0x0bcef04c: 00000000 00000000 00000000 00000000 ................
0x0bcef05c: 00000000 00000000 8471e2df 0bcefbd4 ..........q.....
0x0bcef06c: 774dbcff 0bcef080 0bcef0d0 0bcef080 ..Mw............
0x0bcef07c: 0bcef0d0 406d1388 00000000 00000000 ......m@........
0x0bcef08c: 76bcdf24 00000004 00001000 01dd36e4 $..v.........6..
0x0bcef09c: 000035a4 00000000 00000000 00040013 .5..............
0x0bcef0ac: 00000000 0000000f 00000013 0bcefbc8 ................
0x0bcef0bc: 017ecb5c 00040013 03c93300 00040000 \.~......3......
0x0bcef0cc: 00040000 0001007f 00000000 00000000 ................
0x0bcef0dc: 00000000 00000000 00000000 00000000 ................
0x0bcef0ec: 0000027f 00000002 0000ffff 01544d90 .............MT.
0x0bcef0fc: 00000000 00000000 00000000 00000000 ................
0x0bcef10c: 00000000 00000000 00000000 00000000 ................
0x0bcef11c: 00000000 00000000 00000000 00000000 ................
0x0bcef12c: 00000000 00000000 00000000 00000000 ................
0x0bcef13c: 00000000 00000000 00000000 00000000 ................
0x0bcef14c: 00000000 e335a800 3bf5bf01 00000000 ......5....;....
0x0bcef15c: 0000002b 00000053 0bce002b 774b002b +...S...+...+.Kw
0x0bcef16c: 01545d90 03c933f0 03c933f0 00000000 .]T..3...3......
0x0bcef17c: 00000004 0bcefb78 0bcefbd4 76bcdf24 ....x.......$..v
0x0bcef18c: 00000023 00000216 0bcefb78 0614002b #.......x...+...
0x0bcef19c: 0002027f 00000000 01544d90 00000000 .........MT.....
0x0bcef1ac: 00000000 00000000 00001f80 0000ffff ................
0x0bcef1bc: 00000000 00000000 00000000 00000000 ................
0x0bcef1cc: 00000000 00000000 00000000 00000000 ................
0x0bcef1dc: 00000000 00000000 00000000 00000000 ................
0x0bcef1ec: 00000000 00000000 00000000 00000000 ................
0x0bcef1fc: 00000000 00000000 00000000 00000000 ................
0x0bcef20c: 00000000 00000000 00000000 00000000 ................
0x0bcef21c: 00000000 00000000 00000000 00000000 ................
0x0bcef22c: a8000000 bf01e335 00003bf5 00000000 ....5....;......
0x0bcef23c: 00000000 00000000 00000000 00000000 ................
0x0bcef24c: 00000000 00000000 00000000 00000000 ................
0x0bcef25c: 00000000 00000000 00000000 00000000 ................
0x0bcef26c: 00000000 00000000 00000000 00000000 ................
0x0bcef27c: 00000000 00000000 00000000 00000000 ................
0x0bcef28c: 00000000 00000000 00000000 00000000 ................
0x0bcef29c: 00000000 00000000 00000000 00000000 ................
0x0bcef2ac: 00000000 00000000 00000000 00000000 ................
0x0bcef2bc: 00000000 00000000 00000000 00000000 ................
0x0bcef2cc: 00000000 00000000 00000000 00000000 ................
0x0bcef2dc: 00000000 00000000 00000000 00000000 ................
0x0bcef2ec: 00000000 00000000 00000000 00000000 ................
0x0bcef2fc: 00000000 00000000 00000000 00000000 ................
0x0bcef30c: 00000000 00000000 00000000 00000000 ................
0x0bcef31c: 00000000 00000000 00000000 00000000 ................
0x0bcef32c: 00000000 00000000 00000000 00000000 ................
0x0bcef33c: 00000000 03d7f190 00000018 00350033 ............3.5.
0x0bcef34c: 00340061 004c002d 00720064 00650047 a.4.-.L.d.r.G.e.
0x0bcef35c: 00440074 03c6b8f0 00000000 00000000 t.D.............
0x0bcef36c: 00000000 00000000 00000000 00000000 ................
0x0bcef37c: 00000000 03c66d50 00000001 00000000 ....Pm..........
0x0bcef38c: ffffffff 00000000 00000000 00000000 ................
0x0bcef39c: 00000000 00000000 00000000 00000000 ................
0x0bcef3ac: 00000000 1920370c 1920381c 00000000 .....7 ..8 .....
0x0bcef3bc: 00000000 00000000 00000000 03d19710 ................
0x0bcef3cc: 03d196d0 00000000 00000000 00000000 ................
0x0bcef3dc: 00000000 042eef80 042f6fe0 00000000 .........o/.....
0x0bcef3ec: 00000000 00000000 00000000 00000000 ................
0x0bcef3fc: 00000000 00000000 0000000d 0000000d ................
0x0bcef40c: 064b0e40 04174060 041740e0 00000085 @.K.`@...@......
0x0bcef41c: 00025942 00000000 00000000 00000000 BY..............
0x0bcef42c: 00002733 00000001 00000018 00000004 3'..............
0x0bcef43c: 00000006 00000000 0737b4b0 0920ecf0 ..........7... .
0x0bcef44c: 00000085 00025942 00000000 00000000 ....BY..........
0x0bcef45c: 00000000 00000000 00000000 00000000 ................
0x0bcef46c: 00000000 00000000 00000000 00003930 ............09..
0x0bcef47c: 006cc99c 006cc9a8 00000000 006cda70 ..l...l.....p.l.
0x0bcef48c: 00000000 006cd5c4 0000014c 006dc5b8 ......l.L.....m.
0x0bcef49c: 00000000 00000000 00000000 006cde08 ..............l.
0x0bcef4ac: 00000000 006cdb78 0026a650 006dc564 ....x.l.P.&.d.m.
0x0bcef4bc: 000294bc 00000000 000294ac 006cd018 ..............l.
0x0bcef4cc: 00000000 00000000 00000000 006cdd84 ..............l.
0x0bcef4dc: 0026a620 00000004 00000ad0 00000000  .&.............
0x0bcef4ec: 00000000 00004d18 00000000 006dc560 .....M......`.m.
0x0bcef4fc: 00000000 006cdeac 00000000 006ce090 ......l.......l.
0x0bcef50c: 00000000 00000000 00000000 00000000 ................
0x0bcef51c: 00000000 006cdd74 00000000 006cd0b8 ....t.l.......l.
0x0bcef52c: 006ccbc8 0004cea4 00000000 0004ceb4 ..l.............
0x0bcef53c: 00000000 0004ce9c 00000000 0061e18c ..............a.
0x0bcef54c: 000294a0 0061e190 00000000 0061e184 ......a.......a.
0x0bcef55c: 00000000 000294f0 006cdb04 00029508 ..........l.....
0x0bcef56c: 00000000 000294e8 00519f18 0026a660 ..........Q.`.&.
0x0bcef57c: 0026a5f4 0026a664 00000000 0026a658 ..&.d.&.....X.&.
0x0bcef58c: 00000000 00000000 00000000 00000000 ................
0x0bcef59c: 00000000 00000000 00000000 00000000 ................
0x0bcef5ac: 00000000 00000000 00000000 0005b374 ............t...
0x0bcef5bc: 00000000 0005b378 00028cc0 0005b36c ....x.......l...
0x0bcef5cc: 006cdd78 0005b368 006cddf8 006cc9c8 x.l.h.....l...l.
0x0bcef5dc: 00000000 006cc9cc 00000000 006cc9c4 ......l.......l.
0x0bcef5ec: 00000000 006cc9c0 00028ce8 00000000 ......l.........
0x0bcef5fc: 006cde20 00000000 00005660 00000000  .l.....`V......
0x0bcef60c: 00004d20 00000000 006dc558 00000000  M......X.m.....
0x0bcef61c: 006dc570 00000000 006ce0d4 00000000 p.m.......l.....
0x0bcef62c: 006dc640 00000000 006ce088 00000000 @.m.......l.....
0x0bcef63c: 00000000 00000000 00000000 00000000 ................
0x0bcef64c: 00000000 00000000 006dc5b4 00000000 ..........m.....
0x0bcef65c: 00000000 00000000 006cdc80 00000000 ..........l.....
0x0bcef66c: 00000000 00000000 00000038 00000000 ........8.......
0x0bcef67c: 00000000 00000000 0004ce88 00000000 ................
0x0bcef68c: 00000000 00000000 00000000 00000000 ................
0x0bcef69c: 00000000 00000000 00000000 00000000 ................
0x0bcef6ac: 00000000 006dc684 006dc59c 006dc688 ......m...m...m.
0x0bcef6bc: 006cd9d4 006cc8e4 000294a8 006cc8e8 ..l...l.......l.
0x0bcef6cc: 00000000 006dc598 00063318 006dc598 ......m..3....m.
0x0bcef6dc: 000294b4 006dc578 00063320 006dc598 ....x.m. 3....m.
0x0bcef6ec: 006cdf04 006dc3ec 006cdb0c 006dc40c ..l...m...l...m.
0x0bcef6fc: 006cd5dc 00000000 00000000 00000000 ..l.............
0x0bcef70c: 000008f0 00000000 000009a0 006caef0 ..............l.
0x0bcef71c: 00000854 006caf10 00000000 006caee8 T.....l.......l.
0x0bcef72c: 00000000 006caed4 00000000 00000000 ......l.........
0x0bcef73c: 00000000 00000000 00000000 00000000 ................
0x0bcef74c: 00000000 00000000 00000000 006a922c ............,.j.
0x0bcef75c: 00000000 006a9230 00000000 0061e178 ....0.j.....x.a.
0x0bcef76c: 00000000 0061e17c 00000000 0061e174 ....|.a.....t.a.
0x0bcef77c: 00000000 0061e170 00000000 00000000 ....p.a.........
0x0bcef78c: 00000000 00000000 00000000 00000000 ................
0x0bcef79c: 00000000 00000000 00000000 00000000 ................
0x0bcef7ac: 006cd0d0 00000000 00028ce0 00000000 ..l.............
0x0bcef7bc: 00000000 00000000 006cdd80 00000000 ..........l.....
0x0bcef7cc: 00000000 00000000 006cde04 00000000 ..........l.....
0x0bcef7dc: 006cdd94 00000000 00000000 00000000 ..l.............
0x0bcef7ec: 006cde14 00000000 00000000 00000000 ..l.............
0x0bcef7fc: 00000000 00000000 006cd5a8 00000000 ..........l.....
0x0bcef80c: 00028ce4 00000000 00000000 00000000 ................
0x0bcef81c: 006cde1c 00000000 006cdb74 00000000 ..l.....t.l.....
0x0bcef82c: 0000565c 00000000 00004d14 00000000 \V.......M......
0x0bcef83c: 00004d1c 00000000 0000392c 00000000 .M......,9......
0x0bcef84c: 006dc554 00000000 006dc55c 00000000 T.m.....\.m.....
0x0bcef85c: 006dc56c 00000000 006dc574 00000000 l.m.....t.m.....
0x0bcef86c: 006dc568 00000000 006ce0d8 00000000 h.m.......l.....
0x0bcef87c: 006cdeec 00000000 006dc680 00000000 ..l.......m.....
0x0bcef88c: 006dc5f8 00000000 006ce08c 00000000 ..m.......l.....
0x0bcef89c: 006ce0d0 00000000 00000000 00000000 ..l.............
0x0bcef8ac: 00000000 00000000 00000000 00000000 ................
0x0bcef8bc: 00000000 00000000 006cda6c 00000000 ........l.l.....
0x0bcef8cc: 006dc5a4 00000000 00000000 00000000 ..m.............
0x0bcef8dc: 00000000 00000000 00000000 00000000 ................
0x0bcef8ec: 006cd03c 00000000 006cdc84 00000000 <.l.......l.....
0x0bcef8fc: 00000000 00000000 00000000 00000000 ................
0x0bcef90c: 00000008 00000000 00000148 00000000 ........H.......
0x0bcef91c: 00000170 00000000 00000000 00000000 p...............
0x0bcef92c: 006ccbcc 00000000 0004ce94 00000000 ..l.............
0x0bcef93c: 00000000 00000000 00000000 00000000 ................
0x0bcef94c: 00000000 00000000 00000000 00000000 ................
0x0bcef95c: 00000000 00000000 00000000 00000000 ................
0x0bcef96c: 00000000 00000000 00000000 00000000 ................
0x0bcef97c: 00000000 00000000 00000000 00000000 ................
0x0bcef98c: 00000000 00000000 006dc5a0 00000000 ..........m.....
0x0bcef99c: 0026a654 00000000 006cd9d8 00000000 T.&.......l.....
0x0bcef9ac: 000294a4 00000000 000294b8 00000000 ................
0x0bcef9bc: 000294c0 00000000 00000000 00000000 ................
0x0bcef9cc: 00000000 00000000 0006331c 00000000 .........3......
0x0bcef9dc: 000294b0 00000000 00000000 00000000 ................
0x0bcef9ec: 00000000 00000000 00063324 00000000 ........$3......
0x0bcef9fc: 00000000 00000000 006cdf50 00000000 ........P.l.....
0x0bcefa0c: 006cdb08 00000000 00000000 00000000 ..l.............
0x0bcefa1c: 006cd5d4 00000000 00000000 00000000 ..l.............
0x0bcefa2c: 00000000 00000000 0026a5f8 00000000 ..........&.....
0x0bcefa3c: 000008d0 00000000 00519ef4 00000000 ..........Q.....
0x0bcefa4c: 00000980 00000000 00000ab0 00000000 ................
0x0bcefa5c: 00000830 00000000 0026a5f0 00000000 0.........&.....
0x0bcefa6c: 00000000 00000000 00000000 00000000 ................
0x0bcefa7c: 00000000 00000000 00000000 00000000 ................
0x0bcefa8c: 00000000 00000000 000294bc 00000000 ................
0x0bcefa9c: 000294b0 00000000 00000000 00000000 ................
0x0bcefaac: 0004cea4 00000000 0061e18c 006cdb08 ..........a...l.
0x0bcefabc: 000294f0 00000000 0026a660 006dc570 ........`.&.p.m.
0x0bcefacc: 00000000 00000000 0005b374 00000000 ........t.......
0x0bcefadc: 0005b36c 00000000 006cc9c8 00000000 l.........l.....
0x0bcefaec: 006cc9c4 00000000 00000000 00000000 ..l.............
0x0bcefafc: 00000000 006ce090 006caef0 0000014c ......l...l.L...
0x0bcefb0c: 006caee8 00000000 0061e178 00000000 ..l.....x.a.....
0x0bcefb1c: 0061e174 00000000 00000000 00000000 t.a.............
0x0bcefb2c: 00000000 00000000 00000000 00000000 ................
0x0bcefb3c: 00000000 00040020 00000000 00000001 .... ...........
0x0bcefb4c: 00000003 00000000 00040013 00000000 ................
0x0bcefb5c: 03c933f0 01545d90 0bcefbd4 006ce08c .3...]T.......l.
0x0bcefb6c: 0bcefbd4 76bcdf24 0bcefb78 006cdc84 ....$..vx.....l.
0x0bcefb7c: 00000000 00000000 76bcdf24 00000004 ........$..v....
0x0bcefb8c: 00001000 01dd36e4 000035a4 00000000 .....6...5......
0x0bcefb9c: 00000000 000294a4 00000000 0000000f ................
0x0bcefbac: 00000013 0bcefbc8 017ecb5c 00040013 ........\.~.....
0x0bcefbbc: 00007a50 00000002 00004574 0000002c Pz......tE..,...
0x0bcefbcc: 0000004c 00000005 00000007 00000003 L...............
0x0bcefbdc: 00000000 00000000 03d05ed0 03c66e01 .........^...n..
0x0bcefbec: 00000009 01de0ae4 042a4b40 00000008 ........@K*.....
0x0bcefbfc: 0bcefc1c 012527be 064b00c0 01545d90 .....'%...K..]T.
0x0bcefc0c: 042a4b40 03c933f0 0123ce07 03c933f0 @K*..3....#..3..
0x0bcefc1c: 0bcefc38 01545dc6 042a4b40 000035a4 8....]T.@K*..5..
0x0bcefc2c: 01dd36e4 01545d90 01545d90 0bcefc48 .6...]T..]T.H...
0x0bcefc3c: 768c5d49 03c933f0 768c5d30 0bcefca0 I].v.3..0].v....
0x0bcefc4c: 774cd03b 03c933f0 8471f193 00000000 ;.Lw.3....q.....
0x0bcefc5c: 00000000 03c933f0 c0000005 76cb6e30 .....3......0n.v
0x0bcefc6c: 30939d15 a9849ce8 00000000 00000000 ...0............
0x0bcefc7c: 0bcedfb4 4658f325 00000000 0bcefc54 ....%.XF....T...
0x0bcefc8c: 0bcedfb4 0bcefca8 774e2300 f8e8cb83 .........#Nw....
0x0bcefc9c: 00000000 0bcefcb0 774ccfc1 ffffffff ..........Lw....
0x0bcefcac: 7751211c 00000000 00000000 01545d90 .!Qw.........]T.
0x0bcefcbc: 03c933f0 00000000 00000000 00000000 .3..............
0x0bcefccc: 00000000 00000000 00000000 00000000 ................
0x0bcefcdc: 00000000 00000000 00000000 00000000 ................
0x0bcefcec: 00000000 00000000 00000000 00000000 ................
0x0bcefcfc: 00000000 00000000 00000000 00000000 ................
0x0bcefd0c: 00000000 00000000 00000000 00000000 ................
0x0bcefd1c: 00000000 00000000 00000000 00000000 ................
0x0bcefd2c: 00000000 00000000 00000000 00000000 ................
0x0bcefd3c: 00000000 00000000 00000000 00000000 ................
0x0bcefd4c: 00000000 00000000 00000000 00000000 ................
0x0bcefd5c: 00000000 00000000 00000000 00000000 ................
0x0bcefd6c: 00000000 00000000 00000000 00000000 ................
0x0bcefd7c: 00000000 00000000 00000000 00000000 ................
0x0bcefd8c: 00000000 00000000 00000000 00000000 ................
0x0bcefd9c: 00000000 00000000 00000000 00000000 ................
0x0bcefdac: 00000000 00000000 00000000 00000000 ................
0x0bcefdbc: 00000000 00000000 00000000 00000000 ................
0x0bcefdcc: 00000000 00000000 00000000 00000000 ................
0x0bcefddc: 00000000 00000000 00000000 00000000 ................
0x0bcefdec: 00000000 00000000 00000000 00000000 ................
0x0bcefdfc: 00000000 00000000 00000000 00000000 ................
0x0bcefe0c: 00000000 00000000 00000000 00000000 ................
0x0bcefe1c: 00000000 00000000 00000000 00000000 ................
0x0bcefe2c: 00000000 00000000 00000000 00000000 ................
0x0bcefe3c: 00000000 00000000 00000000 00000000 ................
0x0bcefe4c: 00000000 00000000 00000000 00000000 ................
0x0bcefe5c: 00000000 00000000 00000000 00000000 ................
0x0bcefe6c: 00000000 00000000 00000000 00000000 ................
0x0bcefe7c: 00000000 00000000 00000000 00000000 ................
0x0bcefe8c: 00000000 00000000 00000000 00000000 ................
0x0bcefe9c: 00000000 00000000 00000000 00000000 ................
0x0bcefeac: 00000000 00000000 00000000 00000000 ................
0x0bcefebc: 00000000 00000000 00000000 00000000 ................
0x0bcefecc: 00000000 00000000 00000000 00000000 ................
0x0bcefedc: 00000000 00000000 00000000 00000000 ................
0x0bcefeec: 00000000 00000000 00000000 00000000 ................
0x0bcefefc: 00000000 00000000 00000000 00000000 ................
0x0bceff0c: 00000000 00000000 00000000 00000000 ................
0x0bceff1c: 00000000 00000000 00000000 00000000 ................
0x0bceff2c: 00000000 00000000 00000000 00000000 ................
0x0bceff3c: 00000000 00000000 00000000 00000000 ................
0x0bceff4c: 00000000 00000000 00000000 00000000 ................
0x0bceff5c: 00000000 00000000 00000000 00000000 ................
0x0bceff6c: 00000000 00000000 00000000 00000000 ................
0x0bceff7c: 00000000 00000000 00000000 00000000 ................
0x0bceff8c: 00000000 00000000 00000000 00000000 ................
0x0bceff9c: 00000000 00000000 00000000 00000000 ................
0x0bceffac: 00000000 00000000 00000000 00000000 ................
0x0bceffbc: 00000000 00000000 00000000 00000000 ................
0x0bceffcc: 00000000 00000000 00000000 00000000 ................
0x0bceffdc: 00000000 00000000 00000000 00000000 ................
0x0bceffec: 00000000 00000000 00000000 00000000 ................
0x0bcefffc: 00000000                            ....

Module 1
C:\Users\Cuong Le\Desktop\C# winform\QLTK-Nro Pro\QLTK Nro Pro\bin\Debug\net8.0-windows\Nro_244.exe
Image Base: 0x00f60000  Image Size: 0x01228000
File Size:  18198528    File Time:  2025-05-14_104312
Version:
   Company:    
   Product:    
   FileDesc:   
   FileVer:    5.6.7.3267
   ProdVer:    5.6.7.3267

Module 2
C:\WINDOWS\SYSTEM32\xinput1_3.dll
Image Base: 0x00400000  Image Size: 0x00016000
File Size:  81768       File Time:  2007-04-04_185342
Version:
   Company:    Microsoft Corporation
   Product:    Microsoft® DirectX for Windows®
   FileDesc:   Microsoft Common Controller API
   FileVer:    9.18.944.0
   ProdVer:    9.18.944.0

Module 3
C:\Users\Cuong Le\Desktop\C# winform\QLTK-Nro Pro\QLTK Nro Pro\bin\Debug\net8.0-windows\Nro_244_Data\Mono\mono.dll
Image Base: 0x10000000  Image Size: 0x00231000
File Size:  2117064     File Time:  2025-05-14_104312
Version:
   Company:    Unity Technologies
   Product:    libmono
   FileDesc:   Unity Technologies fork of mono runtime
   FileVer:    1.0.0.1
   ProdVer:    1.0.0.1

Module 4
C:\WINDOWS\SYSTEM32\resourcepolicyclient.dll
Image Base: 0x51170000  Image Size: 0x00010000
File Size:  57920       File Time:  2024-04-01_142216
Version:
   Company:    Microsoft Corporation
   Product:    Microsoft® Windows® Operating System
   FileDesc:   Resource Policy Client
   FileVer:    10.0.26100.1
   ProdVer:    10.0.26100.1

Module 5
C:\WINDOWS\SYSTEM32\AUDIOSES.DLL
Image Base: 0x511a0000  Image Size: 0x00175000
File Size:  1522792     File Time:  2025-05-14_073518
Version:
   Company:    Microsoft Corporation
   Product:    Microsoft® Windows® Operating System
   FileDesc:   Audio Session
   FileVer:    10.0.26100.3912
   ProdVer:    10.0.26100.3912

Module 6
C:\WINDOWS\System32\DriverStore\FileRepository\nvam.inf_amd64_4ae7e10b45473e65\nvgpucomp32.dll
Image Base: 0x533a0000  Image Size: 0x024a7000
File Size:  38663464    File Time:  2024-12-02_085000
Version:
   Company:    NVIDIA Corporation
   Product:    NVIDIA GPU Compiler Driver
   FileDesc:   NVIDIA GPU Compiler Driver, Version 566.07 
   FileVer:    32.0.15.6607
   ProdVer:    32.0.15.6607

Module 7
C:\WINDOWS\SYSTEM32\midimap.dll
Image Base: 0x56a90000  Image Size: 0x00008000
File Size:  21504       File Time:  2024-12-13_150154
Version:
   Company:    Microsoft Corporation
   Product:    Microsoft® Windows® Operating System
   FileDesc:   Microsoft MIDI Mapper
   FileVer:    10.0.26100.1882
   ProdVer:    10.0.26100.1882

Module 8
C:\WINDOWS\System32\DriverStore\FileRepository\nvam.inf_amd64_4ae7e10b45473e65\nvppe.dll
Image Base: 0x56aa0000  Image Size: 0x000df000
File Size:  932136      File Time:  2024-12-02_085028
Version:
   Company:    NVIDIA Corporation
   Product:    NVIDIA driver loader
   FileDesc:   NVIDIA Driver, Version 566.07 
   FileVer:    32.0.15.6607
   ProdVer:    32.0.15.6607

Module 9
C:\WINDOWS\SYSTEM32\drvstore.dll
Image Base: 0x56b80000  Image Size: 0x00129000
File Size:  1214880     File Time:  2025-05-14_073522
Version:
   Company:    Microsoft Corporation
   Product:    Microsoft® Windows® Operating System
   FileDesc:   Driver Store API
   FileVer:    10.0.26100.3912
   ProdVer:    10.0.26100.3912

Module 10
C:\WINDOWS\System32\DriverStore\FileRepository\nvam.inf_amd64_4ae7e10b45473e65\nvldumd.dll
Image Base: 0x56cb0000  Image Size: 0x0009d000
File Size:  653760      File Time:  2024-12-02_085024
Version:
   Company:    NVIDIA Corporation
   Product:    NVIDIA driver loader
   FileDesc:   NVIDIA Driver Loader, Version 566.07 
   FileVer:    32.0.15.6607
   ProdVer:    32.0.15.6607

Module 11
C:\WINDOWS\SYSTEM32\MSACM32.dll
Image Base: 0x56e70000  Image Size: 0x0001a000
File Size:  97704       File Time:  2024-12-13_150154
Version:
   Company:    Microsoft Corporation
   Product:    Microsoft® Windows® Operating System
   FileDesc:   Microsoft ACM Audio Filter
   FileVer:    10.0.26100.1882
   ProdVer:    10.0.26100.1882

Module 12
C:\WINDOWS\SYSTEM32\wdmaud.drv
Image Base: 0x56e90000  Image Size: 0x0003d000
File Size:  223232      File Time:  2024-12-13_150154
Version:
   Company:    Microsoft Corporation
   Product:    Microsoft® Windows® Operating System
   FileDesc:   Winmm  audio system driver
   FileVer:    10.0.26100.1882
   ProdVer:    10.0.26100.1882

Module 13
C:\WINDOWS\SYSTEM32\GLU32.dll
Image Base: 0x585d0000  Image Size: 0x00042000
File Size:  254976      File Time:  2024-04-01_142236
Version:
   Company:    Microsoft Corporation
   Product:    Microsoft® Windows® Operating System
   FileDesc:   OpenGL Utility Library DLL
   FileVer:    10.0.26100.1
   ProdVer:    10.0.26100.1

Module 14
C:\WINDOWS\SYSTEM32\OPENGL32.dll
Image Base: 0x58620000  Image Size: 0x000e3000
File Size:  797696      File Time:  2025-04-09_105022
Version:
   Company:    Microsoft Corporation
   Product:    Microsoft® Windows® Operating System
   FileDesc:   OpenGL Client DLL
   FileVer:    10.0.26100.3624
   ProdVer:    10.0.26100.3624

Module 15
C:\WINDOWS\System32\fwpuclnt.dll
Image Base: 0x587a0000  Image Size: 0x00061000
File Size:  379392      File Time:  2025-05-14_073524
Version:
   Company:    Microsoft Corporation
   Product:    Microsoft® Windows® Operating System
   FileDesc:   FWP/IPsec User-Mode API
   FileVer:    10.0.26100.3912
   ProdVer:    10.0.26100.3912

Module 16
C:\Windows\System32\DriverStore\FileRepository\iigd_dch.inf_amd64_f63934308f6cc308\igc32.dll
Image Base: 0x5e010000  Image Size: 0x038f3000
File Size:  61009192    File Time:  2024-03-05_090414
Version:
   Company:    Intel Corporation
   Product:    Intel HD Graphics Drivers for Windows(R)
   FileDesc:   Intel Graphics Shader Compiler for Intel(R) Graphics Accelerator
   FileVer:    31.0.101.5333
   ProdVer:    31.0.101.5333

Module 17
C:\Windows\System32\DriverStore\FileRepository\iigd_dch.inf_amd64_f63934308f6cc308\igd10um32xe.DLL
Image Base: 0x61910000  Image Size: 0x016f7000
File Size:  24732360    File Time:  2024-03-05_090436
Version:
   Company:    Intel Corporation
   Product:    Intel HD Graphics Drivers for Windows(R)
   FileDesc:   User Mode Driver for Intel(R) Graphics Technology
   FileVer:    31.0.101.5333
   ProdVer:    31.0.101.5333

Module 18
C:\Windows\System32\DriverStore\FileRepository\iigd_dch.inf_amd64_f63934308f6cc308\igd10iumd32.dll
Image Base: 0x63010000  Image Size: 0x003df000
File Size:  4190848     File Time:  2024-03-05_090422
Version:
   Company:    Intel Corporation
   Product:    Intel HD Graphics Drivers for Windows(R)
   FileDesc:   User Mode Driver for Intel(R) Graphics Technology
   FileVer:    31.0.101.5333
   ProdVer:    31.0.101.5333

Module 19
C:\Windows\System32\DriverStore\FileRepository\iigd_dch.inf_amd64_f63934308f6cc308\IntelControlLib32.dll
Image Base: 0x6af50000  Image Size: 0x0007e000
File Size:  562384      File Time:  2024-03-05_090734
Version:
   Company:    
   Product:    Intel Graphics Control Lib Runtime for Windows(R)
   FileDesc:   Intel Graphics Control Lib Runtime
   FileVer:    1.0.184.0
   ProdVer:    1.0.0.0

Module 20
C:\WINDOWS\SYSTEM32\d3d11.dll
Image Base: 0x6afd0000  Image Size: 0x001f5000
File Size:  2053680     File Time:  2025-05-14_073522
Version:
   Company:    Microsoft Corporation
   Product:    Microsoft® Windows® Operating System
   FileDesc:   Direct3D 11 Runtime
   FileVer:    10.0.26100.3912
   ProdVer:    10.0.26100.3912

Module 21
C:\WINDOWS\SYSTEM32\dxgi.dll
Image Base: 0x6b3f0000  Image Size: 0x000ff000
File Size:  1030552     File Time:  2025-05-14_073522
Version:
   Company:    Microsoft Corporation
   Product:    Microsoft® Windows® Operating System
   FileDesc:   DirectX Graphics Infrastructure
   FileVer:    10.0.26100.4061
   ProdVer:    10.0.26100.4061

Module 22
C:\Windows\System32\DriverStore\FileRepository\iigd_dch.inf_amd64_f63934308f6cc308\igdgmm32.dll
Image Base: 0x6b500000  Image Size: 0x00336000
File Size:  3485600     File Time:  2024-03-05_090606
Version:
   Company:    Intel Corporation
   Product:    Intel HD Graphics Drivers for Windows(R)
   FileDesc:   User Mode Driver for Intel(R) Graphics Technology
   FileVer:    31.0.101.5333
   ProdVer:    31.0.101.5333

Module 23
C:\WINDOWS\system32\uxtheme.dll
Image Base: 0x6c1d0000  Image Size: 0x00083000
File Size:  518656      File Time:  2025-05-14_073530
Version:
   Company:    Microsoft Corporation
   Product:    Microsoft® Windows® Operating System
   FileDesc:   Microsoft UxTheme Library
   FileVer:    10.0.26100.3912
   ProdVer:    10.0.26100.3912

Module 24
C:\WINDOWS\System32\MMDevApi.dll
Image Base: 0x6c300000  Image Size: 0x0007f000
File Size:  506272      File Time:  2025-05-14_073524
Version:
   Company:    Microsoft Corporation
   Product:    Microsoft® Windows® Operating System
   FileDesc:   MMDevice API
   FileVer:    10.0.26100.3912
   ProdVer:    10.0.26100.3912

Module 25
C:\WINDOWS\SYSTEM32\IPHLPAPI.DLL
Image Base: 0x6c390000  Image Size: 0x00027000
File Size:  147848      File Time:  2025-05-14_073528
Version:
   Company:    Microsoft Corporation
   Product:    Microsoft® Windows® Operating System
   FileDesc:   IP Helper API
   FileVer:    10.0.26100.3912
   ProdVer:    10.0.26100.3912

Module 26
C:\WINDOWS\SYSTEM32\DNSAPI.dll
Image Base: 0x6cc60000  Image Size: 0x000dc000
File Size:  899304      File Time:  2025-05-14_073522
Version:
   Company:    Microsoft Corporation
   Product:    Microsoft® Windows® Operating System
   FileDesc:   DNS Client API DLL
   FileVer:    10.0.26100.3912
   ProdVer:    10.0.26100.3912

Module 27
C:\WINDOWS\SYSTEM32\textinputframework.dll
Image Base: 0x6d620000  Image Size: 0x00107000
File Size:  1073384     File Time:  2025-05-14_073528
Version:
   Company:    Microsoft Corporation
   Product:    Microsoft® Windows® Operating System
   FileDesc:   "TextInputFramework.DYNLINK"
   FileVer:    10.0.26100.3912
   ProdVer:    10.0.26100.3912

Module 28
C:\WINDOWS\SYSTEM32\directxdatabasehelper.dll
Image Base: 0x6e820000  Image Size: 0x0004e000
File Size:  312024      File Time:  2025-05-14_073518
Version:
   Company:    Microsoft Corporation
   Product:    Microsoft® Windows® Operating System
   FileDesc:   DirectXDatabaseHelper
   FileVer:    10.0.26100.3912
   ProdVer:    10.0.26100.3912

Module 29
C:\WINDOWS\SYSTEM32\dxcore.dll
Image Base: 0x6e880000  Image Size: 0x00039000
File Size:  219096      File Time:  2025-04-09_105008
Version:
   Company:    Microsoft Corporation
   Product:    Microsoft® Windows® Operating System
   FileDesc:   DXCore
   FileVer:    10.0.26100.3624
   ProdVer:    10.0.26100.3624

Module 30
C:\WINDOWS\SYSTEM32\dhcpcsvc6.DLL
Image Base: 0x6fc80000  Image Size: 0x00018000
File Size:  87992       File Time:  2025-05-14_073520
Version:
   Company:    Microsoft Corporation
   Product:    Microsoft® Windows® Operating System
   FileDesc:   DHCPv6 Client
   FileVer:    10.0.26100.4061
   ProdVer:    10.0.26100.4061

Module 31
C:\WINDOWS\SYSTEM32\apphelp.dll
Image Base: 0x6fca0000  Image Size: 0x000ad000
File Size:  704592      File Time:  2025-05-14_073518
Version:
   Company:    Microsoft Corporation
   Product:    Microsoft® Windows® Operating System
   FileDesc:   Application Compatibility Client Library
   FileVer:    10.0.26100.3912
   ProdVer:    10.0.26100.3912

Module 32
C:\WINDOWS\SYSTEM32\devobj.dll
Image Base: 0x6fd50000  Image Size: 0x00024000
File Size:  143032      File Time:  2024-04-01_142236
Version:
   Company:    Microsoft Corporation
   Product:    Microsoft® Windows® Operating System
   FileDesc:   Device Information Set DLL
   FileVer:    10.0.26100.1
   ProdVer:    10.0.26100.1

Module 33
C:\WINDOWS\SYSTEM32\dwmapi.dll
Image Base: 0x6fe10000  Image Size: 0x0002b000
File Size:  156576      File Time:  2025-04-09_105014
Version:
   Company:    Microsoft Corporation
   Product:    Microsoft® Windows® Operating System
   FileDesc:   Microsoft Desktop Window Manager API
   FileVer:    10.0.26100.3775
   ProdVer:    10.0.26100.3775

Module 34
C:\WINDOWS\SYSTEM32\dbghelp.dll
Image Base: 0x703b0000  Image Size: 0x001e0000
File Size:  1851808     File Time:  2025-02-12_081126
Version:
   Company:    Microsoft Corporation
   Product:    Microsoft® Windows® Operating System
   FileDesc:   Windows Image Helper
   FileVer:    10.0.26100.3037
   ProdVer:    10.0.26100.3037

Module 35
C:\WINDOWS\SYSTEM32\msacm32.drv
Image Base: 0x72130000  Image Size: 0x0000b000
File Size:  28160       File Time:  2024-12-13_150208
Version:
   Company:    Microsoft Corporation
   Product:    Microsoft® Windows® Operating System
   FileDesc:   Microsoft Sound Mapper
   FileVer:    10.0.26100.1882
   ProdVer:    10.0.26100.1882

Module 36
C:\WINDOWS\SYSTEM32\winmmbase.dll
Image Base: 0x72140000  Image Size: 0x0001f000
File Size:  118768      File Time:  2024-04-01_142214
Version:
   Company:    Microsoft Corporation
   Product:    Microsoft® Windows® Operating System
   FileDesc:   Base Multimedia Extension API DLL
   FileVer:    10.0.26100.1
   ProdVer:    10.0.26100.1

Module 37
C:\WINDOWS\SYSTEM32\HID.DLL
Image Base: 0x72ca0000  Image Size: 0x0000b000
File Size:  27648       File Time:  2024-04-01_142216
Version:
   Company:    Microsoft Corporation
   Product:    Microsoft® Windows® Operating System
   FileDesc:   Hid User Library
   FileVer:    10.0.26100.1
   ProdVer:    10.0.26100.1

Module 38
C:\Windows\System32\rasadhlp.dll
Image Base: 0x72eb0000  Image Size: 0x00008000
File Size:  13312       File Time:  2024-04-01_142236
Version:
   Company:    Microsoft Corporation
   Product:    Microsoft® Windows® Operating System
   FileDesc:   Remote Access AutoDial Helper
   FileVer:    10.0.26100.1
   ProdVer:    10.0.26100.1

Module 39
C:\WINDOWS\SYSTEM32\dhcpcsvc.DLL
Image Base: 0x72ec0000  Image Size: 0x0001d000
File Size:  103352      File Time:  2025-05-14_073520
Version:
   Company:    Microsoft Corporation
   Product:    Microsoft® Windows® Operating System
   FileDesc:   DHCP Client Service
   FileVer:    10.0.26100.4061
   ProdVer:    10.0.26100.4061

Module 40
C:\ProgramData\Microsoft\Windows Defender\Platform\4.18.25040.2-0\X86\MpOav.dll
Image Base: 0x73040000  Image Size: 0x00086000
File Size:  544616      File Time:  2025-05-22_204052
Version:
   Company:    Microsoft Corporation
   Product:    Microsoft® Windows® Operating System
   FileDesc:   IOfficeAntiVirus Module
   FileVer:    4.18.25040.2
   ProdVer:    4.18.25040.2

Module 41
C:\WINDOWS\SYSTEM32\amsi.dll
Image Base: 0x730d0000  Image Size: 0x00015000
File Size:  72192       File Time:  2024-04-01_142214
Version:
   Company:    Microsoft Corporation
   Product:    Microsoft® Windows® Operating System
   FileDesc:   Anti-Malware Scan Interface
   FileVer:    10.0.26100.1
   ProdVer:    10.0.26100.1

Module 42
C:\WINDOWS\system32\wbem\fastprox.dll
Image Base: 0x730f0000  Image Size: 0x000cc000
File Size:  814080      File Time:  2025-04-09_105028
Version:
   Company:    Microsoft Corporation
   Product:    Microsoft® Windows® Operating System
   FileDesc:   WMI Custom Marshaller
   FileVer:    10.0.26100.3624
   ProdVer:    10.0.26100.3624

Module 43
C:\WINDOWS\system32\wbem\wbemsvc.dll
Image Base: 0x731c0000  Image Size: 0x00011000
File Size:  49664       File Time:  2024-12-13_150214
Version:
   Company:    Microsoft Corporation
   Product:    Microsoft® Windows® Operating System
   FileDesc:   WMI
   FileVer:    10.0.26100.1000
   ProdVer:    10.0.26100.1000

Module 44
C:\WINDOWS\SYSTEM32\wbemcomn.dll
Image Base: 0x731e0000  Image Size: 0x00068000
File Size:  399360      File Time:  2024-04-01_142216
Version:
   Company:    Microsoft Corporation
   Product:    Microsoft® Windows® Operating System
   FileDesc:   WMI
   FileVer:    10.0.26100.1
   ProdVer:    10.0.26100.1

Module 45
C:\WINDOWS\system32\wbem\wbemprox.dll
Image Base: 0x73250000  Image Size: 0x0000e000
File Size:  38400       File Time:  2024-12-13_150212
Version:
   Company:    Microsoft Corporation
   Product:    Microsoft® Windows® Operating System
   FileDesc:   WMI
   FileVer:    10.0.26100.1000
   ProdVer:    10.0.26100.1000

Module 46
C:\WINDOWS\SYSTEM32\VERSION.dll
Image Base: 0x73270000  Image Size: 0x00008000
File Size:  28976       File Time:  2024-04-01_142216
Version:
   Company:    Microsoft Corporation
   Product:    Microsoft® Windows® Operating System
   FileDesc:   Version Checking and File Installation Libraries
   FileVer:    10.0.26100.1
   ProdVer:    10.0.26100.1

Module 47
C:\WINDOWS\SYSTEM32\wldp.dll
Image Base: 0x734b0000  Image Size: 0x00050000
File Size:  326000      File Time:  2025-05-14_073520
Version:
   Company:    Microsoft Corporation
   Product:    Microsoft® Windows® Operating System
   FileDesc:   Windows Lockdown Policy
   FileVer:    10.0.26100.3912
   ProdVer:    10.0.26100.3912

Module 48
C:\WINDOWS\SYSTEM32\SspiCli.dll
Image Base: 0x73530000  Image Size: 0x0002b000
File Size:  166952      File Time:  2025-04-09_105020
Version:
   Company:    Microsoft Corporation
   Product:    Microsoft® Windows® Operating System
   FileDesc:   Security Support Provider Interface
   FileVer:    10.0.26100.3775
   ProdVer:    10.0.26100.3775

Module 49
C:\WINDOWS\SYSTEM32\MSWSOCK.dll
Image Base: 0x73ae0000  Image Size: 0x00053000
File Size:  326600      File Time:  2025-05-14_073530
Version:
   Company:    Microsoft Corporation
   Product:    Microsoft® Windows® Operating System
   FileDesc:   Microsoft Windows Sockets 2.0 Service Provider
   FileVer:    10.0.26100.4061
   ProdVer:    10.0.26100.4061

Module 50
C:\WINDOWS\SYSTEM32\cfgmgr32.dll
Image Base: 0x73f00000  Image Size: 0x00043000
File Size:  268648      File Time:  2025-05-14_073518
Version:
   Company:    Microsoft Corporation
   Product:    Microsoft® Windows® Operating System
   FileDesc:   Configuration Manager DLL
   FileVer:    10.0.26100.3912
   ProdVer:    10.0.26100.3912

Module 51
C:\WINDOWS\SYSTEM32\cryptnet.dll
Image Base: 0x73ff0000  Image Size: 0x0002b000
File Size:  170008      File Time:  2025-04-09_105014
Version:
   Company:    Microsoft Corporation
   Product:    Microsoft® Windows® Operating System
   FileDesc:   Crypto Network Related API
   FileVer:    10.0.26100.3624
   ProdVer:    10.0.26100.3624

Module 52
C:\WINDOWS\SYSTEM32\profapi.dll
Image Base: 0x74020000  Image Size: 0x00022000
File Size:  131272      File Time:  2025-05-14_073526
Version:
   Company:    Microsoft Corporation
   Product:    Microsoft® Windows® Operating System
   FileDesc:   User Profile Basic API
   FileVer:    10.0.26100.3912
   ProdVer:    10.0.26100.3912

Module 53
C:\WINDOWS\SYSTEM32\windows.storage.dll
Image Base: 0x74150000  Image Size: 0x006d2000
File Size:  7187688     File Time:  2025-05-14_073526
Version:
   Company:    Microsoft Corporation
   Product:    Microsoft® Windows® Operating System
   FileDesc:   Microsoft WinRT Storage API
   FileVer:    10.0.26100.4061
   ProdVer:    10.0.26100.4061

Module 54
C:\WINDOWS\SYSTEM32\kernel.appcore.dll
Image Base: 0x74830000  Image Size: 0x00014000
File Size:  71904       File Time:  2025-05-14_073522
Version:
   Company:    Microsoft Corporation
   Product:    Microsoft® Windows® Operating System
   FileDesc:   AppModel API Host
   FileVer:    10.0.26100.3912
   ProdVer:    10.0.26100.3912

Module 55
C:\WINDOWS\SYSTEM32\cryptbase.dll
Image Base: 0x74850000  Image Size: 0x0000b000
File Size:  33224       File Time:  2025-05-14_073520
Version:
   Company:    Microsoft Corporation
   Product:    Microsoft® Windows® Operating System
   FileDesc:   Base cryptographic API DLL
   FileVer:    10.0.26100.4061
   ProdVer:    10.0.26100.4061

Module 56
C:\WINDOWS\system32\rsaenh.dll
Image Base: 0x74860000  Image Size: 0x00033000
File Size:  203096      File Time:  2025-05-14_073526
Version:
   Company:    Microsoft Corporation
   Product:    Microsoft® Windows® Operating System
   FileDesc:   Microsoft Enhanced Cryptographic Provider
   FileVer:    10.0.26100.3912
   ProdVer:    10.0.26100.3912

Module 57
C:\WINDOWS\SYSTEM32\CRYPTSP.dll
Image Base: 0x748a0000  Image Size: 0x00015000
File Size:  80184       File Time:  2025-05-14_073520
Version:
   Company:    Microsoft Corporation
   Product:    Microsoft® Windows® Operating System
   FileDesc:   Cryptographic Service Provider API
   FileVer:    10.0.26100.4061
   ProdVer:    10.0.26100.4061

Module 58
C:\WINDOWS\SYSTEM32\ntmarta.dll
Image Base: 0x748c0000  Image Size: 0x00029000
File Size:  156080      File Time:  2024-04-01_142216
Version:
   Company:    Microsoft Corporation
   Product:    Microsoft® Windows® Operating System
   FileDesc:   Windows NT MARTA provider
   FileVer:    10.0.26100.1
   ProdVer:    10.0.26100.1

Module 59
C:\WINDOWS\SYSTEM32\msasn1.dll
Image Base: 0x748f0000  Image Size: 0x0000e000
File Size:  52280       File Time:  2025-05-14_073524
Version:
   Company:    Microsoft Corporation
   Product:    Microsoft® Windows® Operating System
   FileDesc:   ASN.1 Runtime APIs
   FileVer:    10.0.26100.4061
   ProdVer:    10.0.26100.4061

Module 60
C:\WINDOWS\SYSTEM32\UMPDC.dll
Image Base: 0x74910000  Image Size: 0x0000e000
File Size:  51608       File Time:  2024-12-13_150156
Version:
   Company:    Microsoft Corporation
   Product:    Microsoft® Windows® Operating System
   FileDesc:   User Mode Power Dependency Coordinator
   FileVer:    10.0.26100.1301
   ProdVer:    10.0.26100.1301

Module 61
C:\WINDOWS\SYSTEM32\WINMM.dll
Image Base: 0x74980000  Image Size: 0x00033000
File Size:  196376      File Time:  2025-04-09_105012
Version:
   Company:    Microsoft Corporation
   Product:    Microsoft® Windows® Operating System
   FileDesc:   MCI API DLL
   FileVer:    10.0.26100.3624
   ProdVer:    10.0.26100.3624

Module 62
C:\WINDOWS\SYSTEM32\USERENV.dll
Image Base: 0x749c0000  Image Size: 0x0001f000
File Size:  121440      File Time:  2024-12-13_150158
Version:
   Company:    Microsoft Corporation
   Product:    Microsoft® Windows® Operating System
   FileDesc:   Userenv
   FileVer:    10.0.26100.2454
   ProdVer:    10.0.26100.2454

Module 63
C:\WINDOWS\SYSTEM32\powrprof.dll
Image Base: 0x74a20000  Image Size: 0x00055000
File Size:  342544      File Time:  2025-05-14_073530
Version:
   Company:    Microsoft Corporation
   Product:    Microsoft® Windows® Operating System
   FileDesc:   Power Profile Helper DLL
   FileVer:    10.0.26100.3912
   ProdVer:    10.0.26100.3912

Module 64
C:\WINDOWS\SYSTEM32\bcrypt.dll
Image Base: 0x74ad0000  Image Size: 0x0001a000
File Size:  102352      File Time:  2025-05-14_073518
Version:
   Company:    Microsoft Corporation
   Product:    Microsoft® Windows® Operating System
   FileDesc:   Windows Cryptographic Primitives Library
   FileVer:    10.0.26100.4061
   ProdVer:    10.0.26100.4061

Module 65
C:\WINDOWS\SYSTEM32\WINHTTP.dll
Image Base: 0x74af0000  Image Size: 0x000db000
File Size:  895176      File Time:  2025-05-14_073530
Version:
   Company:    Microsoft Corporation
   Product:    Microsoft® Windows® Operating System
   FileDesc:   Windows HTTP Services
   FileVer:    10.0.26100.3912
   ProdVer:    10.0.26100.3912

Module 66
C:\WINDOWS\System32\NSI.dll
Image Base: 0x74f10000  Image Size: 0x00007000
File Size:  21808       File Time:  2025-05-14_073530
Version:
   Company:    Microsoft Corporation
   Product:    Microsoft® Windows® Operating System
   FileDesc:   NSI User-mode interface DLL
   FileVer:    10.0.26100.4061
   ProdVer:    10.0.26100.4061

Module 67
C:\WINDOWS\System32\ucrtbase.dll
Image Base: 0x74f20000  Image Size: 0x00110000
File Size:  1114192     File Time:  2025-05-14_073528
Version:
   Company:    Microsoft Corporation
   Product:    Microsoft® Windows® Operating System
   FileDesc:   Microsoft® C Runtime Library
   FileVer:    10.0.26100.4061
   ProdVer:    10.0.26100.4061

Module 68
C:\WINDOWS\System32\USER32.dll
Image Base: 0x75040000  Image Size: 0x001cb000
File Size:  1870808     File Time:  2025-05-14_073530
Version:
   Company:    Microsoft Corporation
   Product:    Microsoft® Windows® Operating System
   FileDesc:   Multi-User Windows USER API Client DLL
   FileVer:    10.0.26100.4061
   ProdVer:    10.0.26100.4061

Module 69
C:\WINDOWS\System32\RPCRT4.dll
Image Base: 0x75210000  Image Size: 0x000b9000
File Size:  758320      File Time:  2025-05-14_073526
Version:
   Company:    Microsoft Corporation
   Product:    Microsoft® Windows® Operating System
   FileDesc:   Remote Procedure Call Runtime
   FileVer:    10.0.26100.4061
   ProdVer:    10.0.26100.4061

Module 70
C:\WINDOWS\System32\win32u.dll
Image Base: 0x75330000  Image Size: 0x0001a000
File Size:  105960      File Time:  2025-05-14_073530
Version:
   Company:    Microsoft Corporation
   Product:    Microsoft® Windows® Operating System
   FileDesc:   Win32u
   FileVer:    10.0.26100.4061
   ProdVer:    10.0.26100.4061

Module 71
C:\WINDOWS\System32\MSCTF.dll
Image Base: 0x75350000  Image Size: 0x0011a000
File Size:  1153400     File Time:  2025-05-14_073528
Version:
   Company:    Microsoft Corporation
   Product:    Microsoft® Windows® Operating System
   FileDesc:   MSCTF Server DLL
   FileVer:    10.0.26100.4061
   ProdVer:    10.0.26100.4061

Module 72
C:\WINDOWS\System32\combase.dll
Image Base: 0x75470000  Image Size: 0x00286000
File Size:  2658488     File Time:  2025-05-14_073520
Version:
   Company:    Microsoft Corporation
   Product:    Microsoft® Windows® Operating System
   FileDesc:   Microsoft COM for Windows
   FileVer:    10.0.26100.3912
   ProdVer:    10.0.26100.3912

Module 73
C:\WINDOWS\System32\sechost.dll
Image Base: 0x75710000  Image Size: 0x00083000
File Size:  529504      File Time:  2025-05-14_073526
Version:
   Company:    Microsoft Corporation
   Product:    Microsoft® Windows® Operating System
   FileDesc:   Host for SCM/SDDL/LSA Lookup APIs
   FileVer:    10.0.26100.4061
   ProdVer:    10.0.26100.4061

Module 74
C:\WINDOWS\System32\msvcrt.dll
Image Base: 0x757a0000  Image Size: 0x000c7000
File Size:  809448      File Time:  2025-05-14_073524
Version:
   Company:    Microsoft Corporation
   Product:    Microsoft® Windows® Operating System
   FileDesc:   Windows NT CRT DLL
   FileVer:    7.0.26100.4061
   ProdVer:    10.0.26100.4061

Module 75
C:\WINDOWS\System32\OLEAUT32.dll
Image Base: 0x75870000  Image Size: 0x000a4000
File Size:  664824      File Time:  2025-05-14_073524
Version:
   Company:    Microsoft Corporation
   Product:    Microsoft® Windows® Operating System
   FileDesc:   OLEAUT32.DLL
   FileVer:    10.0.26100.3912
   ProdVer:    10.0.26100.3912

Module 76
C:\WINDOWS\System32\wintrust.dll
Image Base: 0x75920000  Image Size: 0x00066000
File Size:  413280      File Time:  2025-05-14_073530
Version:
   Company:    Microsoft Corporation
   Product:    Microsoft® Windows® Operating System
   FileDesc:   Microsoft Trust Verification APIs
   FileVer:    10.0.26100.3912
   ProdVer:    10.0.26100.3912

Module 77
C:\WINDOWS\System32\gdi32full.dll
Image Base: 0x75990000  Image Size: 0x000ed000
File Size:  963856      File Time:  2025-05-14_073522
Version:
   Company:    Microsoft Corporation
   Product:    Microsoft® Windows® Operating System
   FileDesc:   GDI Client DLL
   FileVer:    10.0.26100.3912
   ProdVer:    10.0.26100.3912

Module 78
C:\WINDOWS\System32\GDI32.dll
Image Base: 0x75b20000  Image Size: 0x00023000
File Size:  136960      File Time:  2025-05-14_073522
Version:
   Company:    Microsoft Corporation
   Product:    Microsoft® Windows® Operating System
   FileDesc:   GDI Client DLL
   FileVer:    10.0.26100.3912
   ProdVer:    10.0.26100.3912

Module 79
C:\WINDOWS\System32\SETUPAPI.dll
Image Base: 0x75b50000  Image Size: 0x0044f000
File Size:  4552008     File Time:  2025-05-14_073526
Version:
   Company:    Microsoft Corporation
   Product:    Microsoft® Windows® Operating System
   FileDesc:   Windows Setup API
   FileVer:    10.0.26100.3912
   ProdVer:    10.0.26100.3912

Module 80
C:\WINDOWS\System32\msvcp_win.dll
Image Base: 0x75fb0000  Image Size: 0x00085000
File Size:  505768      File Time:  2025-05-14_073528
Version:
   Company:    Microsoft Corporation
   Product:    Microsoft® Windows® Operating System
   FileDesc:   Microsoft® C Runtime Library
   FileVer:    10.0.26100.4061
   ProdVer:    10.0.26100.4061

Module 81
C:\WINDOWS\System32\bcryptPrimitives.dll
Image Base: 0x76040000  Image Size: 0x00069000
File Size:  427272      File Time:  2025-05-14_073518
Version:
   Company:    Microsoft Corporation
   Product:    Microsoft® Windows® Operating System
   FileDesc:   Windows Cryptographic Primitives Library
   FileVer:    10.0.26100.4061
   ProdVer:    10.0.26100.4061

Module 82
C:\WINDOWS\System32\SHELL32.dll
Image Base: 0x760b0000  Image Size: 0x0060e000
File Size:  6380400     File Time:  2025-05-14_073528
Version:
   Company:    Microsoft Corporation
   Product:    Microsoft® Windows® Operating System
   FileDesc:   Windows Shell Common Dll
   FileVer:    10.0.26100.4061
   ProdVer:    10.0.26100.4061

Module 83
C:\WINDOWS\System32\wintypes.dll
Image Base: 0x766d0000  Image Size: 0x00102000
File Size:  1056320     File Time:  2025-05-14_073520
Version:
   Company:    Microsoft Corporation
   Product:    Microsoft® Windows® Operating System
   FileDesc:   Windows Base Types DLL
   FileVer:    10.0.26100.3912
   ProdVer:    10.0.26100.3912

Module 84
C:\WINDOWS\System32\shcore.dll
Image Base: 0x767e0000  Image Size: 0x000cb000
File Size:  822344      File Time:  2025-05-14_073526
Version:
   Company:    Microsoft Corporation
   Product:    Microsoft® Windows® Operating System
   FileDesc:   SHCORE
   FileVer:    10.0.26100.4061
   ProdVer:    10.0.26100.4061

Module 85
C:\WINDOWS\System32\KERNEL32.DLL
Image Base: 0x768b0000  Image Size: 0x000f0000
File Size:  683288      File Time:  2025-05-14_073522
Version:
   Company:    Microsoft Corporation
   Product:    Microsoft® Windows® Operating System
   FileDesc:   Windows NT BASE API Client DLL
   FileVer:    10.0.26100.3912
   ProdVer:    10.0.26100.3912

Module 86
C:\WINDOWS\System32\KERNELBASE.dll
Image Base: 0x76a70000  Image Size: 0x002ae000
File Size:  2817584     File Time:  2025-05-14_073524
Version:
   Company:    Microsoft Corporation
   Product:    Microsoft® Windows® Operating System
   FileDesc:   Windows NT BASE API Client DLL
   FileVer:    10.0.26100.4061
   ProdVer:    10.0.26100.4061

Module 87
C:\WINDOWS\System32\WS2_32.dll
Image Base: 0x76d30000  Image Size: 0x00060000
File Size:  392120      File Time:  2025-05-14_073530
Version:
   Company:    Microsoft Corporation
   Product:    Microsoft® Windows® Operating System
   FileDesc:   Windows Socket 2.0 32-Bit DLL
   FileVer:    10.0.26100.4061
   ProdVer:    10.0.26100.4061

Module 88
C:\WINDOWS\System32\PSAPI.DLL
Image Base: 0x76f20000  Image Size: 0x00006000
File Size:  18040       File Time:  2024-04-01_142214
Version:
   Company:    Microsoft Corporation
   Product:    Microsoft® Windows® Operating System
   FileDesc:   Process Status Helper
   FileVer:    10.0.26100.1
   ProdVer:    10.0.26100.1

Module 89
C:\WINDOWS\System32\ADVAPI32.dll
Image Base: 0x76fa0000  Image Size: 0x0007e000
File Size:  511392      File Time:  2025-04-09_105010
Version:
   Company:    Microsoft Corporation
   Product:    Microsoft® Windows® Operating System
   FileDesc:   Advanced Windows 32 Base API
   FileVer:    10.0.26100.3775
   ProdVer:    10.0.26100.3775

Module 90
C:\WINDOWS\System32\imagehlp.dll
Image Base: 0x770a0000  Image Size: 0x0001b000
File Size:  102728      File Time:  2024-04-01_142212
Version:
   Company:    Microsoft Corporation
   Product:    Microsoft® Windows® Operating System
   FileDesc:   Windows NT Image Helper
   FileVer:    10.0.26100.1
   ProdVer:    10.0.26100.1

Module 91
C:\WINDOWS\System32\SHLWAPI.dll
Image Base: 0x770c0000  Image Size: 0x00054000
File Size:  340448      File Time:  2025-05-14_073528
Version:
   Company:    Microsoft Corporation
   Product:    Microsoft® Windows® Operating System
   FileDesc:   Shell Light-weight Utility Library
   FileVer:    10.0.26100.3912
   ProdVer:    10.0.26100.3912

Module 92
C:\WINDOWS\System32\CRYPT32.dll
Image Base: 0x77120000  Image Size: 0x00107000
File Size:  1065624     File Time:  2025-04-09_105014
Version:
   Company:    Microsoft Corporation
   Product:    Microsoft® Windows® Operating System
   FileDesc:   Crypto API32
   FileVer:    10.0.26100.3775
   ProdVer:    10.0.26100.3775

Module 93
C:\WINDOWS\System32\IMM32.dll
Image Base: 0x77230000  Image Size: 0x00025000
File Size:  147768      File Time:  2025-05-14_073522
Version:
   Company:    Microsoft Corporation
   Product:    Microsoft® Windows® Operating System
   FileDesc:   Multi-User Windows IMM32 API Client DLL
   FileVer:    10.0.26100.3912
   ProdVer:    10.0.26100.3912

Module 94
C:\WINDOWS\System32\ole32.dll
Image Base: 0x77260000  Image Size: 0x00158000
File Size:  1413696     File Time:  2025-05-14_073520
Version:
   Company:    Microsoft Corporation
   Product:    Microsoft® Windows® Operating System
   FileDesc:   Microsoft OLE for Windows
   FileVer:    10.0.26100.3912
   ProdVer:    10.0.26100.3912

Module 95
C:\WINDOWS\System32\clbcatq.dll
Image Base: 0x773c0000  Image Size: 0x00081000
File Size:  519504      File Time:  2024-04-01_142214
Version:
   Company:    Microsoft Corporation
   Product:    Microsoft® Windows® Operating System
   FileDesc:   COM+ Configuration Catalog
   FileVer:    2001.12.10941.16384
   ProdVer:    10.0.26100.1

Module 96
C:\WINDOWS\SYSTEM32\ntdll.dll
Image Base: 0x77460000  Image Size: 0x001bb000
File Size:  1805328     File Time:  2025-05-14_073524
Version:
   Company:    Microsoft Corporation
   Product:    Microsoft® Windows® Operating System
   FileDesc:   NT Layer DLL
   FileVer:    10.0.26100.4061
   ProdVer:    10.0.26100.4061

Module 97
C:\WINDOWS\System32\DriverStore\FileRepository\nvam.inf_amd64_4ae7e10b45473e65\nvwgf2um.dll
Image Base: 0x78120000  Image Size: 0x0360f000
File Size:  56911144    File Time:  2024-12-02_085034
Version:
   Company:    NVIDIA Corporation
   Product:    NVIDIA D3D10 drivers
   FileDesc:   NVIDIA D3D10 Driver, Version 566.07 
   FileVer:    32.0.15.6607
   ProdVer:    32.0.15.6607


== [end of error.log] ==
