Unity Player [version: Unity 5.6.7f1_e80cc3114ac1]

Nro_244.exe caused an Access Violation (0xc0000005)
  in module Nro_244.exe at 0023:006490e4.

Error occurred at 2025-06-04_163256.
C:\Users\Cuong Le\Desktop\C# winform\QLTK-Nro Pro\QLTK Nro Pro\bin\Debug\net8.0-windows\Nro_244.exe, run by Cuong Le.
71% memory in use.
0 MB physical memory [0 MB free].
0 MB paging file [0 MB free].
0 MB user address space [3431 MB free].
Read from location 0000273b caused an access violation.

Context:
EDI:    0x00000002  ESI: 0x00002733  EAX:   0x06b5a040
EBX:    0x06a45cc0  ECX: 0x00002733  EDX:   0x06b5a040
EIP:    0x006490e4  EBP: 0x0c27fd48  SegCs: 0x00000023
EFlags: 0x00010283  ESP: 0x0c27ee74  SegSs: 0x0000002b

Bytes at CS:EIP:
8b 7e 08 8d 46 04 83 c9 ff f0 0f c1 08 75 14 8b 

Stack:
0x0c27ee74: 00000002 048c9b40 008bd371 00000002 ....@...q.......
0x0c27ee84: 048c9b40 043c7301 00000000 00000000 @....s<.........
0x0c27ee94: 00000000 00000000 00000000 00000000 ................
0x0c27eea4: 00000000 00000000 00000000 00000000 ................
0x0c27eeb4: 00000000 00000000 00000000 00000000 ................
0x0c27eec4: 00000000 00000000 00000000 00000000 ................
0x0c27eed4: 00000000 00000000 00000000 00000000 ................
0x0c27eee4: 00000000 00000000 00000000 00000000 ................
0x0c27eef4: 00000000 00000000 00000000 00000000 ................
0x0c27ef04: 00000000 00000000 00000000 00000000 ................
0x0c27ef14: 00000000 00000000 00000000 00000000 ................
0x0c27ef24: 00000000 00000000 00000000 00000000 ................
0x0c27ef34: 00000000 00000000 00000000 00000000 ................
0x0c27ef44: 00000000 00000000 00000000 00000000 ................
0x0c27ef54: 00000000 00000000 00000000 00000000 ................
0x0c27ef64: 00000000 00000000 00000000 00000000 ................
0x0c27ef74: 00000000 00000000 00000000 00000000 ................
0x0c27ef84: 01974000 00590068 0577d068 057a89e4 .@..h.Y.h.w...z.
0x0c27ef94: 057a89f4 0c27efd8 774a2722 000000eb ..z...'."'Jw....
0x0c27efa4: 00000020 023e01d0 00000000 023e0000  .....>.......>.
0x0c27efb4: 00000000 00000093 00000020 057a89d0 ........ .....z.
0x0c27efc4: 023e0000 00000000 00000000 25029bff ..>............%
0x0c27efd4: 0c27f0c0 0c27f044 005d0000 005d0000 ..'.D.'...]...].
0x0c27efe4: 005d0128 00000000 0c27efd0 0c27efd4 (.].......'...'.
0x0c27eff4: 0c27fd5c 774e2300 5e72d473 fffffffe \.'..#Nws.r^....
0x0c27f004: 0c27f030 774af390 014722c4 00000001 0.'...Jw."G.....
0x0c27f014: 00000000 00000000 00000007 00000007 ................
0x0c27f024: 00000008 00000008 07160d04 00000001 ................
0x0c27f034: 00000008 80000008 07160d24 00000001 ........$.......
0x0c27f044: 00000008 80000008 07160d44 00000001 ........D.......
0x0c27f054: 00000090 80000090 00000000 00000000 ................
0x0c27f064: 00000001 00e5bd01 005d0000 005d0128 ..........].(.].
0x0c27f074: 0c27f124 774ce9b9 2502870f 0c27f0a8 $.'...Lw...%..'.
0x0c27f084: 8cdb94f7 0c27fd5c 00e65750 fffffffe ....\.'.PW......
0x0c27f094: 0c27fd5c 00bb535f 00000001 0c27fd6c \.'._S......l.'.
0x0c27f0a4: 00000000 0c27fd5c 00e5be00 00e5be16 ....\.'.........
0x0c27f0b4: 0c27f0cc 00000000 00000000 00000000 ..'.............
0x0c27f0c4: 0c27f1d0 0c27f220 0c27f0f0 77511fc2 ..'. .'...'...Qw
0x0c27f0d4: 0c27f1d0 0c27fd5c 0c27f220 0c27f15c ..'.\.'. .'.\.'.
0x0c27f0e4: 0c27fd5c 77511fe0 0c27fd5c 0c27f1b8 \.'...Qw\.'...'.
0x0c27f0f4: 77511f94 0c27f1d0 0c27fd5c 0c27f220 ..Qw..'.\.'. .'.
0x0c27f104: 0c27f15c 00e5bd58 0c27f220 0c27f1d0 \.'.X... .'...'.
0x0c27f114: 00000000 774ce743 0c27f1d0 0c27fd5c ....C.Lw..'.\.'.
0x0c27f124: 0c27f220 0c27f15c 00e5bd58 00bb5d90  .'.\.'.X....]..
0x0c27f134: 043c73f0 0c27f1d0 00000000 00000004 .s<...'.........
0x0c27f144: 0c27fd5c 0000000d 00000000 0c27e000 \.'...........'.
0x0c27f154: 0c280000 00000000 00000000 00000000 ..(.............
0x0c27f164: 00000000 00000000 00000000 00000000 ................
0x0c27f174: 00000000 00000000 00000000 00000000 ................
0x0c27f184: 00000000 00000000 00000000 00000000 ................
0x0c27f194: 00000000 00000000 00000000 00000000 ................
0x0c27f1a4: 00000000 00000000 00000000 00000000 ................
0x0c27f1b4: 25029ac7 0c27fd20 774dbcff 0c27f1d0 ...% .'...Mw..'.
0x0c27f1c4: 0c27f220 0c27f1d0 0c27f220 406d1388  .'...'. .'...m@
0x0c27f1d4: 00000000 00000000 76bcdf24 00000004 ........$..v....
0x0c27f1e4: 00001000 014436e4 00005c24 00000000 .....6D.$\......
0x0c27f1f4: 00040013 00000000 0000000f 00000013 ................
0x0c27f204: 0c27fd14 00e5cb5c 00040013 043c7300 ..'.\........s<.
0x0c27f214: 00040000 fffffffe 00000000 0001007f ................
0x0c27f224: 00000000 00000000 00000000 00000000 ................
0x0c27f234: 00000000 00000000 0000027f 00000002 ................
0x0c27f244: 0000ffff 00bb4d90 00000000 00000000 .....M..........
0x0c27f254: 00000000 00000000 00000000 00000000 ................
0x0c27f264: 00000000 00000000 00000000 00000000 ................
0x0c27f274: 00000000 00000000 00000000 00000000 ................
0x0c27f284: 00000000 00000000 00000000 00000000 ................
0x0c27f294: 00000000 00000000 00000000 1cd5a800 ................
0x0c27f2a4: 3bf5bf02 00000000 0c27002b 774b0053 ...;....+.'.S.Kw
0x0c27f2b4: 0000002b 0670002b 00bb5d90 043c73f0 +...+.p..]...s<.
0x0c27f2c4: 043c73f0 00000000 00000004 0c27fcc8 .s<...........'.
0x0c27f2d4: 0c27fd20 76bcdf24 041b0023 00000212  .'.$..v#.......
0x0c27f2e4: 0c27fcc8 0000002b 0002027f 00000000 ..'.+...........
0x0c27f2f4: 00bb4d90 00000000 00000000 00000000 .M..............
0x0c27f304: 00001f80 0000ffff 00000000 00000000 ................
0x0c27f314: 00000000 00000000 00000000 00000000 ................
0x0c27f324: 00000000 00000000 00000000 00000000 ................
0x0c27f334: 00000000 00000000 00000000 00000000 ................
0x0c27f344: 00000000 00000000 00000000 00000000 ................
0x0c27f354: 00000000 00000000 00000000 00000000 ................
0x0c27f364: 00000000 00000000 00000000 00000000 ................
0x0c27f374: 00000000 00000000 a8000000 bf021cd5 ................
0x0c27f384: 00003bf5 00000000 00000000 00000000 .;..............
0x0c27f394: 00000000 00000000 00000000 00000000 ................
0x0c27f3a4: 00000000 00000000 00000000 00000000 ................
0x0c27f3b4: 00000000 00000000 00000000 00000000 ................
0x0c27f3c4: 00000000 00000000 00000000 00000000 ................
0x0c27f3d4: 00000000 00000000 00000000 00000000 ................
0x0c27f3e4: 00000000 00000000 00000000 00000000 ................
0x0c27f3f4: 00000000 00000000 00000000 00000000 ................
0x0c27f404: 00000000 00000000 00000000 00000000 ................
0x0c27f414: 00000000 00000000 00000000 00000000 ................
0x0c27f424: 00000000 00000000 00000000 00000000 ................
0x0c27f434: 00000000 00000000 00000000 00000000 ................
0x0c27f444: 00000000 00000000 00000000 00000000 ................
0x0c27f454: 00000000 00000000 00000000 00000000 ................
0x0c27f464: 00000000 00000000 00000000 00000000 ................
0x0c27f474: 00000000 00000000 00000000 00000000 ................
0x0c27f484: 00000000 00000000 044229b0 00000018 .........)B.....
0x0c27f494: 00340032 004c002d 00720064 00650047 2.4.-.L.d.r.G.e.
0x0c27f4a4: 00440074 006c006c 0439f8f0 00000000 t.D.l.l...9.....
0x0c27f4b4: 00000000 00000000 00000000 00000000 ................
0x0c27f4c4: 00000000 00000000 0439ad50 00000001 ........P.9.....
0x0c27f4d4: 00000000 ffffffff 00000000 00000000 ................
0x0c27f4e4: 00000000 00000000 00000000 00000000 ................
0x0c27f4f4: 00000000 00000000 0716e614 0716e688 ................
0x0c27f504: 00000000 00000000 00000000 00000000 ................
0x0c27f514: 0444d610 0444d590 00000000 00000000 ..D...D.........
0x0c27f524: 00000000 00000000 04914b50 0491c360 ........PK..`...
0x0c27f534: 00000000 00000000 00000000 00000000 ................
0x0c27f544: 00000000 000000e4 80000000 0000000d ................
0x0c27f554: 0000000d 06a46e40 047a1060 047a10e0 ....@n..`.z...z.
0x0c27f564: 0000007c 00011881 00000000 00000000 |...............
0x0c27f574: 00000000 00002740 00000001 00000018 ....@'..........
0x0c27f584: 00000004 00000006 00000000 0791b1b0 ................
0x0c27f594: 097aec30 0000007d 00011881 00000000 0.z.}...........
0x0c27f5a4: 00000000 00000000 00000000 00000000 ................
0x0c27f5b4: 00000000 00000000 00000000 00000000 ................
0x0c27f5c4: 00003930 006059c4 006059d0 00000000 09...Y`..Y`.....
0x0c27f5d4: 00606a98 00000000 006065ec 00614648 .j`......e`.HFa.
0x0c27f5e4: 00607494 00000000 00000000 00000000 .t`.............
0x0c27f5f4: 00606e30 00000000 00606ba0 0046f1ec 0n`......k`...F.
0x0c27f604: 00614674 000294bc 00000000 000294ac tFa.............
0x0c27f614: 00606040 00000000 00000000 00000000 @``.............
0x0c27f624: 00606dac 0046f1bc 0061474c 00000ad0 .m`...F.LGa.....
0x0c27f634: 00000000 00000000 00004d18 00000000 .........M......
0x0c27f644: 00614670 00000000 00606ed4 00000000 pFa......n`.....
0x0c27f654: 006070b8 00000000 00000000 00000000 .p`.............
0x0c27f664: 00000000 00000000 00606d9c 00000000 .........m`.....
0x0c27f674: 006060e0 00605bf0 00053394 00000000 .``..[`..3......
0x0c27f684: 000533a4 00000000 0005338c 00000000 .3.......3......
0x0c27f694: 000fe698 000294a0 000fe69c 00000000 ................
0x0c27f6a4: 000fe690 00000000 000294f0 00606b2c ............,k`.
0x0c27f6b4: 00029508 00000000 000294e8 000bc484 ................
0x0c27f6c4: 0046f1fc 0073b594 0046f200 00000000 ..F...s...F.....
0x0c27f6d4: 0046f1f4 00000000 00000000 00000000 ..F.............
0x0c27f6e4: 00000000 00000000 00000000 00000000 ................
0x0c27f6f4: 00000000 00000000 00000000 00000000 ................
0x0c27f704: 00061864 00000000 00061868 00028cc0 d.......h.......
0x0c27f714: 0006185c 00606da0 00061858 00606e20 \....m`.X... n`.
0x0c27f724: 006059f0 00000000 006059f4 00000000 .Y`......Y`.....
0x0c27f734: 006059ec 00000000 006059e8 00028ce8 .Y`......Y`.....
0x0c27f744: 00000000 00606e48 00000000 00005660 ....Hn`.....`V..
0x0c27f754: 00000000 00004d20 00000000 00614668 .... M......hFa.
0x0c27f764: 00000000 00614680 00000000 006070fc .....Fa......p`.
0x0c27f774: 00000000 006074d8 00000000 006070b0 .....t`......p`.
0x0c27f784: 00000000 00000000 00000000 00000000 ................
0x0c27f794: 00000000 00000000 00000000 00607490 .............t`.
0x0c27f7a4: 00000000 00000000 00000000 00606ca8 .............l`.
0x0c27f7b4: 00000000 00000000 00000000 006145d0 .............Ea.
0x0c27f7c4: 00000000 00000000 00000000 00053378 ............x3..
0x0c27f7d4: 00000000 00000000 00000000 00000000 ................
0x0c27f7e4: 00000000 00000000 00000000 00000000 ................
0x0c27f7f4: 00000000 00000000 0060597c 00614750 ........|Y`.PGa.
0x0c27f804: 00605980 006069fc 0060590c 000294a8 .Y`..i`..Y`.....
0x0c27f814: 00605910 00000000 006146a8 000620d8 .Y`......Fa.. ..
0x0c27f824: 006146a8 000294b4 00614688 000620e0 .Fa......Fa.. ..
0x0c27f834: 006146a8 00606f2c 006146ac 00606b34 .Fa.,o`..Fa.4k`.
0x0c27f844: 006146cc 00606604 00000000 00000000 .Fa..f`.........
0x0c27f854: 00000000 000008f0 00000000 000009a0 ................
0x0c27f864: 006057b8 00000854 006057d8 00000000 .W`.T....W`.....
0x0c27f874: 006057b0 00000000 0060579c 00000000 .W`......W`.....
0x0c27f884: 00000000 00000000 00000000 00000000 ................
0x0c27f894: 00000000 00000000 00000000 00000000 ................
0x0c27f8a4: 001348a0 00000000 001348a4 00000000 .H.......H......
0x0c27f8b4: 000fe684 00000000 000fe688 00000000 ................
0x0c27f8c4: 000fe680 00000000 000fe67c 00000000 ........|.......
0x0c27f8d4: 00000000 00000000 00000000 00000000 ................
0x0c27f8e4: 00000000 00000000 00000000 00000000 ................
0x0c27f8f4: 00000000 006060f8 00000000 00028ce0 .....``.........
0x0c27f904: 00000000 00000000 00000000 00606da8 .............m`.
0x0c27f914: 00000000 00000000 00000000 00606e2c ............,n`.
0x0c27f924: 00000000 00606dbc 00000000 00000000 .....m`.........
0x0c27f934: 00000000 00606e3c 00000000 00000000 ....<n`.........
0x0c27f944: 00000000 00000000 00000000 006065d0 .............e`.
0x0c27f954: 00000000 00028ce4 00000000 00000000 ................
0x0c27f964: 00000000 00606e44 00000000 00606b9c ....Dn`......k`.
0x0c27f974: 00000000 0000565c 00000000 00004d14 ....\V.......M..
0x0c27f984: 00000000 00004d1c 00000000 0000392c .....M......,9..
0x0c27f994: 00000000 00614664 00000000 0061466c ....dFa.....lFa.
0x0c27f9a4: 00000000 0061467c 00000000 00614684 ....|Fa......Fa.
0x0c27f9b4: 00000000 00614678 00000000 00607100 ....xFa......q`.
0x0c27f9c4: 00000000 00606f14 00000000 00607518 .....o`......u`.
0x0c27f9d4: 00000000 006074d4 00000000 006070b4 .....t`......p`.
0x0c27f9e4: 00000000 006070f8 00000000 00000000 .....p`.........
0x0c27f9f4: 00000000 00000000 00000000 00000000 ................
0x0c27fa04: 00000000 00000000 00000000 00606a94 .............j`.
0x0c27fa14: 00000000 00607480 00000000 00000000 .....t`.........
0x0c27fa24: 00000000 00000000 00000000 00000000 ................
0x0c27fa34: 00000000 00606064 00000000 00606cac ....d``......l`.
0x0c27fa44: 00000000 00000000 00000000 00000000 ................
0x0c27fa54: 00000000 006145a0 00000000 00614644 .....Ea.....DFa.
0x0c27fa64: 00000000 00614660 00000000 00000000 ....`Fa.........
0x0c27fa74: 00000000 00605bf4 00000000 00053384 .....[`......3..
0x0c27fa84: 00000000 00000000 00000000 00000000 ................
0x0c27fa94: 00000000 00000000 00000000 00000000 ................
0x0c27faa4: 00000000 00000000 00000000 00000000 ................
0x0c27fab4: 00000000 00000000 00000000 00000000 ................
0x0c27fac4: 00000000 00000000 00000000 00000000 ................
0x0c27fad4: 00000000 00000000 00000000 00614754 ............TGa.
0x0c27fae4: 00000000 0046f1f0 00000000 00606a00 ......F......j`.
0x0c27faf4: 00000000 000294a4 00000000 000294b8 ................
0x0c27fb04: 00000000 000294c0 00000000 00000000 ................
0x0c27fb14: 00000000 00000000 00000000 000620dc ............. ..
0x0c27fb24: 00000000 000294b0 00000000 00000000 ................
0x0c27fb34: 00000000 00000000 00000000 000620e4 ............. ..
0x0c27fb44: 00000000 00000000 00000000 00606f78 ............xo`.
0x0c27fb54: 00000000 00606b30 00000000 00000000 ....0k`.........
0x0c27fb64: 00000000 006065fc 00000000 00000000 .....e`.........
0x0c27fb74: 00000000 00000000 00000000 0046f194 ..............F.
0x0c27fb84: 00000000 000008d0 00000000 000bc460 ............`...
0x0c27fb94: 00000000 00000980 00000000 00000ab0 ................
0x0c27fba4: 00000000 00000830 00000000 0073b590 ....0.........s.
0x0c27fbb4: 00000000 00000000 00000000 00000000 ................
0x0c27fbc4: 00000000 00000000 00000000 00000000 ................
0x0c27fbd4: 00000000 00000000 00000000 000294bc ................
0x0c27fbe4: 00000000 000294b0 00000000 00000000 ................
0x0c27fbf4: 00000000 00053394 00000000 000fe698 .....3..........
0x0c27fc04: 00606b30 000294f0 00000000 0046f1fc 0k`...........F.
0x0c27fc14: 00614680 00000000 00000000 00061864 .Fa.........d...
0x0c27fc24: 00000000 0006185c 00000000 006059f0 ....\........Y`.
0x0c27fc34: 00000000 006059ec 00000000 00000000 .....Y`.........
0x0c27fc44: 00000000 00000000 006070b8 006057b8 .........p`..W`.
0x0c27fc54: 00614648 006057b0 00000000 000fe684 HFa..W`.........
0x0c27fc64: 00000000 000fe680 00000000 00000000 ................
0x0c27fc74: 00000000 00000000 00000000 00000000 ................
0x0c27fc84: 00000000 00000000 00000000 00000000 ................
0x0c27fc94: 00000000 00000000 00000000 00000000 ................
0x0c27fca4: 00000000 00000000 00000000 00000000 ................
0x0c27fcb4: 006070b4 00000000 00000000 76bcdf24 .p`.........$..v
0x0c27fcc4: 00606cac 406d1388 00000000 00000000 .l`...m@........
0x0c27fcd4: 76bcdf24 00000004 00001000 014436e4 $..v.........6D.
0x0c27fce4: 00005c24 00000000 000294a4 00000000 $\..............
0x0c27fcf4: 0000000f 00000013 0c27fd14 00e5cb5c ..........'.\...
0x0c27fd04: 00040013 00001416 00000002 00005fd0 ............._..
0x0c27fd14: 00000042 00000046 00000005 00000007 B...F...........
0x0c27fd24: 00000003 00000000 00000000 04430970 ............p.C.
0x0c27fd34: 0439ae01 00000009 01450ae4 048c9b40 ..9.......E.@...
0x0c27fd44: 00614750 0c27fd68 008c27be 06a45cc0 PGa.h.'..'...\..
0x0c27fd54: 00bb5d90 048c9b40 043c73f0 008ace07 .]..@....s<.....
0x0c27fd64: 043c73f0 0c27fd84 00bb5dc6 048c9b40 .s<...'..]..@...
0x0c27fd74: 00005c24 014436e4 00bb5d90 00bb5d90 $\...6D..]...]..
0x0c27fd84: 0c27fd94 768c5d49 043c73f0 768c5d30 ..'.I].v.s<.0].v
0x0c27fd94: 0c27fdec 774cd03b 043c73f0 25029617 ..'.;.Lw.s<....%
0x0c27fda4: 00000000 00000000 043c73f0 c0000005 .........s<.....
0x0c27fdb4: 76cb6e30 bda877c0 77c0bda8 00000000 0n.v.w.....w....
0x0c27fdc4: 00000000 0c27e23c cb6319f0 00000000 ....<.'...c.....
0x0c27fdd4: 0c27fda0 0c27e23c 0c27fdf4 774e2300 ..'.<.'...'..#Nw
0x0c27fde4: 5e72ad4b 00000000 0c27fdfc 774ccfc1 K.r^......'...Lw
0x0c27fdf4: ffffffff 77512132 00000000 00000000 ....2!Qw........
0x0c27fe04: 00bb5d90 043c73f0 00000000 00000000 .]...s<.........
0x0c27fe14: 00000000 00000000 00000000 00000000 ................
0x0c27fe24: 00000000 00000000 00000000 00000000 ................
0x0c27fe34: 00000000 00000000 00000000 00000000 ................
0x0c27fe44: 00000000 00000000 00000000 00000000 ................
0x0c27fe54: 00000000 00000000 00000000 00000000 ................
0x0c27fe64: 00000000 00000000 00000000 00000000 ................
0x0c27fe74: 00000000 00000000 00000000 00000000 ................
0x0c27fe84: 00000000 00000000 00000000 00000000 ................
0x0c27fe94: 00000000 00000000 00000000 00000000 ................
0x0c27fea4: 00000000 00000000 00000000 00000000 ................
0x0c27feb4: 00000000 00000000 00000000 00000000 ................
0x0c27fec4: 00000000 00000000 00000000 00000000 ................
0x0c27fed4: 00000000 00000000 00000000 00000000 ................
0x0c27fee4: 00000000 00000000 00000000 00000000 ................
0x0c27fef4: 00000000 00000000 00000000 00000000 ................
0x0c27ff04: 00000000 00000000 00000000 00000000 ................
0x0c27ff14: 00000000 00000000 00000000 00000000 ................
0x0c27ff24: 00000000 00000000 00000000 00000000 ................
0x0c27ff34: 00000000 00000000 00000000 00000000 ................
0x0c27ff44: 00000000 00000000 00000000 00000000 ................
0x0c27ff54: 00000000 00000000 00000000 00000000 ................
0x0c27ff64: 00000000 00000000 00000000 00000000 ................
0x0c27ff74: 00000000 00000000 00000000 00000000 ................
0x0c27ff84: 00000000 00000000 00000000 00000000 ................
0x0c27ff94: 00000000 00000000 00000000 00000000 ................
0x0c27ffa4: 00000000 00000000 00000000 00000000 ................
0x0c27ffb4: 00000000 00000000 00000000 00000000 ................
0x0c27ffc4: 00000000 00000000 00000000 00000000 ................
0x0c27ffd4: 00000000 00000000 00000000 00000000 ................
0x0c27ffe4: 00000000 00000000 00000000 00000000 ................
0x0c27fff4: 00000000 00000000 00000000          ............

Module 1
C:\WINDOWS\SYSTEM32\xinput1_3.dll
Image Base: 0x00400000  Image Size: 0x00016000
File Size:  81768       File Time:  2007-04-04_185342
Version:
   Company:    Microsoft Corporation
   Product:    Microsoft® DirectX for Windows®
   FileDesc:   Microsoft Common Controller API
   FileVer:    9.18.944.0
   ProdVer:    9.18.944.0

Module 2
C:\Users\Cuong Le\Desktop\C# winform\QLTK-Nro Pro\QLTK Nro Pro\bin\Debug\net8.0-windows\Nro_244.exe
Image Base: 0x005d0000  Image Size: 0x01228000
File Size:  18198528    File Time:  2025-05-31_095316
Version:
   Company:    
   Product:    
   FileDesc:   
   FileVer:    5.6.7.3267
   ProdVer:    5.6.7.3267

Module 3
C:\Users\Cuong Le\Desktop\C# winform\QLTK-Nro Pro\QLTK Nro Pro\bin\Debug\net8.0-windows\Nro_244_Data\Mono\mono.dll
Image Base: 0x10000000  Image Size: 0x00231000
File Size:  2117064     File Time:  2025-05-31_095316
Version:
   Company:    Unity Technologies
   Product:    libmono
   FileDesc:   Unity Technologies fork of mono runtime
   FileVer:    1.0.0.1
   ProdVer:    1.0.0.1

Module 4
C:\WINDOWS\System32\DriverStore\FileRepository\nvam.inf_amd64_4ae7e10b45473e65\nvgpucomp32.dll
Image Base: 0x50c20000  Image Size: 0x024a7000
File Size:  38663464    File Time:  2024-12-02_085000
Version:
   Company:    NVIDIA Corporation
   Product:    NVIDIA GPU Compiler Driver
   FileDesc:   NVIDIA GPU Compiler Driver, Version 566.07 
   FileVer:    32.0.15.6607
   ProdVer:    32.0.15.6607

Module 5
C:\WINDOWS\SYSTEM32\MSACM32.dll
Image Base: 0x53ee0000  Image Size: 0x0001a000
File Size:  97704       File Time:  2024-12-13_150154
Version:
   Company:    Microsoft Corporation
   Product:    Microsoft® Windows® Operating System
   FileDesc:   Microsoft ACM Audio Filter
   FileVer:    10.0.26100.1882
   ProdVer:    10.0.26100.1882

Module 6
C:\WINDOWS\SYSTEM32\wdmaud.drv
Image Base: 0x53f00000  Image Size: 0x0003d000
File Size:  223232      File Time:  2024-12-13_150154
Version:
   Company:    Microsoft Corporation
   Product:    Microsoft® Windows® Operating System
   FileDesc:   Winmm  audio system driver
   FileVer:    10.0.26100.1882
   ProdVer:    10.0.26100.1882

Module 7
C:\WINDOWS\SYSTEM32\winmmbase.dll
Image Base: 0x53f40000  Image Size: 0x0001f000
File Size:  118768      File Time:  2024-04-01_142214
Version:
   Company:    Microsoft Corporation
   Product:    Microsoft® Windows® Operating System
   FileDesc:   Base Multimedia Extension API DLL
   FileVer:    10.0.26100.1
   ProdVer:    10.0.26100.1

Module 8
C:\WINDOWS\System32\DriverStore\FileRepository\nvam.inf_amd64_4ae7e10b45473e65\nvppe.dll
Image Base: 0x53f70000  Image Size: 0x000df000
File Size:  932136      File Time:  2024-12-02_085028
Version:
   Company:    NVIDIA Corporation
   Product:    NVIDIA driver loader
   FileDesc:   NVIDIA Driver, Version 566.07 
   FileVer:    32.0.15.6607
   ProdVer:    32.0.15.6607

Module 9
C:\WINDOWS\SYSTEM32\drvstore.dll
Image Base: 0x54050000  Image Size: 0x00129000
File Size:  1214880     File Time:  2025-05-14_073522
Version:
   Company:    Microsoft Corporation
   Product:    Microsoft® Windows® Operating System
   FileDesc:   Driver Store API
   FileVer:    10.0.26100.3912
   ProdVer:    10.0.26100.3912

Module 10
C:\WINDOWS\System32\DriverStore\FileRepository\nvam.inf_amd64_4ae7e10b45473e65\nvldumd.dll
Image Base: 0x54180000  Image Size: 0x0009d000
File Size:  653760      File Time:  2024-12-02_085024
Version:
   Company:    NVIDIA Corporation
   Product:    NVIDIA driver loader
   FileDesc:   NVIDIA Driver Loader, Version 566.07 
   FileVer:    32.0.15.6607
   ProdVer:    32.0.15.6607

Module 11
C:\WINDOWS\SYSTEM32\AUDIOSES.DLL
Image Base: 0x56f60000  Image Size: 0x00175000
File Size:  1522792     File Time:  2025-05-14_073518
Version:
   Company:    Microsoft Corporation
   Product:    Microsoft® Windows® Operating System
   FileDesc:   Audio Session
   FileVer:    10.0.26100.3912
   ProdVer:    10.0.26100.3912

Module 12
C:\WINDOWS\SYSTEM32\GLU32.dll
Image Base: 0x58a40000  Image Size: 0x00042000
File Size:  254976      File Time:  2024-04-01_142236
Version:
   Company:    Microsoft Corporation
   Product:    Microsoft® Windows® Operating System
   FileDesc:   OpenGL Utility Library DLL
   FileVer:    10.0.26100.1
   ProdVer:    10.0.26100.1

Module 13
C:\WINDOWS\SYSTEM32\OPENGL32.dll
Image Base: 0x58a90000  Image Size: 0x000e3000
File Size:  797696      File Time:  2025-04-09_105022
Version:
   Company:    Microsoft Corporation
   Product:    Microsoft® Windows® Operating System
   FileDesc:   OpenGL Client DLL
   FileVer:    10.0.26100.3624
   ProdVer:    10.0.26100.3624

Module 14
C:\WINDOWS\SYSTEM32\midimap.dll
Image Base: 0x58b80000  Image Size: 0x00008000
File Size:  21504       File Time:  2024-12-13_150154
Version:
   Company:    Microsoft Corporation
   Product:    Microsoft® Windows® Operating System
   FileDesc:   Microsoft MIDI Mapper
   FileVer:    10.0.26100.1882
   ProdVer:    10.0.26100.1882

Module 15
C:\WINDOWS\SYSTEM32\resourcepolicyclient.dll
Image Base: 0x58bf0000  Image Size: 0x00010000
File Size:  57920       File Time:  2024-04-01_142216
Version:
   Company:    Microsoft Corporation
   Product:    Microsoft® Windows® Operating System
   FileDesc:   Resource Policy Client
   FileVer:    10.0.26100.1
   ProdVer:    10.0.26100.1

Module 16
C:\WINDOWS\SYSTEM32\msacm32.drv
Image Base: 0x58cb0000  Image Size: 0x0000b000
File Size:  28160       File Time:  2024-12-13_150208
Version:
   Company:    Microsoft Corporation
   Product:    Microsoft® Windows® Operating System
   FileDesc:   Microsoft Sound Mapper
   FileVer:    10.0.26100.1882
   ProdVer:    10.0.26100.1882

Module 17
C:\WINDOWS\System32\fwpuclnt.dll
Image Base: 0x592b0000  Image Size: 0x00061000
File Size:  379392      File Time:  2025-05-14_073524
Version:
   Company:    Microsoft Corporation
   Product:    Microsoft® Windows® Operating System
   FileDesc:   FWP/IPsec User-Mode API
   FileVer:    10.0.26100.3912
   ProdVer:    10.0.26100.3912

Module 18
C:\Windows\System32\DriverStore\FileRepository\iigd_dch.inf_amd64_f63934308f6cc308\igc32.dll
Image Base: 0x5e5b0000  Image Size: 0x038f3000
File Size:  61009192    File Time:  2024-03-05_090414
Version:
   Company:    Intel Corporation
   Product:    Intel HD Graphics Drivers for Windows(R)
   FileDesc:   Intel Graphics Shader Compiler for Intel(R) Graphics Accelerator
   FileVer:    31.0.101.5333
   ProdVer:    31.0.101.5333

Module 19
C:\Windows\System32\DriverStore\FileRepository\iigd_dch.inf_amd64_f63934308f6cc308\IntelControlLib32.dll
Image Base: 0x61eb0000  Image Size: 0x0007e000
File Size:  562384      File Time:  2024-03-05_090734
Version:
   Company:    
   Product:    Intel Graphics Control Lib Runtime for Windows(R)
   FileDesc:   Intel Graphics Control Lib Runtime
   FileVer:    1.0.184.0
   ProdVer:    1.0.0.0

Module 20
C:\Windows\System32\DriverStore\FileRepository\iigd_dch.inf_amd64_f63934308f6cc308\igd10um32xe.DLL
Image Base: 0x61f30000  Image Size: 0x016f7000
File Size:  24732360    File Time:  2024-03-05_090436
Version:
   Company:    Intel Corporation
   Product:    Intel HD Graphics Drivers for Windows(R)
   FileDesc:   User Mode Driver for Intel(R) Graphics Technology
   FileVer:    31.0.101.5333
   ProdVer:    31.0.101.5333

Module 21
C:\WINDOWS\SYSTEM32\apphelp.dll
Image Base: 0x63630000  Image Size: 0x000ad000
File Size:  704592      File Time:  2025-05-14_073518
Version:
   Company:    Microsoft Corporation
   Product:    Microsoft® Windows® Operating System
   FileDesc:   Application Compatibility Client Library
   FileVer:    10.0.26100.3912
   ProdVer:    10.0.26100.3912

Module 22
C:\Windows\System32\DriverStore\FileRepository\iigd_dch.inf_amd64_f63934308f6cc308\igd10iumd32.dll
Image Base: 0x636e0000  Image Size: 0x003df000
File Size:  4190848     File Time:  2024-03-05_090422
Version:
   Company:    Intel Corporation
   Product:    Intel HD Graphics Drivers for Windows(R)
   FileDesc:   User Mode Driver for Intel(R) Graphics Technology
   FileVer:    31.0.101.5333
   ProdVer:    31.0.101.5333

Module 23
C:\WINDOWS\SYSTEM32\d3d11.dll
Image Base: 0x63c80000  Image Size: 0x001f5000
File Size:  2053680     File Time:  2025-05-14_073522
Version:
   Company:    Microsoft Corporation
   Product:    Microsoft® Windows® Operating System
   FileDesc:   Direct3D 11 Runtime
   FileVer:    10.0.26100.3912
   ProdVer:    10.0.26100.3912

Module 24
C:\WINDOWS\SYSTEM32\dxgi.dll
Image Base: 0x64bf0000  Image Size: 0x000ff000
File Size:  1030552     File Time:  2025-05-14_073522
Version:
   Company:    Microsoft Corporation
   Product:    Microsoft® Windows® Operating System
   FileDesc:   DirectX Graphics Infrastructure
   FileVer:    10.0.26100.4061
   ProdVer:    10.0.26100.4061

Module 25
C:\WINDOWS\System32\MMDevApi.dll
Image Base: 0x64d00000  Image Size: 0x0007f000
File Size:  506272      File Time:  2025-05-14_073524
Version:
   Company:    Microsoft Corporation
   Product:    Microsoft® Windows® Operating System
   FileDesc:   MMDevice API
   FileVer:    10.0.26100.3912
   ProdVer:    10.0.26100.3912

Module 26
C:\WINDOWS\SYSTEM32\DNSAPI.dll
Image Base: 0x64f50000  Image Size: 0x000dc000
File Size:  899304      File Time:  2025-05-14_073522
Version:
   Company:    Microsoft Corporation
   Product:    Microsoft® Windows® Operating System
   FileDesc:   DNS Client API DLL
   FileVer:    10.0.26100.3912
   ProdVer:    10.0.26100.3912

Module 27
C:\WINDOWS\SYSTEM32\directxdatabasehelper.dll
Image Base: 0x66bf0000  Image Size: 0x0004e000
File Size:  312024      File Time:  2025-05-14_073518
Version:
   Company:    Microsoft Corporation
   Product:    Microsoft® Windows® Operating System
   FileDesc:   DirectXDatabaseHelper
   FileVer:    10.0.26100.3912
   ProdVer:    10.0.26100.3912

Module 28
C:\Windows\System32\DriverStore\FileRepository\iigd_dch.inf_amd64_f63934308f6cc308\igdgmm32.dll
Image Base: 0x66c50000  Image Size: 0x00336000
File Size:  3485600     File Time:  2024-03-05_090606
Version:
   Company:    Intel Corporation
   Product:    Intel HD Graphics Drivers for Windows(R)
   FileDesc:   User Mode Driver for Intel(R) Graphics Technology
   FileVer:    31.0.101.5333
   ProdVer:    31.0.101.5333

Module 29
C:\WINDOWS\SYSTEM32\dxcore.dll
Image Base: 0x69e20000  Image Size: 0x00039000
File Size:  219096      File Time:  2025-04-09_105008
Version:
   Company:    Microsoft Corporation
   Product:    Microsoft® Windows® Operating System
   FileDesc:   DXCore
   FileVer:    10.0.26100.3624
   ProdVer:    10.0.26100.3624

Module 30
C:\WINDOWS\SYSTEM32\dwmapi.dll
Image Base: 0x6e420000  Image Size: 0x0002b000
File Size:  156576      File Time:  2025-04-09_105014
Version:
   Company:    Microsoft Corporation
   Product:    Microsoft® Windows® Operating System
   FileDesc:   Microsoft Desktop Window Manager API
   FileVer:    10.0.26100.3775
   ProdVer:    10.0.26100.3775

Module 31
C:\WINDOWS\SYSTEM32\devobj.dll
Image Base: 0x6fd50000  Image Size: 0x00024000
File Size:  143032      File Time:  2024-04-01_142236
Version:
   Company:    Microsoft Corporation
   Product:    Microsoft® Windows® Operating System
   FileDesc:   Device Information Set DLL
   FileVer:    10.0.26100.1
   ProdVer:    10.0.26100.1

Module 32
C:\WINDOWS\SYSTEM32\textinputframework.dll
Image Base: 0x6fdc0000  Image Size: 0x00107000
File Size:  1073384     File Time:  2025-05-14_073528
Version:
   Company:    Microsoft Corporation
   Product:    Microsoft® Windows® Operating System
   FileDesc:   "TextInputFramework.DYNLINK"
   FileVer:    10.0.26100.3912
   ProdVer:    10.0.26100.3912

Module 33
C:\WINDOWS\system32\uxtheme.dll
Image Base: 0x705e0000  Image Size: 0x00083000
File Size:  518656      File Time:  2025-05-14_073530
Version:
   Company:    Microsoft Corporation
   Product:    Microsoft® Windows® Operating System
   FileDesc:   Microsoft UxTheme Library
   FileVer:    10.0.26100.3912
   ProdVer:    10.0.26100.3912

Module 34
C:\WINDOWS\SYSTEM32\dhcpcsvc6.DLL
Image Base: 0x70670000  Image Size: 0x00018000
File Size:  87992       File Time:  2025-05-14_073520
Version:
   Company:    Microsoft Corporation
   Product:    Microsoft® Windows® Operating System
   FileDesc:   DHCPv6 Client
   FileVer:    10.0.26100.4061
   ProdVer:    10.0.26100.4061

Module 35
C:\WINDOWS\SYSTEM32\dbghelp.dll
Image Base: 0x72a50000  Image Size: 0x001e0000
File Size:  1851808     File Time:  2025-02-12_081126
Version:
   Company:    Microsoft Corporation
   Product:    Microsoft® Windows® Operating System
   FileDesc:   Windows Image Helper
   FileVer:    10.0.26100.3037
   ProdVer:    10.0.26100.3037

Module 36
C:\WINDOWS\SYSTEM32\HID.DLL
Image Base: 0x72ca0000  Image Size: 0x0000b000
File Size:  27648       File Time:  2024-04-01_142216
Version:
   Company:    Microsoft Corporation
   Product:    Microsoft® Windows® Operating System
   FileDesc:   Hid User Library
   FileVer:    10.0.26100.1
   ProdVer:    10.0.26100.1

Module 37
C:\WINDOWS\SYSTEM32\IPHLPAPI.DLL
Image Base: 0x72eb0000  Image Size: 0x00027000
File Size:  147848      File Time:  2025-05-14_073528
Version:
   Company:    Microsoft Corporation
   Product:    Microsoft® Windows® Operating System
   FileDesc:   IP Helper API
   FileVer:    10.0.26100.3912
   ProdVer:    10.0.26100.3912

Module 38
C:\Windows\System32\rasadhlp.dll
Image Base: 0x72ee0000  Image Size: 0x00008000
File Size:  13312       File Time:  2024-04-01_142236
Version:
   Company:    Microsoft Corporation
   Product:    Microsoft® Windows® Operating System
   FileDesc:   Remote Access AutoDial Helper
   FileVer:    10.0.26100.1
   ProdVer:    10.0.26100.1

Module 39
C:\WINDOWS\SYSTEM32\dhcpcsvc.DLL
Image Base: 0x73000000  Image Size: 0x0001d000
File Size:  103352      File Time:  2025-05-14_073520
Version:
   Company:    Microsoft Corporation
   Product:    Microsoft® Windows® Operating System
   FileDesc:   DHCP Client Service
   FileVer:    10.0.26100.4061
   ProdVer:    10.0.26100.4061

Module 40
C:\ProgramData\Microsoft\Windows Defender\Platform\4.18.25040.2-0\X86\MpOav.dll
Image Base: 0x73040000  Image Size: 0x00086000
File Size:  544616      File Time:  2025-05-22_204052
Version:
   Company:    Microsoft Corporation
   Product:    Microsoft® Windows® Operating System
   FileDesc:   IOfficeAntiVirus Module
   FileVer:    4.18.25040.2
   ProdVer:    4.18.25040.2

Module 41
C:\WINDOWS\SYSTEM32\amsi.dll
Image Base: 0x730d0000  Image Size: 0x00015000
File Size:  72192       File Time:  2024-04-01_142214
Version:
   Company:    Microsoft Corporation
   Product:    Microsoft® Windows® Operating System
   FileDesc:   Anti-Malware Scan Interface
   FileVer:    10.0.26100.1
   ProdVer:    10.0.26100.1

Module 42
C:\WINDOWS\system32\wbem\fastprox.dll
Image Base: 0x730f0000  Image Size: 0x000cc000
File Size:  814080      File Time:  2025-04-09_105028
Version:
   Company:    Microsoft Corporation
   Product:    Microsoft® Windows® Operating System
   FileDesc:   WMI Custom Marshaller
   FileVer:    10.0.26100.3624
   ProdVer:    10.0.26100.3624

Module 43
C:\WINDOWS\system32\wbem\wbemsvc.dll
Image Base: 0x731c0000  Image Size: 0x00011000
File Size:  49664       File Time:  2024-12-13_150214
Version:
   Company:    Microsoft Corporation
   Product:    Microsoft® Windows® Operating System
   FileDesc:   WMI
   FileVer:    10.0.26100.1000
   ProdVer:    10.0.26100.1000

Module 44
C:\WINDOWS\SYSTEM32\wbemcomn.dll
Image Base: 0x731e0000  Image Size: 0x00068000
File Size:  399360      File Time:  2024-04-01_142216
Version:
   Company:    Microsoft Corporation
   Product:    Microsoft® Windows® Operating System
   FileDesc:   WMI
   FileVer:    10.0.26100.1
   ProdVer:    10.0.26100.1

Module 45
C:\WINDOWS\system32\wbem\wbemprox.dll
Image Base: 0x73250000  Image Size: 0x0000e000
File Size:  38400       File Time:  2024-12-13_150212
Version:
   Company:    Microsoft Corporation
   Product:    Microsoft® Windows® Operating System
   FileDesc:   WMI
   FileVer:    10.0.26100.1000
   ProdVer:    10.0.26100.1000

Module 46
C:\WINDOWS\SYSTEM32\VERSION.dll
Image Base: 0x73270000  Image Size: 0x00008000
File Size:  28976       File Time:  2024-04-01_142216
Version:
   Company:    Microsoft Corporation
   Product:    Microsoft® Windows® Operating System
   FileDesc:   Version Checking and File Installation Libraries
   FileVer:    10.0.26100.1
   ProdVer:    10.0.26100.1

Module 47
C:\WINDOWS\SYSTEM32\wldp.dll
Image Base: 0x734b0000  Image Size: 0x00050000
File Size:  326000      File Time:  2025-05-14_073520
Version:
   Company:    Microsoft Corporation
   Product:    Microsoft® Windows® Operating System
   FileDesc:   Windows Lockdown Policy
   FileVer:    10.0.26100.3912
   ProdVer:    10.0.26100.3912

Module 48
C:\WINDOWS\SYSTEM32\SspiCli.dll
Image Base: 0x73530000  Image Size: 0x0002b000
File Size:  166952      File Time:  2025-04-09_105020
Version:
   Company:    Microsoft Corporation
   Product:    Microsoft® Windows® Operating System
   FileDesc:   Security Support Provider Interface
   FileVer:    10.0.26100.3775
   ProdVer:    10.0.26100.3775

Module 49
C:\WINDOWS\SYSTEM32\MSWSOCK.dll
Image Base: 0x73ae0000  Image Size: 0x00053000
File Size:  326600      File Time:  2025-05-14_073530
Version:
   Company:    Microsoft Corporation
   Product:    Microsoft® Windows® Operating System
   FileDesc:   Microsoft Windows Sockets 2.0 Service Provider
   FileVer:    10.0.26100.4061
   ProdVer:    10.0.26100.4061

Module 50
C:\WINDOWS\SYSTEM32\cfgmgr32.dll
Image Base: 0x73f00000  Image Size: 0x00043000
File Size:  268648      File Time:  2025-05-14_073518
Version:
   Company:    Microsoft Corporation
   Product:    Microsoft® Windows® Operating System
   FileDesc:   Configuration Manager DLL
   FileVer:    10.0.26100.3912
   ProdVer:    10.0.26100.3912

Module 51
C:\WINDOWS\SYSTEM32\cryptnet.dll
Image Base: 0x73ff0000  Image Size: 0x0002b000
File Size:  170008      File Time:  2025-04-09_105014
Version:
   Company:    Microsoft Corporation
   Product:    Microsoft® Windows® Operating System
   FileDesc:   Crypto Network Related API
   FileVer:    10.0.26100.3624
   ProdVer:    10.0.26100.3624

Module 52
C:\WINDOWS\SYSTEM32\profapi.dll
Image Base: 0x74020000  Image Size: 0x00022000
File Size:  131272      File Time:  2025-05-14_073526
Version:
   Company:    Microsoft Corporation
   Product:    Microsoft® Windows® Operating System
   FileDesc:   User Profile Basic API
   FileVer:    10.0.26100.3912
   ProdVer:    10.0.26100.3912

Module 53
C:\WINDOWS\SYSTEM32\windows.storage.dll
Image Base: 0x74150000  Image Size: 0x006d2000
File Size:  7187688     File Time:  2025-05-14_073526
Version:
   Company:    Microsoft Corporation
   Product:    Microsoft® Windows® Operating System
   FileDesc:   Microsoft WinRT Storage API
   FileVer:    10.0.26100.4061
   ProdVer:    10.0.26100.4061

Module 54
C:\WINDOWS\SYSTEM32\kernel.appcore.dll
Image Base: 0x74830000  Image Size: 0x00014000
File Size:  71904       File Time:  2025-05-14_073522
Version:
   Company:    Microsoft Corporation
   Product:    Microsoft® Windows® Operating System
   FileDesc:   AppModel API Host
   FileVer:    10.0.26100.3912
   ProdVer:    10.0.26100.3912

Module 55
C:\WINDOWS\SYSTEM32\cryptbase.dll
Image Base: 0x74850000  Image Size: 0x0000b000
File Size:  33224       File Time:  2025-05-14_073520
Version:
   Company:    Microsoft Corporation
   Product:    Microsoft® Windows® Operating System
   FileDesc:   Base cryptographic API DLL
   FileVer:    10.0.26100.4061
   ProdVer:    10.0.26100.4061

Module 56
C:\WINDOWS\system32\rsaenh.dll
Image Base: 0x74860000  Image Size: 0x00033000
File Size:  203096      File Time:  2025-05-14_073526
Version:
   Company:    Microsoft Corporation
   Product:    Microsoft® Windows® Operating System
   FileDesc:   Microsoft Enhanced Cryptographic Provider
   FileVer:    10.0.26100.3912
   ProdVer:    10.0.26100.3912

Module 57
C:\WINDOWS\SYSTEM32\CRYPTSP.dll
Image Base: 0x748a0000  Image Size: 0x00015000
File Size:  80184       File Time:  2025-05-14_073520
Version:
   Company:    Microsoft Corporation
   Product:    Microsoft® Windows® Operating System
   FileDesc:   Cryptographic Service Provider API
   FileVer:    10.0.26100.4061
   ProdVer:    10.0.26100.4061

Module 58
C:\WINDOWS\SYSTEM32\ntmarta.dll
Image Base: 0x748c0000  Image Size: 0x00029000
File Size:  156080      File Time:  2024-04-01_142216
Version:
   Company:    Microsoft Corporation
   Product:    Microsoft® Windows® Operating System
   FileDesc:   Windows NT MARTA provider
   FileVer:    10.0.26100.1
   ProdVer:    10.0.26100.1

Module 59
C:\WINDOWS\SYSTEM32\msasn1.dll
Image Base: 0x748f0000  Image Size: 0x0000e000
File Size:  52280       File Time:  2025-05-14_073524
Version:
   Company:    Microsoft Corporation
   Product:    Microsoft® Windows® Operating System
   FileDesc:   ASN.1 Runtime APIs
   FileVer:    10.0.26100.4061
   ProdVer:    10.0.26100.4061

Module 60
C:\WINDOWS\SYSTEM32\UMPDC.dll
Image Base: 0x74910000  Image Size: 0x0000e000
File Size:  51608       File Time:  2024-12-13_150156
Version:
   Company:    Microsoft Corporation
   Product:    Microsoft® Windows® Operating System
   FileDesc:   User Mode Power Dependency Coordinator
   FileVer:    10.0.26100.1301
   ProdVer:    10.0.26100.1301

Module 61
C:\WINDOWS\SYSTEM32\WINMM.dll
Image Base: 0x74980000  Image Size: 0x00033000
File Size:  196376      File Time:  2025-04-09_105012
Version:
   Company:    Microsoft Corporation
   Product:    Microsoft® Windows® Operating System
   FileDesc:   MCI API DLL
   FileVer:    10.0.26100.3624
   ProdVer:    10.0.26100.3624

Module 62
C:\WINDOWS\SYSTEM32\USERENV.dll
Image Base: 0x749c0000  Image Size: 0x0001f000
File Size:  121440      File Time:  2024-12-13_150158
Version:
   Company:    Microsoft Corporation
   Product:    Microsoft® Windows® Operating System
   FileDesc:   Userenv
   FileVer:    10.0.26100.2454
   ProdVer:    10.0.26100.2454

Module 63
C:\WINDOWS\SYSTEM32\powrprof.dll
Image Base: 0x74a20000  Image Size: 0x00055000
File Size:  342544      File Time:  2025-05-14_073530
Version:
   Company:    Microsoft Corporation
   Product:    Microsoft® Windows® Operating System
   FileDesc:   Power Profile Helper DLL
   FileVer:    10.0.26100.3912
   ProdVer:    10.0.26100.3912

Module 64
C:\WINDOWS\SYSTEM32\bcrypt.dll
Image Base: 0x74ad0000  Image Size: 0x0001a000
File Size:  102352      File Time:  2025-05-14_073518
Version:
   Company:    Microsoft Corporation
   Product:    Microsoft® Windows® Operating System
   FileDesc:   Windows Cryptographic Primitives Library
   FileVer:    10.0.26100.4061
   ProdVer:    10.0.26100.4061

Module 65
C:\WINDOWS\SYSTEM32\WINHTTP.dll
Image Base: 0x74af0000  Image Size: 0x000db000
File Size:  895176      File Time:  2025-05-14_073530
Version:
   Company:    Microsoft Corporation
   Product:    Microsoft® Windows® Operating System
   FileDesc:   Windows HTTP Services
   FileVer:    10.0.26100.3912
   ProdVer:    10.0.26100.3912

Module 66
C:\WINDOWS\System32\NSI.dll
Image Base: 0x74f10000  Image Size: 0x00007000
File Size:  21808       File Time:  2025-05-14_073530
Version:
   Company:    Microsoft Corporation
   Product:    Microsoft® Windows® Operating System
   FileDesc:   NSI User-mode interface DLL
   FileVer:    10.0.26100.4061
   ProdVer:    10.0.26100.4061

Module 67
C:\WINDOWS\System32\ucrtbase.dll
Image Base: 0x74f20000  Image Size: 0x00110000
File Size:  1114192     File Time:  2025-05-14_073528
Version:
   Company:    Microsoft Corporation
   Product:    Microsoft® Windows® Operating System
   FileDesc:   Microsoft® C Runtime Library
   FileVer:    10.0.26100.4061
   ProdVer:    10.0.26100.4061

Module 68
C:\WINDOWS\System32\USER32.dll
Image Base: 0x75040000  Image Size: 0x001cb000
File Size:  1870808     File Time:  2025-05-14_073530
Version:
   Company:    Microsoft Corporation
   Product:    Microsoft® Windows® Operating System
   FileDesc:   Multi-User Windows USER API Client DLL
   FileVer:    10.0.26100.4061
   ProdVer:    10.0.26100.4061

Module 69
C:\WINDOWS\System32\RPCRT4.dll
Image Base: 0x75210000  Image Size: 0x000b9000
File Size:  758320      File Time:  2025-05-14_073526
Version:
   Company:    Microsoft Corporation
   Product:    Microsoft® Windows® Operating System
   FileDesc:   Remote Procedure Call Runtime
   FileVer:    10.0.26100.4061
   ProdVer:    10.0.26100.4061

Module 70
C:\WINDOWS\System32\win32u.dll
Image Base: 0x75330000  Image Size: 0x0001a000
File Size:  105960      File Time:  2025-05-14_073530
Version:
   Company:    Microsoft Corporation
   Product:    Microsoft® Windows® Operating System
   FileDesc:   Win32u
   FileVer:    10.0.26100.4061
   ProdVer:    10.0.26100.4061

Module 71
C:\WINDOWS\System32\MSCTF.dll
Image Base: 0x75350000  Image Size: 0x0011a000
File Size:  1153400     File Time:  2025-05-14_073528
Version:
   Company:    Microsoft Corporation
   Product:    Microsoft® Windows® Operating System
   FileDesc:   MSCTF Server DLL
   FileVer:    10.0.26100.4061
   ProdVer:    10.0.26100.4061

Module 72
C:\WINDOWS\System32\combase.dll
Image Base: 0x75470000  Image Size: 0x00286000
File Size:  2658488     File Time:  2025-05-14_073520
Version:
   Company:    Microsoft Corporation
   Product:    Microsoft® Windows® Operating System
   FileDesc:   Microsoft COM for Windows
   FileVer:    10.0.26100.3912
   ProdVer:    10.0.26100.3912

Module 73
C:\WINDOWS\System32\sechost.dll
Image Base: 0x75710000  Image Size: 0x00083000
File Size:  529504      File Time:  2025-05-14_073526
Version:
   Company:    Microsoft Corporation
   Product:    Microsoft® Windows® Operating System
   FileDesc:   Host for SCM/SDDL/LSA Lookup APIs
   FileVer:    10.0.26100.4061
   ProdVer:    10.0.26100.4061

Module 74
C:\WINDOWS\System32\msvcrt.dll
Image Base: 0x757a0000  Image Size: 0x000c7000
File Size:  809448      File Time:  2025-05-14_073524
Version:
   Company:    Microsoft Corporation
   Product:    Microsoft® Windows® Operating System
   FileDesc:   Windows NT CRT DLL
   FileVer:    7.0.26100.4061
   ProdVer:    10.0.26100.4061

Module 75
C:\WINDOWS\System32\OLEAUT32.dll
Image Base: 0x75870000  Image Size: 0x000a4000
File Size:  664824      File Time:  2025-05-14_073524
Version:
   Company:    Microsoft Corporation
   Product:    Microsoft® Windows® Operating System
   FileDesc:   OLEAUT32.DLL
   FileVer:    10.0.26100.3912
   ProdVer:    10.0.26100.3912

Module 76
C:\WINDOWS\System32\wintrust.dll
Image Base: 0x75920000  Image Size: 0x00066000
File Size:  413280      File Time:  2025-05-14_073530
Version:
   Company:    Microsoft Corporation
   Product:    Microsoft® Windows® Operating System
   FileDesc:   Microsoft Trust Verification APIs
   FileVer:    10.0.26100.3912
   ProdVer:    10.0.26100.3912

Module 77
C:\WINDOWS\System32\gdi32full.dll
Image Base: 0x75990000  Image Size: 0x000ed000
File Size:  963856      File Time:  2025-05-14_073522
Version:
   Company:    Microsoft Corporation
   Product:    Microsoft® Windows® Operating System
   FileDesc:   GDI Client DLL
   FileVer:    10.0.26100.3912
   ProdVer:    10.0.26100.3912

Module 78
C:\WINDOWS\System32\GDI32.dll
Image Base: 0x75b20000  Image Size: 0x00023000
File Size:  136960      File Time:  2025-05-14_073522
Version:
   Company:    Microsoft Corporation
   Product:    Microsoft® Windows® Operating System
   FileDesc:   GDI Client DLL
   FileVer:    10.0.26100.3912
   ProdVer:    10.0.26100.3912

Module 79
C:\WINDOWS\System32\SETUPAPI.dll
Image Base: 0x75b50000  Image Size: 0x0044f000
File Size:  4552008     File Time:  2025-05-14_073526
Version:
   Company:    Microsoft Corporation
   Product:    Microsoft® Windows® Operating System
   FileDesc:   Windows Setup API
   FileVer:    10.0.26100.3912
   ProdVer:    10.0.26100.3912

Module 80
C:\WINDOWS\System32\msvcp_win.dll
Image Base: 0x75fb0000  Image Size: 0x00085000
File Size:  505768      File Time:  2025-05-14_073528
Version:
   Company:    Microsoft Corporation
   Product:    Microsoft® Windows® Operating System
   FileDesc:   Microsoft® C Runtime Library
   FileVer:    10.0.26100.4061
   ProdVer:    10.0.26100.4061

Module 81
C:\WINDOWS\System32\bcryptPrimitives.dll
Image Base: 0x76040000  Image Size: 0x00069000
File Size:  427272      File Time:  2025-05-14_073518
Version:
   Company:    Microsoft Corporation
   Product:    Microsoft® Windows® Operating System
   FileDesc:   Windows Cryptographic Primitives Library
   FileVer:    10.0.26100.4061
   ProdVer:    10.0.26100.4061

Module 82
C:\WINDOWS\System32\SHELL32.dll
Image Base: 0x760b0000  Image Size: 0x0060e000
File Size:  6380400     File Time:  2025-05-14_073528
Version:
   Company:    Microsoft Corporation
   Product:    Microsoft® Windows® Operating System
   FileDesc:   Windows Shell Common Dll
   FileVer:    10.0.26100.4061
   ProdVer:    10.0.26100.4061

Module 83
C:\WINDOWS\System32\wintypes.dll
Image Base: 0x766d0000  Image Size: 0x00102000
File Size:  1056320     File Time:  2025-05-14_073520
Version:
   Company:    Microsoft Corporation
   Product:    Microsoft® Windows® Operating System
   FileDesc:   Windows Base Types DLL
   FileVer:    10.0.26100.3912
   ProdVer:    10.0.26100.3912

Module 84
C:\WINDOWS\System32\shcore.dll
Image Base: 0x767e0000  Image Size: 0x000cb000
File Size:  822344      File Time:  2025-05-14_073526
Version:
   Company:    Microsoft Corporation
   Product:    Microsoft® Windows® Operating System
   FileDesc:   SHCORE
   FileVer:    10.0.26100.4061
   ProdVer:    10.0.26100.4061

Module 85
C:\WINDOWS\System32\KERNEL32.DLL
Image Base: 0x768b0000  Image Size: 0x000f0000
File Size:  683288      File Time:  2025-05-14_073522
Version:
   Company:    Microsoft Corporation
   Product:    Microsoft® Windows® Operating System
   FileDesc:   Windows NT BASE API Client DLL
   FileVer:    10.0.26100.3912
   ProdVer:    10.0.26100.3912

Module 86
C:\WINDOWS\System32\KERNELBASE.dll
Image Base: 0x76a70000  Image Size: 0x002ae000
File Size:  2817584     File Time:  2025-05-14_073524
Version:
   Company:    Microsoft Corporation
   Product:    Microsoft® Windows® Operating System
   FileDesc:   Windows NT BASE API Client DLL
   FileVer:    10.0.26100.4061
   ProdVer:    10.0.26100.4061

Module 87
C:\WINDOWS\System32\WS2_32.dll
Image Base: 0x76d30000  Image Size: 0x00060000
File Size:  392120      File Time:  2025-05-14_073530
Version:
   Company:    Microsoft Corporation
   Product:    Microsoft® Windows® Operating System
   FileDesc:   Windows Socket 2.0 32-Bit DLL
   FileVer:    10.0.26100.4061
   ProdVer:    10.0.26100.4061

Module 88
C:\WINDOWS\System32\PSAPI.DLL
Image Base: 0x76f20000  Image Size: 0x00006000
File Size:  18040       File Time:  2024-04-01_142214
Version:
   Company:    Microsoft Corporation
   Product:    Microsoft® Windows® Operating System
   FileDesc:   Process Status Helper
   FileVer:    10.0.26100.1
   ProdVer:    10.0.26100.1

Module 89
C:\WINDOWS\System32\ADVAPI32.dll
Image Base: 0x76fa0000  Image Size: 0x0007e000
File Size:  511392      File Time:  2025-04-09_105010
Version:
   Company:    Microsoft Corporation
   Product:    Microsoft® Windows® Operating System
   FileDesc:   Advanced Windows 32 Base API
   FileVer:    10.0.26100.3775
   ProdVer:    10.0.26100.3775

Module 90
C:\WINDOWS\System32\imagehlp.dll
Image Base: 0x770a0000  Image Size: 0x0001b000
File Size:  102728      File Time:  2024-04-01_142212
Version:
   Company:    Microsoft Corporation
   Product:    Microsoft® Windows® Operating System
   FileDesc:   Windows NT Image Helper
   FileVer:    10.0.26100.1
   ProdVer:    10.0.26100.1

Module 91
C:\WINDOWS\System32\SHLWAPI.dll
Image Base: 0x770c0000  Image Size: 0x00054000
File Size:  340448      File Time:  2025-05-14_073528
Version:
   Company:    Microsoft Corporation
   Product:    Microsoft® Windows® Operating System
   FileDesc:   Shell Light-weight Utility Library
   FileVer:    10.0.26100.3912
   ProdVer:    10.0.26100.3912

Module 92
C:\WINDOWS\System32\CRYPT32.dll
Image Base: 0x77120000  Image Size: 0x00107000
File Size:  1065624     File Time:  2025-04-09_105014
Version:
   Company:    Microsoft Corporation
   Product:    Microsoft® Windows® Operating System
   FileDesc:   Crypto API32
   FileVer:    10.0.26100.3775
   ProdVer:    10.0.26100.3775

Module 93
C:\WINDOWS\System32\IMM32.dll
Image Base: 0x77230000  Image Size: 0x00025000
File Size:  147768      File Time:  2025-05-14_073522
Version:
   Company:    Microsoft Corporation
   Product:    Microsoft® Windows® Operating System
   FileDesc:   Multi-User Windows IMM32 API Client DLL
   FileVer:    10.0.26100.3912
   ProdVer:    10.0.26100.3912

Module 94
C:\WINDOWS\System32\ole32.dll
Image Base: 0x77260000  Image Size: 0x00158000
File Size:  1413696     File Time:  2025-05-14_073520
Version:
   Company:    Microsoft Corporation
   Product:    Microsoft® Windows® Operating System
   FileDesc:   Microsoft OLE for Windows
   FileVer:    10.0.26100.3912
   ProdVer:    10.0.26100.3912

Module 95
C:\WINDOWS\System32\clbcatq.dll
Image Base: 0x773c0000  Image Size: 0x00081000
File Size:  519504      File Time:  2024-04-01_142214
Version:
   Company:    Microsoft Corporation
   Product:    Microsoft® Windows® Operating System
   FileDesc:   COM+ Configuration Catalog
   FileVer:    2001.12.10941.16384
   ProdVer:    10.0.26100.1

Module 96
C:\WINDOWS\SYSTEM32\ntdll.dll
Image Base: 0x77460000  Image Size: 0x001bb000
File Size:  1805328     File Time:  2025-05-14_073524
Version:
   Company:    Microsoft Corporation
   Product:    Microsoft® Windows® Operating System
   FileDesc:   NT Layer DLL
   FileVer:    10.0.26100.4061
   ProdVer:    10.0.26100.4061

Module 97
C:\WINDOWS\System32\DriverStore\FileRepository\nvam.inf_amd64_4ae7e10b45473e65\nvwgf2um.dll
Image Base: 0x78120000  Image Size: 0x0360f000
File Size:  56911144    File Time:  2024-12-02_085034
Version:
   Company:    NVIDIA Corporation
   Product:    NVIDIA D3D10 drivers
   FileDesc:   NVIDIA D3D10 Driver, Version 566.07 
   FileVer:    32.0.15.6607
   ProdVer:    32.0.15.6607


== [end of error.log] ==
