Unity Player [version: Unity 5.6.7f1_e80cc3114ac1]

Nro_244.exe caused an Access Violation (0xc0000005)
  in module Nro_244.exe at 0023:012bc596.

Error occurred at 2025-05-28_205742.
C:\Users\Cuong Le\Desktop\C# winform\QLTK-Nro Pro\QLTK Nro Pro\bin\Debug\net8.0-windows\Nro_244.exe, run by Cuong Le.
84% memory in use.
0 MB physical memory [2419 MB free].
0 MB paging file [2774 MB free].
0 MB user address space [3468 MB free].
Write to location 0000001a caused an access violation.

Context:
EDI:    0x003d0c52  ESI: 0x00000000  EAX:   0x00000000
EBX:    0x00000006  ECX: 0x00000000  EDX:   0x00000000
EIP:    0x012bc596  EBP: 0x00dcdcfc  SegCs: 0x00000023
EFlags: 0x00210246  ESP: 0x00dcdcfc  SegSs: 0x0000002b

Bytes at CS:EIP:
88 41 1a 84 c0 75 09 8b 01 8b 50 2c 6a 00 ff d2 

Stack:
0x00dcdcfc: 00dcdd40 00fd3f39 00000000 00fd3c80 @...9?.......<..
0x00dcdd0c: 00000006 00dcde70 00000086 7749ac9c ....p.........Iw
0x00dcdd1c: 00000001 00fd3c80 7749abd4 02ed47b0 .....<....Iw.G..
0x00dcdd2c: 00000000 e48f6cd2 002e0590 00000018 .....l..........
0x00dcdd3c: 00dcdea8 00dcdd6c 75079007 002405ea ....l......u..$.
0x00dcdd4c: 00000006 00000000 003d0c52 00000006 ........R.=.....
0x00dcdd5c: dcbaabcd 00dcde70 00fd3c80 00000006 ....p....<......
0x00dcdd6c: 00dcde68 7506727d 00fd3c80 002405ea h...}r.u.<....$.
0x00dcdd7c: 00000006 00000000 003d0c52 e48f6fda ........R.=..o..
0x00dcdd8c: c0000388 40000000 00000024 00000001 .......@$.......
0x00dcdd9c: 00000000 00000000 00000030 ffffffff ........0.......
0x00dcddac: ffffffff 75066f69 00000000 75067387 ....io.u.....s.u
0x00dcddbc: 75067317 e48f6f12 c0000388 40000000 .s.u.o.........@
0x00dcddcc: 00000024 00000001 00000000 00000000 $...............
0x00dcdddc: 00000070 ffffffff ffffffff 75066f69 p...........io.u
0x00dcddec: 7506737f 80000012 00000000 00000000 .s.u............
0x00dcddfc: 00000000 00000001 00000000 00000000 ................
0x00dcde0c: 00000000 02531348 00000000 002e0590 ....H.S.........
0x00dcde1c: 00000000 00fd3c80 00000000 80000012 .....<..........
0x00dcde2c: 02531348 00000000 00000000 002405ea H.S...........$.
0x00dcde3c: 00000000 00000000 00000001 02531348 ............H.S.
0x00dcde4c: 00dcde70 915cd46a 00dcd0e4 00dcdec4 p...j.\.........
0x00dcde5c: 7507bc20 915cd46a 00000000 00dcded4  ..uj.\.........
0x00dcde6c: 75066d10 00000006 75066d10 00fd3c80 .m.u.....m.u.<..
0x00dcde7c: 00000000 00000006 00000000 003d0c52 ............R.=.
0x00dcde8c: 02206000 00000001 e48f6f66 00000000 .` .....fo......
0x00dcde9c: 77511630 003d0c52 75066d10 00000018 0.QwR.=..m.u....
0x00dcdeac: 75066d10 00000000 002405ea 00000000 .m.u......$.....
0x00dcdebc: 00dcde94 00dcd0e4 00dcdf20 7507bc20 ........ ... ..u
0x00dcdecc: 915cd40a fffffffe 00dcdf10 75073609 ..\..........6.u
0x00dcdedc: 02eb0870 00000000 00000006 00000000 p...............
0x00dcdeec: 003d0c52 00fd3c80 00dce678 00000001 R.=..<..x.......
0x00dcdefc: 00000000 00000000 00000000 00000000 ................
0x00dcdf0c: 00000000 00dcdf68 774dbcd6 00dcdf2c ....h.....Mw,...
0x00dcdf1c: 00000020 00dce038 774dbc20 00dcdf50  ...8... .MwP...
0x00dcdf2c: 02eb0870 00000000 00000006 00000000 p...............
0x00dcdf3c: 003d0c52 00fd3c80 77511630 00000000 R.=..<..0.Qw....
0x00dcdf4c: 753315fc 750cf966 003b0b10 750cf850 ..3uf..u..;.P..u
0x00dcdf5c: 6c1f51f0 00dce050 750cf850 00dcdf94 .Q.lP...P..u....
0x00dcdf6c: 75079007 003d0c52 00000110 003b0b10 ...uR.=.......;.
0x00dcdf7c: 00dce678 6c1f51f0 dcbaabcd 00dce050 x....Q.l....P...
0x00dcdf8c: 750cf850 6c1f51f0 00dce048 75065e3f P..u.Q.lH...?^.u
0x00dcdf9c: 750cf850 003d0c52 00000110 003b0b10 P..uR.=.......;.
0x00dcdfac: 00dce678 e48f51fa 00000110 02ee6c50 x....Q......Pl..
0x00dcdfbc: 00000024 00000001 00000000 00000000 $...............
0x00dcdfcc: 00000030 ffffffff ffffffff 75065c20 0........... \.u
0x00dcdfdc: 00000000 02531348 00000000 00dce058 ....H.S.....X...
0x00dcdfec: 80000012 00000000 00000001 00000000 ................
0x00dcdffc: 00000001 750cf850 00000000 50022080 ....P..u..... .P
0x00dce00c: 00000000 02531288 00000000 00000000 ......S.........
0x00dce01c: 750cf850 00000000 00000001 00dce030 P..u........0...
0x00dce02c: 00dce050 00000000 750677c7 00dce208 P........w.u....
0x00dce03c: 7507bc20 915cd4ca 00000000 00dce0cc  ..u..\.........
0x00dce04c: 75064db4 00dce224 75064db4 003d0c52 .M.u$....M.uR.=.
0x00dce05c: 00000110 003b0b10 00dce678 0e051fe8 ......;.x.......
0x00dce06c: 00dce094 75064bb0 02ee6c50 00610074 .....K.uPl..t.a.
0x00dce07c: 00690074 00000000 003b0b10 003d0c52 t.i.......;.R.=.
0x00dce08c: 00dce678 00dce0b0 00000000 002e0590 x...............
0x00dce09c: 00000087 75064bb0 003d0c52 00dce224 .....K.uR.=.$...
0x00dce0ac: 00000087 02206800 02206800 00dce0e0 .....h ..h .....
0x00dce0bc: e48f51ca 75064bb0 00000110 00dce224 .Q...K.u....$...
0x00dce0cc: 00dce0f0 75064c0e 02ee6c50 00000000 .....L.uPl......
0x00dce0dc: 00000110 003b0b10 00dce678 00000000 ......;.x.......
0x00dce0ec: 00000110 00dce11c 75079007 003d0c52 ...........uR.=.
0x00dce0fc: 00000110 003b0b10 00dce678 00000110 ......;.x.......
0x00dce10c: dcbaabcd 00dce224 75064bb0 00000110 ....$....K.u....
0x00dce11c: 00dce218 7506727d 75064bb0 003d0c52 ....}r.u.K.uR.=.
0x00dce12c: 00000110 003b0b10 00dce678 e48f53aa ......;.x....S..
0x00dce13c: 00000110 0255a410 00000024 00000001 ......U.$.......
0x00dce14c: 00000000 00000000 00000030 ffffffff ........0.......
0x00dce15c: ffffffff 75066f69 00000000 00000000 ....io.u........
0x00dce16c: 00000000 00000001 00000000 00000000 ................
0x00dce17c: 00000000 02531348 00000000 fffffffe ....H.S.........
0x00dce18c: 00000000 6c4853d0 00000000 75a5afe8 .....SHl.......u
0x00dce19c: 02531348 80000012 00000000 00000000 H.S.............
0x00dce1ac: 00000000 00000001 00000000 00000000 ................
0x00dce1bc: 00000000 025312d8 00000000 00dcea94 ......S.........
0x00dce1cc: 00000000 75064bb0 00000000 00dce248 .....K.u....H...
0x00dce1dc: 025312d8 00000000 00000000 003d0c52 ..S.........R.=.
0x00dce1ec: 00000000 00000000 00000001 00000000 ................
0x00dce1fc: 00dce224 02206000 750627f5 00dcea94 $....` ..'.u....
0x00dce20c: 7507bc20 915cd46a 00000000 00dce288  ..uj.\.........
0x00dce21c: 7506841c 00000110 00dce678 7506841c ...u....x......u
0x00dce22c: 59a41cf0 00007fff 00000110 003b0b10 ...Y..........;.
0x00dce23c: 00dce678 02206000 00000001 00000000 x....` .........
0x00dce24c: 02ee6c50 00000000 00000000 00006c50 Pl..........Pl..
0x00dce25c: 003b0b10 00000000 003d0c52 00000110 ..;.....R.=.....
0x00dce26c: 00007fff 59a41cf0 40000000 c0000388 .......Y...@....
0x00dce27c: 00000000 0000c01a 002e0590 00dce3fc ................
0x00dce28c: 7506e2dc 02ee6c50 00000000 00dce678 ...uPl......x...
0x00dce29c: 00000000 00000000 00000000 00dce32c ............,...
0x00dce2ac: 774e2300 c7560000 fffffffe 00dce308 .#Nw..V.........
0x00dce2bc: 774f3f98 00000000 774f3fa4 003d0c52 .?Ow.....?OwR.=.
0x00dce2cc: 02ee6c50 00000004 00000000 0000ffff Pl..............
0x00dce2dc: 00000012 0000004b 00000001 00000094 ....K...........
0x00dce2ec: 0000010c 04350850 00000001 04350a00 ....P.5.......5.
0x00dce2fc: 00000013 580a16e1 00000004 000001b7 .......X........
0x00dce30c: 00000096 00000000 00000000 00010101 ................
0x00dce31c: 80c801c5 019d0003 008600b9 02200047 ............G. .
0x00dce32c: 0005000a 11667c70 0e1deffc 00000000 ....p|f.........
0x00dce33c: 00000000 0000033a 000001b7 0000044c ....:.......L...
0x00dce34c: 00000283 00000078 00000008 00000000 ....x...........
0x00dce35c: 00000000 00000000 0e1defe8 021b0000 ................
0x00dce36c: 00000000 0e1df4f8 0000002b 0000004e ........+...N...
0x00dce37c: 75040000 40000a00 0e1df5b6 00000000 ...u...@........
0x00dce38c: 00000096 00000015 00000001 00000000 ................
0x00dce39c: 00000000 0000002e 00000030 0e1df586 ........0.......
0x00dce3ac: 00000000 00000000 d30a18cd 00000000 ................
0x00dce3bc: 021b0000 00000004 0e1df54a 00dce3ec ........J.......
0x00dce3cc: 750cfee3 0e1df54a 025313e4 00000004 ...uJ.....S.....
0x00dce3dc: 00dce678 00000021 00000078 00000032 x...!...x...2...
0x00dce3ec: e48f531a 750cf475 0000002e 0e1df586 .S..u..u........
0x00dce3fc: 00dce438 750b07ff 00000000 00000000 8......u........
0x00dce40c: 750cf850 00dce678 00000000 00000000 P..ux...........
0x00dce41c: 00010003 0e1df4f8 750d1437 0e1df4f8 ........7..u....
0x00dce42c: 75040000 00000000 e48f506e 00dce504 ...u....nP......
0x00dce43c: 750d1493 00000000 750cf850 00dce678 ...u....P..ux...
0x00dce44c: 00000000 00000000 00dce678 00000001 ........x.......
0x00dce45c: 75240959 00000198 00000112 00000010 Y.$u............
0x00dce46c: 00000000 00000000 00000337 000000cb ........7.......
0x00dce47c: 00000000 0e1df4f8 0e1df570 50022080 ........p.... .P
0x00dce48c: 00000013 00000000 00000028 00000040 ........(...@...
0x00dce49c: 00000331 119af44a 00000000 00007f01 1...J...........
0x00dce4ac: 0000001c 00000094 00000000 00000000 ................
0x00dce4bc: 00000000 00000000 00000780 000003fc ................
0x00dce4cc: 00000013 0000066e 00000000 00000068 ....n.......h...
0x00dce4dc: 00000014 00000000 00000000 00000780 ................
0x00dce4ec: 000003fc 00000000 00000000 00000005 ................
0x00dce4fc: 00000000 753320dc 00dce660 750d0222 ..... 3u`..."..u
0x00dce50c: 00dce678 119af448 00000000 11a521f0 x...H........!..
0x00dce51c: 00000000 00000000 00000000 025313e4 ..............S.
0x00dce52c: 75048b4c 00000001 00000001 00000001 L..u............
0x00dce53c: 00000000 00000038 00000000 025313e4 ....8.........S.
0x00dce54c: 00000001 00000000 00000000 00000000 ................
0x00dce55c: 00000000 00000000 0000000c 00000000 ................
0x00dce56c: 00000000 00000000 511de390 5124c5b0 ...........Q..$Q
0x00dce57c: 00dce930 00000000 00000000 0df32640 0...........@&..
0x00dce58c: 511a1240 00000000 00000000 00000000 @..Q............
0x00dce59c: 000011c0 00000002 00000000 00000000 ................
0x00dce5ac: 00000000 00000000 02208000 00ee0266 .......... .f...
0x00dce5bc: 0de42678 11a4f1e4 11a4f208 00dce608 x&..............
0x00dce5cc: 774a2722 000000f3 00000020 021b01d0 "'Jw.... .......
0x00dce5dc: 00000008 021b0000 00000000 00000050 ............P...
0x00dce5ec: 00000020 11a4f1d0 021b0000 00000000  ...............
0x00dce5fc: 11a521f0 774a247e 11a521f0 00000000 .!..~$Jw.!......
0x00dce60c: 00000028 00000024 00000008 02540000 (...$.........T.
0x00dce61c: 0df2f8a0 0df32640 021b07d0 00dce4a0 ....@&..........
0x00dce62c: 00000000 00000030 00dce63c 511ae102 ....0...<......Q
0x00dce63c: 00000000 00000048 511ae0f4 021b0000 ....H......Q....
0x00dce64c: 021b01d0 021b11d8 119af448 750d0bd0 ........H......u
0x00dce65c: e48f57d2 00dce6ec 750d0d27 119af448 .W......'..uH...
0x00dce66c: 11a521f0 00000000 00000006 00000028 .!..........(...
0x00dce67c: 00000000 00000000 119af448 11a521f0 ........H....!..
0x00dce68c: 00000010 00000000 00000000 00000000 ................
0x00dce69c: 00000000 00000000 00000000 00640000 ..............d.
0x00dce6ac: 00dce538 00dce548 00000001 00000000 8...H...........
0x00dce6bc: 00000001 ffffffff 00000000 00000000 ................
0x00dce6cc: 0000006a 00000112 000000b5 00130008 j...............
0x00dce6dc: 00000000 00000000 e48f57c6 00000024 .........W..$...
0x00dce6ec: 00dce720 750d0b5e 00000000 119af448  ...^..u....H...
0x00dce6fc: 11a521f0 00000010 00000000 ffffffff .!..............
0x00dce70c: 063efc74 101f971c 063ef000 11a521f0 t.>.......>..!..
0x00dce71c: 119af448 00dce740 750d0875 00000000 H...@...u..u....
0x00dce72c: 101bf76c 101bf3fc 00000010 00000000 l...............
0x00dce73c: ffffffff 00dce758 1010c3f7 00000000 ....X...........
0x00dce74c: 101bf76c 101bf3fc 00000010 00dcea50 l...........P...
0x00dce75c: 1010cd2c 101bf76c 042e2000 00000001 ,...l.... ......
0x00dce76c: 00000000 00dce794 00000844 00000003 ........D.......
0x00dce77c: 00000001 00010003 00000000 06d60488 ................
0x00dce78c: 774b0df7 b0dd78da 00dce8cc 774b0e4c ..Kw.x......L.Kw
0x00dce79c: 04260258 774b0df7 b0dd78ae 06d60488 X.&...Kw.x......
0x00dce7ac: 04260000 00000000 02000002 21082b02 ..&..........+.!
0x00dce7bc: 21082b02 0000077f 02000002 45010044 .+.!........D..E
0x00dce7cc: 21082b02 00000001 d10000d1 000007ff .+.!............
0x00dce7dc: b80000b8 06d61078 04260000 0000000e ....x.....&.....
0x00dce7ec: ffffd50e ffffd5b6 fffffffb 0426004c ............L.&.
0x00dce7fc: 000000e9 ffffd5e9 ffffffe7 04260294 ..............&.
0x00dce80c: 042654dc 04260530 04260000 00000033 .T&.0.&...&.3...
0x00dce81c: 0000034c 768ce970 00000001 00000000 L...p..v........
0x00dce82c: 00000000 00000001 063efce0 774d96ec ..........>...Mw
0x00dce83c: 00000023 00000206 063efc74 0000002b #.......t.>.+...
0x00dce84c: 00000000 00dce988 774b0e4c 04260258 ........L.KwX.&.
0x00dce85c: 774b0df7 b0dd79ea 06d60be0 04260000 ..Kw.y........&.
0x00dce86c: 00000000 01010010 03000102 0000003b ............;...
0x00dce87c: 00000038 02000002 000000eb 21082b02 8............+.!
0x00dce88c: 00000000 00000000 000007ff 13010012 ................
0x00dce89c: 0000006b 2b00012a 000000eb 01dce92c k...*..+....,...
0x00dce8ac: 0000000b 042654b0 fffffffe fffffffe .....T&.........
0x00dce8bc: 00000000 00dce8e4 774f6361 05d10258 ........acOwX...
0x00dce8cc: 774b2d09 05d10000 00000001 00000210 .-Kw............
0x00dce8dc: 05d10000 774b2796 05de29e0 00000000 .....'Kw.)......
0x00dce8ec: 774b2bbe b0dd7a3a 00000204 00000008 .+Kw:z..........
0x00dce8fc: 05d10000 00000004 76cd3f08 76cd38b8 .........?.v.8.v
0x00dce90c: 00dce930 00dce938 76cd38ec 774c0108 0...8....8.v..Lw
0x00dce91c: 00dcea28 00000000 00000030 768ce770 (.......0...p..v
0x00dce92c: 00000ee8 774c0156 00000000 76cd38ec ....V.Lw.....8.v
0x00dce93c: 00000000 b0dd0000 00dc0000 774b0e4c ............L.Kw
0x00dce94c: 05d10258 00000000 00000000 00000000 X...............
0x00dce95c: 00000000 00000000 00000000 00000000 ................
0x00dce96c: 00000000 00000000 00000000 00000000 ................
0x00dce97c: 00000000 00000000 00000000 00000000 ................
0x00dce98c: 00000000 00000000 00000000 00000000 ................
0x00dce99c: 00000000 00000000 00000000 00000000 ................
0x00dce9ac: 00000000 00000000 00000000 00000000 ................
0x00dce9bc: 00000000 00000000 00000000 00000000 ................
0x00dce9cc: 00000000 00000000 00000000 0000007c ............|...
0x00dce9dc: 00000001 043101c0 0000037c 00000001 ......1.|.......
0x00dce9ec: 00000000 0000004e 00000020 7ffe8000 ....N... .......
0x00dce9fc: 00dcea14 1010db3f 1010b645 00dceab8 ....?...E.......
0x00dcea0c: 00dceaa8 048bfffc 00dcea30 1010dbd6 ........0.......
0x00dcea1c: 1010b645 042e2000 00000001 00000000 E.... ..........
0x00dcea2c: 19634a20 00dcea44 1010e513 00dcea40  Jc.D.......@...
0x00dcea3c: 00dceabc 0000002a 00dcea50 1010e5c3 ....*...P.......
0x00dcea4c: 0a880b0a 00dcea6c 1010e097 00000001 ....l...........
0x00dcea5c: 00dceabc 00000002 00000000 10013ed0 .............>..
0x00dcea6c: 00dceaa4 1010e0d1 00dceabc 0a880bfe ................
0x00dcea7c: 00000002 00000000 10013ed0 00000000 .........>......
0x00dcea8c: 00dcea78 10014000 00dcecc0 10118f80 x....@..........
0x00dcea9c: 1a4a4bfa 00000000 00dceac8 1010b645 .KJ.........E...
0x00dceaac: 00dceabc 768cdbe0 00000000 00000001 .......v........
0x00dceabc: 00000000 00dceae4 0a880b92 00dceae4 ................
0x00dceacc: 1010be90 10013ed0 1021f600 00000010 .....>....!.....
0x00dceadc: 00000000 02208000 00dceb14 1010bf2c ...... .....,...
0x00dceaec: 10013ed0 00000000 00000000 00000000 .>..............
0x00dceafc: 00000000 00000000 00000000 00000000 ................
0x00dceb0c: 00000000 00000010 00dceb30 1010bf60 ........0...`...
0x00dceb1c: 10013ed0 1002bb6a 00000000 00000010 .>..j...........
0x00dceb2c: 00000000 00dceb40 100ef9a4 048c4e70 ....@.......pN..
0x00dceb3c: 000007d0 00dceb58 0166359d 048c4e70 ....X....5f.pN..
0x00dceb4c: 00000000 00000000 0165440c 00dceb64 .........De.d...
0x00dceb5c: 00fc8a23 00000000 00dceba8 00fd4016 #............@..
0x00dceb6c: 00000000 00fd3c80 00000010 00dcecd8 .....<..........
0x00dceb7c: 00000000 43af0000 43c80000 00fd3c80 .......C...C.<..
0x00dceb8c: 7749abd4 3f800000 c1000000 c1000000 ..Iw...?........
0x00dceb9c: 00000000 43ab8000 43c08000 00dcebd4 .......C...C....
0x00dcebac: 75079007 002405ea 00000010 00000000 ...u..$.........
0x00dcebbc: 00000000 00000010 dcbaabcd 00dcecd8 ................
0x00dcebcc: 00fd3c80 00000010 00dcecd0 7506727d .<..........}r.u
0x00dcebdc: 00fd3c80 002405ea 00000010 00000000 .<....$.........
0x00dcebec: 00000000 e48f5d62 c0000388 40000000 ....b].........@
0x00dcebfc: 00000024 00000001 00000000 00000000 $...............
0x00dcec0c: 00000030 ffffffff ffffffff 75066f69 0...........io.u
0x00dcec1c: 00000000 00000000 00000000 43af0000 ...............C
0x00dcec2c: 43c80000 00000000 00000000 bba3d70a ...C............
0x00dcec3c: 00000000 00000000 00000000 00000000 ................
0x00dcec4c: bca237c3 00000000 bf800000 80000012 .7..............
0x00dcec5c: 00000000 00000000 00000000 00000001 ................
0x00dcec6c: 00000000 00000000 00000000 02531348 ............H.S.
0x00dcec7c: 00000000 00000000 00000000 00fd3c80 .............<..
0x00dcec8c: 00000000 00000000 02531348 00000000 ........H.S.....
0x00dcec9c: 00000000 002405ea 00000000 00000000 ......$.........
0x00dcecac: 00000001 41800000 00dcecd8 00000000 .......A........
0x00dcecbc: 00000000 00dced2c 7507bc20 915cd46a ....,... ..uj.\.
0x00dceccc: 00000000 00dced3c 75066d10 00000010 ....<....m.u....
0x00dcecdc: 75066d10 00fd3c80 00000000 00000010 .m.u.<..........
0x00dcecec: 00000000 00000000 02206000 00000001 .........` .....
0x00dcecfc: e48f5c8e 02eb0870 77511630 0154045b .\..p...0.Qw[.T.
0x00dced0c: c0200000 062386c9 41800000 00000000 .. ...#....A....
0x00dced1c: 002405ea 00000000 00dcecfc 00dced38 ..$.........8...
0x00dced2c: 00dced88 7507bc20 915cd40a fffffffe .... ..u..\.....
0x00dced3c: 00dced78 75073609 02eb0870 00000000 x....6.up.......
0x00dced4c: 00000010 00000000 00000000 00fd3c80 .............<..
0x00dced5c: 7507ad70 110d3e10 110cb9d8 00000000 p..u.>..........
0x00dced6c: 4494a000 00000000 00000000 00dcee28 ...D........(...
0x00dced7c: 774dbcd6 00dced94 00000020 00dcef40 ..Mw.... ...@...
0x00dced8c: 774dbc20 00dcedb8 02eb0870 00000000  .Mw....p.......
0x00dced9c: 00000010 00000000 00000000 00fd3c80 .............<..
0x00dcedac: 77511630 00000000 7533118c 75068a1d 0.Qw......3u...u
0x00dcedbc: 002405ea 00000112 0000f060 0154045b ..$.....`...[.T.
0x00dcedcc: 00000000 0000029e 00000000 00dceec8 ................
0x00dceddc: 02eb0870 002405ea 002405ea 00000004 p.....$...$.....
0x00dcedec: 0000f060 00000112 00000022 0000000b `.......".......
0x00dcedfc: 00000000 00dcee30 7506772e 02eb0870 ....0....w.up...
0x00dcee0c: 00000000 04940810 02eb0870 002405ea ........p.....$.
0x00dcee1c: 010001bc 110d3e10 e48f5c56 00dcee4c .....>..V\..L...
0x00dcee2c: 750687fd 02eb0870 00000000 0154045b ...up.......[.T.
0x00dcee3c: 00000000 75068780 75068780 fffffffe .......u...u....
0x00dcee4c: 00dcee70 6c1fc7fb 002405ea 00000112 p......l..$.....
0x00dcee5c: 0000f060 0154045b 00000000 6c227ab4 `...[.T......z"l
0x00dcee6c: 04940810 00dceef4 6c1f8787 04940810 ...........l....
0x00dcee7c: 00dceec8 00000001 6c1f79a0 00000112 .........y.l....
0x00dcee8c: 00000001 00003860 00000000 049405f0 ....`8..........
0x00dcee9c: 00000000 6c227a60 00000000 00000112 ....`z"l........
0x00dceeac: 04940810 002405ea 75068780 00000000 ......$....u....
0x00dceebc: 00000000 002405ea 77234c3e 002405ea ......$.>L#w..$.
0x00dceecc: 00000112 0000f060 0154045b 00000004 ....`...[.T.....
0x00dceedc: 000004b0 75068780 00000000 00000001 .......u........
0x00dceeec: d4b21827 00000001 00dcef08 6c1f79b8 '............y.l
0x00dceefc: 0000f060 0154045b 00000001 00dcef50 `...[.T.....P...
0x00dcef0c: 75068929 002405ea 00000112 0000f060 )..u..$.....`...
0x00dcef1c: 0154045b e48f5ee2 0154045b 002405ea [.T..^..[.T...$.
0x00dcef2c: 00000112 00000001 00000000 00fd4234 ............4B..
0x00dcef3c: 00000112 00dcf0b8 7507bc20 915cd7aa ........ ..u..\.
0x00dcef4c: 00000000 00dcefa0 00fd4284 002405ea .........B....$.
0x00dcef5c: 00000112 0000f060 0154045b 00fd3c80 ....`...[.T..<..
0x00dcef6c: 00000112 00dcf0d0 00000000 00000000 ................
0x00dcef7c: 00000000 00dcf094 00000000 002405ea ..............$.
0x00dcef8c: 00000112 0000f060 0154045b 00000000 ....`...[.T.....
0x00dcef9c: 000004b0 00dcefcc 75079007 002405ea ...........u..$.
0x00dcefac: 00000000 0000f060 00000000 00000112 ....`...........
0x00dcefbc: dcbaabcd 00dcf0d0 00fd3c80 00000112 .........<......
0x00dcefcc: 00dcf0c8 7506727d 00fd3c80 002405ea ....}r.u.<....$.
0x00dcefdc: 00000112 0000f060 0154045b e48f417a ....`...[.T.zA..
0x00dcefec: 00000388 00000000 00000024 00000001 ........$.......
0x00dceffc: 00000000 00000000 00000030 ffffffff ........0.......
0x00dcf00c: ffffffff 75066f69 00000000 00000202 ....io.u........
0x00dcf01c: 00000000 0154045b 1b49979d 02eb0870 ....[.T...I.p...
0x00dcf02c: 77234ef0 0154045b bf800000 00dcf338 .N#w[.T.....8...
0x00dcf03c: 01337c1c 04a14c50 0496eec0 0fa2b1f0 .|3.PL..........
0x00dcf04c: 10dfc898 80000012 00000000 00000000 ................
0x00dcf05c: 00000000 00000001 00000000 00000000 ................
0x00dcf06c: 00000000 02531348 00000000 00000000 ....H.S.........
0x00dcf07c: 00000001 00fd3c80 00000000 00000000 .....<..........
0x00dcf08c: 02531348 00000000 00000000 002405ea H.S...........$.
0x00dcf09c: 00000000 00000000 00000001 00000000 ................
0x00dcf0ac: 00dcf0d0 00000000 77593373 00dcf124 ........s3Yw$...
0x00dcf0bc: 7507bc20 915cd46a 00000000 00dcf134  ..uj.\.....4...
0x00dcf0cc: 75066d10 00000112 75066d10 00fd3c80 .m.u.....m.u.<..
0x00dcf0dc: 00000000 00000112 0000f060 0154045b ........`...[.T.
0x00dcf0ec: 02206000 00000001 e48f4086 02eb0870 .` ......@..p...
0x00dcf0fc: 77511630 0154045b 00000202 00dcf198 0.Qw[.T.........
0x00dcf10c: 00000000 00000000 002405ea 00000000 ..........$.....
0x00dcf11c: 00dcf0f4 77596178 00dcf180 7507bc20 ....xaYw.... ..u
0x00dcf12c: 915cd40a fffffffe 00dcf170 75073609 ..\.....p....6.u
0x00dcf13c: 02eb0870 00000000 00000112 0000f060 p...........`...
0x00dcf14c: 0154045b 00fd3c80 7507ad70 00000000 [.T..<..p..u....
0x00dcf15c: 00000000 00000000 00000000 00000000 ................
0x00dcf16c: 00000000 00dcf220 774dbcd6 00dcf18c .... .....Mw....
0x00dcf17c: 00000020 00dcf340 774dbc20 00dcf1b0  ...@... .Mw....
0x00dcf18c: 02eb0870 00000000 00000112 0000f060 p...........`...
0x00dcf19c: 0154045b 00fd3c80 77511630 00000000 [.T..<..0.Qw....
0x00dcf1ac: 00000000 75068a1d 002405ea 000000a1 .......u..$.....
0x00dcf1bc: 00000014 0154045b 00000000 0000029e ....[.T.........
0x00dcf1cc: 00000000 04940810 02eb0870 002405ea ........p.....$.
0x00dcf1dc: 002405ea 00000002 00000014 000000a1 ..$.............
0x00dcf1ec: 00000014 002405ea 00000000 02206800 ......$......h .
0x00dcf1fc: 02206800 02eb0870 7509afe5 04940810 .h .p......u....
0x00dcf20c: 75068780 002405ea 01000000 00000000 ...u..$.........
0x00dcf21c: e48f406e 00dcf244 750687fd 02eb0870 n@..D......up...
0x00dcf22c: 00000000 0154045b 00000000 75068780 ....[.T........u
0x00dcf23c: 75068780 00dcf2c8 00dcf270 6c1fc7fb ...u....p......l
0x00dcf24c: 002405ea 000000a1 00000014 0154045b ..$.........[.T.
0x00dcf25c: 00dcf2c8 6c227579 04940810 00000000 ....yu"l........
0x00dcf26c: 00000000 00dcf2f4 6c1f8787 04940810 ...........l....
0x00dcf27c: 00dcf2c8 00000001 6c1f79a0 000000a1 .........y.l....
0x00dcf28c: 00000001 00003860 00000000 049405f0 ....`8..........
0x00dcf29c: 00000000 6c227510 00000000 000000a1 .....u"l........
0x00dcf2ac: 04940810 002405ea 75068780 00000000 ......$....u....
0x00dcf2bc: 00000000 002405ea 77234c3e 002405ea ......$.>L#w..$.
0x00dcf2cc: 000000a1 00000014 0154045b 00000004 ........[.T.....
0x00dcf2dc: 000004b0 75068780 00000000 00000001 .......u........
0x00dcf2ec: d4b20427 00000001 00dcf308 6c1f79b8 '............y.l
0x00dcf2fc: 00000014 0154045b 00000001 00dcf350 ....[.T.....P...
0x00dcf30c: 75068929 002405ea 000000a1 00000014 )..u..$.........
0x00dcf31c: 0154045b e48f42e2 0154045b 002405ea [.T..B..[.T...$.
0x00dcf32c: 000000a1 00000001 00000000 00fd4234 ............4B..
0x00dcf33c: 000000a1 00dcf4b8 7507bc20 915cd7aa ........ ..u..\.
0x00dcf34c: 00000000 00dcf3a0 00fd4284 002405ea .........B....$.
0x00dcf35c: 000000a1 00000014 0154045b 00fd3c80 ........[.T..<..
0x00dcf36c: 000000a1 00dcf4d0 000000ff 80000012 ................
0x00dcf37c: 00000000 00fd3c80 7749abd4 00000001 .....<....Iw....
0x00dcf38c: 00000000 00000000 00000000 00fd3c80 .............<..
0x00dcf39c: 002405ea 00dcf3cc 75079007 002405ea ..$........u..$.
0x00dcf3ac: 00000000 00000014 00000000 000000a1 ................
0x00dcf3bc: dcbaabcd 00dcf4d0 00fd3c80 000000a1 .........<......
0x00dcf3cc: 00dcf4c8 7506727d 00fd3c80 002405ea ....}r.u.<....$.
0x00dcf3dc: 000000a1 00000014 0154045b e48f457a ........[.T.zE..
0x00dcf3ec: 00dcf588 00000014 00000024 00000001 ........$.......
0x00dcf3fc: 00000000 00000000 00000030 ffffffff ........0.......
0x00dcf40c: ffffffff 75066f69 00000000 00000001 ....io.u........
0x00dcf41c: e48f45ee 00000000 77511630 00000000 .E......0.Qw....
0x00dcf42c: 000000a1 00dcf4c0 00000000 00000000 ................
0x00dcf43c: 002405ea 00000000 00dcf41c 00000000 ..$.............
0x00dcf44c: 00dcf4a8 80000012 00000000 00000000 ................
0x00dcf45c: 00000000 00000001 00000000 00000000 ................
0x00dcf46c: 00000000 02531348 00000000 00000000 ....H.S.........
0x00dcf47c: 00000000 00fd3c80 00000000 00000000 .....<..........
0x00dcf48c: 02531348 00000000 00000000 002405ea H.S...........$.
0x00dcf49c: 00000000 00000000 00000001 00dcf588 ................
0x00dcf4ac: 00dcf4d0 00000001 02eb0870 00dcf534 ........p...4...
0x00dcf4bc: 7507bc20 915cd46a 00000000 00dcf544  ..uj.\.....D...
0x00dcf4cc: 750666fa 02eb0870 750666fa 00fd3c80 .f.up....f.u.<..
0x00dcf4dc: 00000000 000000a1 00000014 0154045b ............[.T.
0x00dcf4ec: ffffff9e 00000001 e48f44f6 750dfe60 .........D..`..u
0x00dcf4fc: 00dcf588 00000001 04f143b0 fffffffe .........C......
0x00dcf50c: 00000000 00000000 00fd3c80 00000000 .........<......
0x00dcf51c: 00000000 00000001 00dcf564 00000014 ........d.......
0x00dcf52c: 00dcf4f4 00000000 00dcf79c 7507bc20 ............ ..u
0x00dcf53c: 915cd42a fffffffe 00dcf550 750ee831 *.\.....P...1..u
0x00dcf54c: 000000a1 00dcf574 017a45df 00dcf588 ....t....Ez.....
0x00dcf55c: 750eeed0 00000004 00dcf5a8 00fc8cc3 ...u............
0x00dcf56c: 00dcf588 00000000 00dcf5a8 00fc8ce3 ................
0x00dcf57c: 00dcf588 00000000 0000000a 002405ea ..............$.
0x00dcf58c: 000000a1 00000014 0154045b 14944f80 ........[.T..O..
0x00dcf59c: 0000045b 00000154 00000c24 00dcf704 [...T...$.......
0x00dcf5ac: 00fd73b3 017ee847 00000000 02205000 .s..G.~......P .
0x00dcf5bc: 0497fc00 0000006d 00dcf5cc 042618b0 ....m.........&.
0x00dcf5cc: 0000001b 0000006d 00000042 00000400 ....m...B.......
0x00dcf5dc: 042618b0 00000000 000001a8 047f66b2 ..&..........f..
0x00dcf5ec: 00dcf604 00000001 04977b10 00000073 .........{..s...
0x00dcf5fc: 02100800 bfebfbff 000806d1 00000073 ............s...
0x00dcf60c: 00000042 04977890 00000072 1c004121 B....x..r...!A..
0x00dcf61c: 02c0003f 0000003f 00000072 00000042 ?...?...r...B...
0x00dcf62c: 0497fd50 00000064 00000000 1c004143 P...d.......CA..
0x00dcf63c: 04c0003f 00000064 00000042 1c03c163 ?...d...B...c...
0x00dcf64c: 01c0003f 00005fff 00000004 04261d10 ?...._........&.
0x00dcf65c: 042605b8 00dcf600 0497fc70 00000069 ..&.....p...i...
0x00dcf66c: 04262c88 01eebf28 0000000f 00000069 .,&.(.......i...
0x00dcf67c: 00000042 00000190 00000000 00637465 B...........etc.
0x00dcf68c: 00646567 04261801 00dcf6b8 00000003 ged...&.........
0x00dcf69c: 00000042 04963a90 04963ac8 04963ac8 B....:...:...:..
0x00dcf6ac: 00dcf6c4 00000000 65646968 646e6957 ........hideWind
0x00dcf6bc: 0000776f 042605b8 0000000a 00000042 ow....&.....B...
0x00dcf6cc: 046a53a0 00000190 00000000 00000000 .Sj.............
0x00dcf6dc: 00000000 65726170 5748746e 0000444e ....parentHWND..
0x00dcf6ec: 0180c625 0000000a 00000042 01f9d860 %.......B...`...
0x00dcf6fc: 00000000 00205001 00dcf71c 017b0b68 .....P .....h.{.
0x00dcf70c: 00f60000 00000000 0254ce2e 0000000a ..........T.....
0x00dcf71c: 00dcf7ac 017ee7f4 00f60000 00000000 ......~.........
0x00dcf72c: 0254ce2e 0000000a 850c4c70 017ee847 ..T.....pL..G.~.
0x00dcf73c: 017ee847 02205000 00000044 02547740 G.~..P .D...@wT.
0x00dcf74c: 02547720 02547658 00000000 00000000  wT.XvT.........
0x00dcf75c: 00000000 00000000 00000000 00000000 ................
0x00dcf76c: 00000000 00000000 00000000 00000000 ................
0x00dcf77c: 00dcf7a8 00dcf7a8 0180054d 00dcf798 ........M.......
0x00dcf78c: 017ee847 00000000 00dcf734 e82f4635 G.~.....4...5F/.
0x00dcf79c: 00dcf804 017f06f0 8425ea84 00000000 ..........%.....
0x00dcf7ac: 00dcf7bc 768c5d49 02205000 768c5d30 ....I].v.P .0].v
0x00dcf7bc: 00dcf814 774cd03b 02205000 b0dd6876 ....;.Lw.P .vh..
0x00dcf7cc: 00000000 00000000 02205000 00000000 .........P .....
0x00dcf7dc: 00000000 00000000 00000000 00000000 ................
0x00dcf7ec: 00000000 00000000 00000000 00000000 ................
0x00dcf7fc: 00dcf7c8 00000000 00dcf81c 774e2300 .............#Nw
0x00dcf80c: c75656d2 00000000 00dcf824 774ccfc1 .VV.....$.....Lw
0x00dcf81c: ffffffff 7751213b 00000000 00000000 ....;!Qw........
0x00dcf82c: 017ee847 02205000 00000000 00000000 G.~..P .........
0x00dcf83c: 00000000 00000000 00000000 00000000 ................
0x00dcf84c: 00000000 00000000 00000000 00000000 ................
0x00dcf85c: 00000000 00000000 00000000 00000000 ................
0x00dcf86c: 00000000 00000000 00000000 00000000 ................
0x00dcf87c: 00000000 00000000 00000000 00000000 ................
0x00dcf88c: 00000000 00000000 00000000 00000000 ................
0x00dcf89c: 00000000 00000000 00000000 00000000 ................
0x00dcf8ac: 00000000 00000000 00000000 00000000 ................
0x00dcf8bc: 00000000 00000000 00000000 00000000 ................
0x00dcf8cc: 00000000 00000000 00000000 00000000 ................
0x00dcf8dc: 00000000 00000000 00000000 00000000 ................
0x00dcf8ec: 00000000 00000000 00000000 00000000 ................
0x00dcf8fc: 00000000 00000000 00000000 00000000 ................
0x00dcf90c: 00000000 00000000 00000000 00000000 ................
0x00dcf91c: 00000000 00000000 00000000 00000000 ................
0x00dcf92c: 00000000 00000000 00000000 00000000 ................
0x00dcf93c: 00000000 00000000 00000000 00000000 ................
0x00dcf94c: 00000000 00000000 00000000 00000000 ................
0x00dcf95c: 00000000 00000000 00000000 00000000 ................
0x00dcf96c: 00000000 00000000 00000000 00000000 ................
0x00dcf97c: 00000000 00000000 00000000 00000000 ................
0x00dcf98c: 00000000 00000000 00000000 00000000 ................
0x00dcf99c: 00000000 00000000 00000000 00000000 ................
0x00dcf9ac: 00000000 00000000 00000000 00000000 ................
0x00dcf9bc: 00000000 00000000 00000000 00000000 ................
0x00dcf9cc: 00000000 00000000 00000000 00000000 ................
0x00dcf9dc: 00000000 00000000 00000000 00000000 ................
0x00dcf9ec: 00000000 00000000 00000000 00000000 ................
0x00dcf9fc: 00000000 00000000 00000000 00000000 ................
0x00dcfa0c: 00000000 00000000 00000000 00000000 ................
0x00dcfa1c: 00000000 00000000 00000000 00000000 ................
0x00dcfa2c: 00000000 00000000 00000000 00000000 ................
0x00dcfa3c: 00000000 00000000 00000000 00000000 ................
0x00dcfa4c: 00000000 00000000 00000000 00000000 ................
0x00dcfa5c: 00000000 00000000 00000000 00000000 ................
0x00dcfa6c: 00000000 00000000 00000000 00000000 ................
0x00dcfa7c: 00000000 00000000 00000000 00000000 ................
0x00dcfa8c: 00000000 00000000 00000000 00000000 ................
0x00dcfa9c: 00000000 00000000 00000000 00000000 ................
0x00dcfaac: 00000000 00000000 00000000 00000000 ................
0x00dcfabc: 00000000 00000000 00000000 00000000 ................
0x00dcfacc: 00000000 00000000 00000000 00000000 ................
0x00dcfadc: 00000000 00000000 00000000 00000000 ................
0x00dcfaec: 00000000 00000000 00000000 00000000 ................
0x00dcfafc: 00000000 00000000 00000000 00000000 ................
0x00dcfb0c: 00000000 00000000 00000000 00000000 ................
0x00dcfb1c: 00000000 00000000 00000000 00000000 ................
0x00dcfb2c: 00000000 00000000 00000000 00000000 ................
0x00dcfb3c: 00000000 00000000 00000000 00000000 ................
0x00dcfb4c: 00000000 00000000 00000000 00000000 ................
0x00dcfb5c: 00000000 00000000 00000000 00000000 ................
0x00dcfb6c: 00000000 00000000 00000000 00000000 ................
0x00dcfb7c: 00000000 00000000 00000000 00000000 ................
0x00dcfb8c: 00000000 00000000 00000000 00000000 ................
0x00dcfb9c: 00000000 00000000 00000000 00000000 ................
0x00dcfbac: 00000000 00000000 00000000 00000000 ................
0x00dcfbbc: 00000000 00000000 00000000 00000000 ................
0x00dcfbcc: 00000000 00000000 00000000 00000000 ................
0x00dcfbdc: 00000000 00000000 00000000 00000000 ................
0x00dcfbec: 00000000 00000000 00000000 00000000 ................
0x00dcfbfc: 00000000 00000000 00000000 00000000 ................
0x00dcfc0c: 00000000 00000000 00000000 00000000 ................
0x00dcfc1c: 00000000 00000000 00000000 00000000 ................
0x00dcfc2c: 00000000 00000000 00000000 00000000 ................
0x00dcfc3c: 00000000 00000000 00000000 00000000 ................
0x00dcfc4c: 00000000 00000000 00000000 00000000 ................
0x00dcfc5c: 00000000 00000000 00000000 00000000 ................
0x00dcfc6c: 00000000 00000000 00000000 00000000 ................
0x00dcfc7c: 00000000 00000000 00000000 00000000 ................
0x00dcfc8c: 00000000 00000000 00000000 00000000 ................
0x00dcfc9c: 00000000 00000000 00000000 00000000 ................
0x00dcfcac: 00000000 00000000 00000000 00000000 ................
0x00dcfcbc: 00000000 00000000 00000000 00000000 ................
0x00dcfccc: 00000000 00000000 00000000 00000000 ................
0x00dcfcdc: 00000000 00000000 00000000 00000000 ................
0x00dcfcec: 00000000 00000000 00000000 00000000 ................

Module 1
C:\WINDOWS\SYSTEM32\xinput1_3.dll
Image Base: 0x00400000  Image Size: 0x00016000
File Size:  81768       File Time:  2007-04-04_185342
Version:
   Company:    Microsoft Corporation
   Product:    Microsoft® DirectX for Windows®
   FileDesc:   Microsoft Common Controller API
   FileVer:    9.18.944.0
   ProdVer:    9.18.944.0

Module 2
C:\Users\Cuong Le\Desktop\C# winform\QLTK-Nro Pro\QLTK Nro Pro\bin\Debug\net8.0-windows\Nro_244.exe
Image Base: 0x00f60000  Image Size: 0x01228000
File Size:  18198528    File Time:  2025-05-14_104312
Version:
   Company:    
   Product:    
   FileDesc:   
   FileVer:    5.6.7.3267
   ProdVer:    5.6.7.3267

Module 3
C:\Users\Cuong Le\Desktop\C# winform\QLTK-Nro Pro\QLTK Nro Pro\bin\Debug\net8.0-windows\Nro_244_Data\Mono\mono.dll
Image Base: 0x10000000  Image Size: 0x00231000
File Size:  2117064     File Time:  2025-05-14_104312
Version:
   Company:    Unity Technologies
   Product:    libmono
   FileDesc:   Unity Technologies fork of mono runtime
   FileVer:    1.0.0.1
   ProdVer:    1.0.0.1

Module 4
C:\WINDOWS\SYSTEM32\resourcepolicyclient.dll
Image Base: 0x51170000  Image Size: 0x00010000
File Size:  57920       File Time:  2024-04-01_142216
Version:
   Company:    Microsoft Corporation
   Product:    Microsoft® Windows® Operating System
   FileDesc:   Resource Policy Client
   FileVer:    10.0.26100.1
   ProdVer:    10.0.26100.1

Module 5
C:\WINDOWS\SYSTEM32\AUDIOSES.DLL
Image Base: 0x511a0000  Image Size: 0x00175000
File Size:  1522792     File Time:  2025-05-14_073518
Version:
   Company:    Microsoft Corporation
   Product:    Microsoft® Windows® Operating System
   FileDesc:   Audio Session
   FileVer:    10.0.26100.3912
   ProdVer:    10.0.26100.3912

Module 6
C:\WINDOWS\System32\DriverStore\FileRepository\nvam.inf_amd64_4ae7e10b45473e65\nvppe.dll
Image Base: 0x52bd0000  Image Size: 0x000df000
File Size:  932136      File Time:  2024-12-02_085028
Version:
   Company:    NVIDIA Corporation
   Product:    NVIDIA driver loader
   FileDesc:   NVIDIA Driver, Version 566.07 
   FileVer:    32.0.15.6607
   ProdVer:    32.0.15.6607

Module 7
C:\WINDOWS\System32\DriverStore\FileRepository\nvam.inf_amd64_4ae7e10b45473e65\nvgpucomp32.dll
Image Base: 0x52cb0000  Image Size: 0x024a7000
File Size:  38663464    File Time:  2024-12-02_085000
Version:
   Company:    NVIDIA Corporation
   Product:    NVIDIA GPU Compiler Driver
   FileDesc:   NVIDIA GPU Compiler Driver, Version 566.07 
   FileVer:    32.0.15.6607
   ProdVer:    32.0.15.6607

Module 8
C:\WINDOWS\SYSTEM32\drvstore.dll
Image Base: 0x55160000  Image Size: 0x00129000
File Size:  1214880     File Time:  2025-05-14_073522
Version:
   Company:    Microsoft Corporation
   Product:    Microsoft® Windows® Operating System
   FileDesc:   Driver Store API
   FileVer:    10.0.26100.3912
   ProdVer:    10.0.26100.3912

Module 9
C:\WINDOWS\System32\DriverStore\FileRepository\nvam.inf_amd64_4ae7e10b45473e65\nvldumd.dll
Image Base: 0x55290000  Image Size: 0x0009d000
File Size:  653760      File Time:  2024-12-02_085024
Version:
   Company:    NVIDIA Corporation
   Product:    NVIDIA driver loader
   FileDesc:   NVIDIA Driver Loader, Version 566.07 
   FileVer:    32.0.15.6607
   ProdVer:    32.0.15.6607

Module 10
C:\WINDOWS\SYSTEM32\MSACM32.dll
Image Base: 0x55f30000  Image Size: 0x0001a000
File Size:  97704       File Time:  2024-12-13_150154
Version:
   Company:    Microsoft Corporation
   Product:    Microsoft® Windows® Operating System
   FileDesc:   Microsoft ACM Audio Filter
   FileVer:    10.0.26100.1882
   ProdVer:    10.0.26100.1882

Module 11
C:\WINDOWS\SYSTEM32\wdmaud.drv
Image Base: 0x55f50000  Image Size: 0x0003d000
File Size:  223232      File Time:  2024-12-13_150154
Version:
   Company:    Microsoft Corporation
   Product:    Microsoft® Windows® Operating System
   FileDesc:   Winmm  audio system driver
   FileVer:    10.0.26100.1882
   ProdVer:    10.0.26100.1882

Module 12
C:\WINDOWS\SYSTEM32\winmmbase.dll
Image Base: 0x569c0000  Image Size: 0x0001f000
File Size:  118768      File Time:  2024-04-01_142214
Version:
   Company:    Microsoft Corporation
   Product:    Microsoft® Windows® Operating System
   FileDesc:   Base Multimedia Extension API DLL
   FileVer:    10.0.26100.1
   ProdVer:    10.0.26100.1

Module 13
C:\WINDOWS\SYSTEM32\midimap.dll
Image Base: 0x56e70000  Image Size: 0x00008000
File Size:  21504       File Time:  2024-12-13_150154
Version:
   Company:    Microsoft Corporation
   Product:    Microsoft® Windows® Operating System
   FileDesc:   Microsoft MIDI Mapper
   FileVer:    10.0.26100.1882
   ProdVer:    10.0.26100.1882

Module 14
C:\WINDOWS\SYSTEM32\GLU32.dll
Image Base: 0x585d0000  Image Size: 0x00042000
File Size:  254976      File Time:  2024-04-01_142236
Version:
   Company:    Microsoft Corporation
   Product:    Microsoft® Windows® Operating System
   FileDesc:   OpenGL Utility Library DLL
   FileVer:    10.0.26100.1
   ProdVer:    10.0.26100.1

Module 15
C:\WINDOWS\SYSTEM32\OPENGL32.dll
Image Base: 0x58620000  Image Size: 0x000e3000
File Size:  797696      File Time:  2025-04-09_105022
Version:
   Company:    Microsoft Corporation
   Product:    Microsoft® Windows® Operating System
   FileDesc:   OpenGL Client DLL
   FileVer:    10.0.26100.3624
   ProdVer:    10.0.26100.3624

Module 16
C:\WINDOWS\System32\fwpuclnt.dll
Image Base: 0x587a0000  Image Size: 0x00061000
File Size:  379392      File Time:  2025-05-14_073524
Version:
   Company:    Microsoft Corporation
   Product:    Microsoft® Windows® Operating System
   FileDesc:   FWP/IPsec User-Mode API
   FileVer:    10.0.26100.3912
   ProdVer:    10.0.26100.3912

Module 17
C:\Windows\System32\DriverStore\FileRepository\iigd_dch.inf_amd64_f63934308f6cc308\igc32.dll
Image Base: 0x5e010000  Image Size: 0x038f3000
File Size:  61009192    File Time:  2024-03-05_090414
Version:
   Company:    Intel Corporation
   Product:    Intel HD Graphics Drivers for Windows(R)
   FileDesc:   Intel Graphics Shader Compiler for Intel(R) Graphics Accelerator
   FileVer:    31.0.101.5333
   ProdVer:    31.0.101.5333

Module 18
C:\Windows\System32\DriverStore\FileRepository\iigd_dch.inf_amd64_f63934308f6cc308\igd10um32xe.DLL
Image Base: 0x61910000  Image Size: 0x016f7000
File Size:  24732360    File Time:  2024-03-05_090436
Version:
   Company:    Intel Corporation
   Product:    Intel HD Graphics Drivers for Windows(R)
   FileDesc:   User Mode Driver for Intel(R) Graphics Technology
   FileVer:    31.0.101.5333
   ProdVer:    31.0.101.5333

Module 19
C:\Windows\System32\DriverStore\FileRepository\iigd_dch.inf_amd64_f63934308f6cc308\igd10iumd32.dll
Image Base: 0x63010000  Image Size: 0x003df000
File Size:  4190848     File Time:  2024-03-05_090422
Version:
   Company:    Intel Corporation
   Product:    Intel HD Graphics Drivers for Windows(R)
   FileDesc:   User Mode Driver for Intel(R) Graphics Technology
   FileVer:    31.0.101.5333
   ProdVer:    31.0.101.5333

Module 20
C:\Windows\System32\DriverStore\FileRepository\iigd_dch.inf_amd64_f63934308f6cc308\IntelControlLib32.dll
Image Base: 0x6af50000  Image Size: 0x0007e000
File Size:  562384      File Time:  2024-03-05_090734
Version:
   Company:    
   Product:    Intel Graphics Control Lib Runtime for Windows(R)
   FileDesc:   Intel Graphics Control Lib Runtime
   FileVer:    1.0.184.0
   ProdVer:    1.0.0.0

Module 21
C:\WINDOWS\SYSTEM32\d3d11.dll
Image Base: 0x6afd0000  Image Size: 0x001f5000
File Size:  2053680     File Time:  2025-05-14_073522
Version:
   Company:    Microsoft Corporation
   Product:    Microsoft® Windows® Operating System
   FileDesc:   Direct3D 11 Runtime
   FileVer:    10.0.26100.3912
   ProdVer:    10.0.26100.3912

Module 22
C:\WINDOWS\SYSTEM32\dxgi.dll
Image Base: 0x6b3f0000  Image Size: 0x000ff000
File Size:  1030552     File Time:  2025-05-14_073522
Version:
   Company:    Microsoft Corporation
   Product:    Microsoft® Windows® Operating System
   FileDesc:   DirectX Graphics Infrastructure
   FileVer:    10.0.26100.4061
   ProdVer:    10.0.26100.4061

Module 23
C:\Windows\System32\DriverStore\FileRepository\iigd_dch.inf_amd64_f63934308f6cc308\igdgmm32.dll
Image Base: 0x6b500000  Image Size: 0x00336000
File Size:  3485600     File Time:  2024-03-05_090606
Version:
   Company:    Intel Corporation
   Product:    Intel HD Graphics Drivers for Windows(R)
   FileDesc:   User Mode Driver for Intel(R) Graphics Technology
   FileVer:    31.0.101.5333
   ProdVer:    31.0.101.5333

Module 24
C:\WINDOWS\system32\uxtheme.dll
Image Base: 0x6c1d0000  Image Size: 0x00083000
File Size:  518656      File Time:  2025-05-14_073530
Version:
   Company:    Microsoft Corporation
   Product:    Microsoft® Windows® Operating System
   FileDesc:   Microsoft UxTheme Library
   FileVer:    10.0.26100.3912
   ProdVer:    10.0.26100.3912

Module 25
C:\WINDOWS\System32\MMDevApi.dll
Image Base: 0x6c300000  Image Size: 0x0007f000
File Size:  506272      File Time:  2025-05-14_073524
Version:
   Company:    Microsoft Corporation
   Product:    Microsoft® Windows® Operating System
   FileDesc:   MMDevice API
   FileVer:    10.0.26100.3912
   ProdVer:    10.0.26100.3912

Module 26
C:\WINDOWS\SYSTEM32\IPHLPAPI.DLL
Image Base: 0x6c390000  Image Size: 0x00027000
File Size:  147848      File Time:  2025-05-14_073528
Version:
   Company:    Microsoft Corporation
   Product:    Microsoft® Windows® Operating System
   FileDesc:   IP Helper API
   FileVer:    10.0.26100.3912
   ProdVer:    10.0.26100.3912

Module 27
C:\WINDOWS\WinSxS\x86_microsoft.windows.common-controls_6595b64144ccf1df_6.0.26100.3912_none_85b4cd13f7b13c84\comctl32.dll
Image Base: 0x6c3d0000  Image Size: 0x0022f000
File Size:  2277320     File Time:  2025-04-25_015906
Version:
   Company:    Microsoft Corporation
   Product:    Microsoft® Windows® Operating System
   FileDesc:   User Experience Controls Library
   FileVer:    6.10.26100.3912
   ProdVer:    10.0.26100.3912

Module 28
C:\WINDOWS\SYSTEM32\DNSAPI.dll
Image Base: 0x6cc60000  Image Size: 0x000dc000
File Size:  899304      File Time:  2025-05-14_073522
Version:
   Company:    Microsoft Corporation
   Product:    Microsoft® Windows® Operating System
   FileDesc:   DNS Client API DLL
   FileVer:    10.0.26100.3912
   ProdVer:    10.0.26100.3912

Module 29
C:\WINDOWS\SYSTEM32\textinputframework.dll
Image Base: 0x6d620000  Image Size: 0x00107000
File Size:  1073384     File Time:  2025-05-14_073528
Version:
   Company:    Microsoft Corporation
   Product:    Microsoft® Windows® Operating System
   FileDesc:   "TextInputFramework.DYNLINK"
   FileVer:    10.0.26100.3912
   ProdVer:    10.0.26100.3912

Module 30
C:\WINDOWS\SYSTEM32\TextShaping.dll
Image Base: 0x6e680000  Image Size: 0x0009e000
File Size:  648264      File Time:  2025-04-09_105014
Version:
   Company:    Microsoft Corporation
   Product:    Microsoft® Windows® Operating System
   FileDesc:   Microsoft Text Shaping Library
   FileVer:    10.0.26100.3624
   ProdVer:    10.0.26100.3624

Module 31
C:\WINDOWS\SYSTEM32\directxdatabasehelper.dll
Image Base: 0x6e820000  Image Size: 0x0004e000
File Size:  312024      File Time:  2025-05-14_073518
Version:
   Company:    Microsoft Corporation
   Product:    Microsoft® Windows® Operating System
   FileDesc:   DirectXDatabaseHelper
   FileVer:    10.0.26100.3912
   ProdVer:    10.0.26100.3912

Module 32
C:\WINDOWS\SYSTEM32\dxcore.dll
Image Base: 0x6e880000  Image Size: 0x00039000
File Size:  219096      File Time:  2025-04-09_105008
Version:
   Company:    Microsoft Corporation
   Product:    Microsoft® Windows® Operating System
   FileDesc:   DXCore
   FileVer:    10.0.26100.3624
   ProdVer:    10.0.26100.3624

Module 33
C:\WINDOWS\SYSTEM32\dhcpcsvc6.DLL
Image Base: 0x6fc80000  Image Size: 0x00018000
File Size:  87992       File Time:  2025-05-14_073520
Version:
   Company:    Microsoft Corporation
   Product:    Microsoft® Windows® Operating System
   FileDesc:   DHCPv6 Client
   FileVer:    10.0.26100.4061
   ProdVer:    10.0.26100.4061

Module 34
C:\WINDOWS\SYSTEM32\apphelp.dll
Image Base: 0x6fca0000  Image Size: 0x000ad000
File Size:  704592      File Time:  2025-05-14_073518
Version:
   Company:    Microsoft Corporation
   Product:    Microsoft® Windows® Operating System
   FileDesc:   Application Compatibility Client Library
   FileVer:    10.0.26100.3912
   ProdVer:    10.0.26100.3912

Module 35
C:\WINDOWS\SYSTEM32\devobj.dll
Image Base: 0x6fd50000  Image Size: 0x00024000
File Size:  143032      File Time:  2024-04-01_142236
Version:
   Company:    Microsoft Corporation
   Product:    Microsoft® Windows® Operating System
   FileDesc:   Device Information Set DLL
   FileVer:    10.0.26100.1
   ProdVer:    10.0.26100.1

Module 36
C:\WINDOWS\SYSTEM32\dwmapi.dll
Image Base: 0x6fe10000  Image Size: 0x0002b000
File Size:  156576      File Time:  2025-04-09_105014
Version:
   Company:    Microsoft Corporation
   Product:    Microsoft® Windows® Operating System
   FileDesc:   Microsoft Desktop Window Manager API
   FileVer:    10.0.26100.3775
   ProdVer:    10.0.26100.3775

Module 37
C:\WINDOWS\SYSTEM32\dbghelp.dll
Image Base: 0x703b0000  Image Size: 0x001e0000
File Size:  1851808     File Time:  2025-02-12_081126
Version:
   Company:    Microsoft Corporation
   Product:    Microsoft® Windows® Operating System
   FileDesc:   Windows Image Helper
   FileVer:    10.0.26100.3037
   ProdVer:    10.0.26100.3037

Module 38
C:\WINDOWS\SYSTEM32\msacm32.drv
Image Base: 0x72130000  Image Size: 0x0000b000
File Size:  28160       File Time:  2024-12-13_150208
Version:
   Company:    Microsoft Corporation
   Product:    Microsoft® Windows® Operating System
   FileDesc:   Microsoft Sound Mapper
   FileVer:    10.0.26100.1882
   ProdVer:    10.0.26100.1882

Module 39
C:\WINDOWS\SYSTEM32\HID.DLL
Image Base: 0x72ca0000  Image Size: 0x0000b000
File Size:  27648       File Time:  2024-04-01_142216
Version:
   Company:    Microsoft Corporation
   Product:    Microsoft® Windows® Operating System
   FileDesc:   Hid User Library
   FileVer:    10.0.26100.1
   ProdVer:    10.0.26100.1

Module 40
C:\Windows\System32\rasadhlp.dll
Image Base: 0x72eb0000  Image Size: 0x00008000
File Size:  13312       File Time:  2024-04-01_142236
Version:
   Company:    Microsoft Corporation
   Product:    Microsoft® Windows® Operating System
   FileDesc:   Remote Access AutoDial Helper
   FileVer:    10.0.26100.1
   ProdVer:    10.0.26100.1

Module 41
C:\WINDOWS\SYSTEM32\dhcpcsvc.DLL
Image Base: 0x72ec0000  Image Size: 0x0001d000
File Size:  103352      File Time:  2025-05-14_073520
Version:
   Company:    Microsoft Corporation
   Product:    Microsoft® Windows® Operating System
   FileDesc:   DHCP Client Service
   FileVer:    10.0.26100.4061
   ProdVer:    10.0.26100.4061

Module 42
C:\ProgramData\Microsoft\Windows Defender\Platform\4.18.25040.2-0\X86\MpOav.dll
Image Base: 0x73040000  Image Size: 0x00086000
File Size:  544616      File Time:  2025-05-22_204052
Version:
   Company:    Microsoft Corporation
   Product:    Microsoft® Windows® Operating System
   FileDesc:   IOfficeAntiVirus Module
   FileVer:    4.18.25040.2
   ProdVer:    4.18.25040.2

Module 43
C:\WINDOWS\SYSTEM32\amsi.dll
Image Base: 0x730d0000  Image Size: 0x00015000
File Size:  72192       File Time:  2024-04-01_142214
Version:
   Company:    Microsoft Corporation
   Product:    Microsoft® Windows® Operating System
   FileDesc:   Anti-Malware Scan Interface
   FileVer:    10.0.26100.1
   ProdVer:    10.0.26100.1

Module 44
C:\WINDOWS\system32\wbem\fastprox.dll
Image Base: 0x730f0000  Image Size: 0x000cc000
File Size:  814080      File Time:  2025-04-09_105028
Version:
   Company:    Microsoft Corporation
   Product:    Microsoft® Windows® Operating System
   FileDesc:   WMI Custom Marshaller
   FileVer:    10.0.26100.3624
   ProdVer:    10.0.26100.3624

Module 45
C:\WINDOWS\system32\wbem\wbemsvc.dll
Image Base: 0x731c0000  Image Size: 0x00011000
File Size:  49664       File Time:  2024-12-13_150214
Version:
   Company:    Microsoft Corporation
   Product:    Microsoft® Windows® Operating System
   FileDesc:   WMI
   FileVer:    10.0.26100.1000
   ProdVer:    10.0.26100.1000

Module 46
C:\WINDOWS\SYSTEM32\wbemcomn.dll
Image Base: 0x731e0000  Image Size: 0x00068000
File Size:  399360      File Time:  2024-04-01_142216
Version:
   Company:    Microsoft Corporation
   Product:    Microsoft® Windows® Operating System
   FileDesc:   WMI
   FileVer:    10.0.26100.1
   ProdVer:    10.0.26100.1

Module 47
C:\WINDOWS\system32\wbem\wbemprox.dll
Image Base: 0x73250000  Image Size: 0x0000e000
File Size:  38400       File Time:  2024-12-13_150212
Version:
   Company:    Microsoft Corporation
   Product:    Microsoft® Windows® Operating System
   FileDesc:   WMI
   FileVer:    10.0.26100.1000
   ProdVer:    10.0.26100.1000

Module 48
C:\WINDOWS\SYSTEM32\VERSION.dll
Image Base: 0x73270000  Image Size: 0x00008000
File Size:  28976       File Time:  2024-04-01_142216
Version:
   Company:    Microsoft Corporation
   Product:    Microsoft® Windows® Operating System
   FileDesc:   Version Checking and File Installation Libraries
   FileVer:    10.0.26100.1
   ProdVer:    10.0.26100.1

Module 49
C:\WINDOWS\SYSTEM32\wldp.dll
Image Base: 0x734b0000  Image Size: 0x00050000
File Size:  326000      File Time:  2025-05-14_073520
Version:
   Company:    Microsoft Corporation
   Product:    Microsoft® Windows® Operating System
   FileDesc:   Windows Lockdown Policy
   FileVer:    10.0.26100.3912
   ProdVer:    10.0.26100.3912

Module 50
C:\WINDOWS\SYSTEM32\SspiCli.dll
Image Base: 0x73530000  Image Size: 0x0002b000
File Size:  166952      File Time:  2025-04-09_105020
Version:
   Company:    Microsoft Corporation
   Product:    Microsoft® Windows® Operating System
   FileDesc:   Security Support Provider Interface
   FileVer:    10.0.26100.3775
   ProdVer:    10.0.26100.3775

Module 51
C:\WINDOWS\SYSTEM32\MSWSOCK.dll
Image Base: 0x73ae0000  Image Size: 0x00053000
File Size:  326600      File Time:  2025-05-14_073530
Version:
   Company:    Microsoft Corporation
   Product:    Microsoft® Windows® Operating System
   FileDesc:   Microsoft Windows Sockets 2.0 Service Provider
   FileVer:    10.0.26100.4061
   ProdVer:    10.0.26100.4061

Module 52
C:\WINDOWS\SYSTEM32\cfgmgr32.dll
Image Base: 0x73f00000  Image Size: 0x00043000
File Size:  268648      File Time:  2025-05-14_073518
Version:
   Company:    Microsoft Corporation
   Product:    Microsoft® Windows® Operating System
   FileDesc:   Configuration Manager DLL
   FileVer:    10.0.26100.3912
   ProdVer:    10.0.26100.3912

Module 53
C:\WINDOWS\SYSTEM32\cryptnet.dll
Image Base: 0x73ff0000  Image Size: 0x0002b000
File Size:  170008      File Time:  2025-04-09_105014
Version:
   Company:    Microsoft Corporation
   Product:    Microsoft® Windows® Operating System
   FileDesc:   Crypto Network Related API
   FileVer:    10.0.26100.3624
   ProdVer:    10.0.26100.3624

Module 54
C:\WINDOWS\SYSTEM32\profapi.dll
Image Base: 0x74020000  Image Size: 0x00022000
File Size:  131272      File Time:  2025-05-14_073526
Version:
   Company:    Microsoft Corporation
   Product:    Microsoft® Windows® Operating System
   FileDesc:   User Profile Basic API
   FileVer:    10.0.26100.3912
   ProdVer:    10.0.26100.3912

Module 55
C:\WINDOWS\SYSTEM32\windows.storage.dll
Image Base: 0x74150000  Image Size: 0x006d2000
File Size:  7187688     File Time:  2025-05-14_073526
Version:
   Company:    Microsoft Corporation
   Product:    Microsoft® Windows® Operating System
   FileDesc:   Microsoft WinRT Storage API
   FileVer:    10.0.26100.4061
   ProdVer:    10.0.26100.4061

Module 56
C:\WINDOWS\SYSTEM32\kernel.appcore.dll
Image Base: 0x74830000  Image Size: 0x00014000
File Size:  71904       File Time:  2025-05-14_073522
Version:
   Company:    Microsoft Corporation
   Product:    Microsoft® Windows® Operating System
   FileDesc:   AppModel API Host
   FileVer:    10.0.26100.3912
   ProdVer:    10.0.26100.3912

Module 57
C:\WINDOWS\SYSTEM32\cryptbase.dll
Image Base: 0x74850000  Image Size: 0x0000b000
File Size:  33224       File Time:  2025-05-14_073520
Version:
   Company:    Microsoft Corporation
   Product:    Microsoft® Windows® Operating System
   FileDesc:   Base cryptographic API DLL
   FileVer:    10.0.26100.4061
   ProdVer:    10.0.26100.4061

Module 58
C:\WINDOWS\system32\rsaenh.dll
Image Base: 0x74860000  Image Size: 0x00033000
File Size:  203096      File Time:  2025-05-14_073526
Version:
   Company:    Microsoft Corporation
   Product:    Microsoft® Windows® Operating System
   FileDesc:   Microsoft Enhanced Cryptographic Provider
   FileVer:    10.0.26100.3912
   ProdVer:    10.0.26100.3912

Module 59
C:\WINDOWS\SYSTEM32\CRYPTSP.dll
Image Base: 0x748a0000  Image Size: 0x00015000
File Size:  80184       File Time:  2025-05-14_073520
Version:
   Company:    Microsoft Corporation
   Product:    Microsoft® Windows® Operating System
   FileDesc:   Cryptographic Service Provider API
   FileVer:    10.0.26100.4061
   ProdVer:    10.0.26100.4061

Module 60
C:\WINDOWS\SYSTEM32\ntmarta.dll
Image Base: 0x748c0000  Image Size: 0x00029000
File Size:  156080      File Time:  2024-04-01_142216
Version:
   Company:    Microsoft Corporation
   Product:    Microsoft® Windows® Operating System
   FileDesc:   Windows NT MARTA provider
   FileVer:    10.0.26100.1
   ProdVer:    10.0.26100.1

Module 61
C:\WINDOWS\SYSTEM32\msasn1.dll
Image Base: 0x748f0000  Image Size: 0x0000e000
File Size:  52280       File Time:  2025-05-14_073524
Version:
   Company:    Microsoft Corporation
   Product:    Microsoft® Windows® Operating System
   FileDesc:   ASN.1 Runtime APIs
   FileVer:    10.0.26100.4061
   ProdVer:    10.0.26100.4061

Module 62
C:\WINDOWS\SYSTEM32\UMPDC.dll
Image Base: 0x74910000  Image Size: 0x0000e000
File Size:  51608       File Time:  2024-12-13_150156
Version:
   Company:    Microsoft Corporation
   Product:    Microsoft® Windows® Operating System
   FileDesc:   User Mode Power Dependency Coordinator
   FileVer:    10.0.26100.1301
   ProdVer:    10.0.26100.1301

Module 63
C:\WINDOWS\SYSTEM32\WINMM.dll
Image Base: 0x74980000  Image Size: 0x00033000
File Size:  196376      File Time:  2025-04-09_105012
Version:
   Company:    Microsoft Corporation
   Product:    Microsoft® Windows® Operating System
   FileDesc:   MCI API DLL
   FileVer:    10.0.26100.3624
   ProdVer:    10.0.26100.3624

Module 64
C:\WINDOWS\SYSTEM32\USERENV.dll
Image Base: 0x749c0000  Image Size: 0x0001f000
File Size:  121440      File Time:  2024-12-13_150158
Version:
   Company:    Microsoft Corporation
   Product:    Microsoft® Windows® Operating System
   FileDesc:   Userenv
   FileVer:    10.0.26100.2454
   ProdVer:    10.0.26100.2454

Module 65
C:\WINDOWS\SYSTEM32\POWRPROF.dll
Image Base: 0x74a20000  Image Size: 0x00055000
File Size:  342544      File Time:  2025-05-14_073530
Version:
   Company:    Microsoft Corporation
   Product:    Microsoft® Windows® Operating System
   FileDesc:   Power Profile Helper DLL
   FileVer:    10.0.26100.3912
   ProdVer:    10.0.26100.3912

Module 66
C:\WINDOWS\SYSTEM32\bcrypt.dll
Image Base: 0x74ad0000  Image Size: 0x0001a000
File Size:  102352      File Time:  2025-05-14_073518
Version:
   Company:    Microsoft Corporation
   Product:    Microsoft® Windows® Operating System
   FileDesc:   Windows Cryptographic Primitives Library
   FileVer:    10.0.26100.4061
   ProdVer:    10.0.26100.4061

Module 67
C:\WINDOWS\SYSTEM32\WINHTTP.dll
Image Base: 0x74af0000  Image Size: 0x000db000
File Size:  895176      File Time:  2025-05-14_073530
Version:
   Company:    Microsoft Corporation
   Product:    Microsoft® Windows® Operating System
   FileDesc:   Windows HTTP Services
   FileVer:    10.0.26100.3912
   ProdVer:    10.0.26100.3912

Module 68
C:\WINDOWS\System32\NSI.dll
Image Base: 0x74f10000  Image Size: 0x00007000
File Size:  21808       File Time:  2025-05-14_073530
Version:
   Company:    Microsoft Corporation
   Product:    Microsoft® Windows® Operating System
   FileDesc:   NSI User-mode interface DLL
   FileVer:    10.0.26100.4061
   ProdVer:    10.0.26100.4061

Module 69
C:\WINDOWS\System32\ucrtbase.dll
Image Base: 0x74f20000  Image Size: 0x00110000
File Size:  1114192     File Time:  2025-05-14_073528
Version:
   Company:    Microsoft Corporation
   Product:    Microsoft® Windows® Operating System
   FileDesc:   Microsoft® C Runtime Library
   FileVer:    10.0.26100.4061
   ProdVer:    10.0.26100.4061

Module 70
C:\WINDOWS\System32\USER32.dll
Image Base: 0x75040000  Image Size: 0x001cb000
File Size:  1870808     File Time:  2025-05-14_073530
Version:
   Company:    Microsoft Corporation
   Product:    Microsoft® Windows® Operating System
   FileDesc:   Multi-User Windows USER API Client DLL
   FileVer:    10.0.26100.4061
   ProdVer:    10.0.26100.4061

Module 71
C:\WINDOWS\System32\RPCRT4.dll
Image Base: 0x75210000  Image Size: 0x000b9000
File Size:  758320      File Time:  2025-05-14_073526
Version:
   Company:    Microsoft Corporation
   Product:    Microsoft® Windows® Operating System
   FileDesc:   Remote Procedure Call Runtime
   FileVer:    10.0.26100.4061
   ProdVer:    10.0.26100.4061

Module 72
C:\WINDOWS\System32\win32u.dll
Image Base: 0x75330000  Image Size: 0x0001a000
File Size:  105960      File Time:  2025-05-14_073530
Version:
   Company:    Microsoft Corporation
   Product:    Microsoft® Windows® Operating System
   FileDesc:   Win32u
   FileVer:    10.0.26100.4061
   ProdVer:    10.0.26100.4061

Module 73
C:\WINDOWS\System32\MSCTF.dll
Image Base: 0x75350000  Image Size: 0x0011a000
File Size:  1153400     File Time:  2025-05-14_073528
Version:
   Company:    Microsoft Corporation
   Product:    Microsoft® Windows® Operating System
   FileDesc:   MSCTF Server DLL
   FileVer:    10.0.26100.4061
   ProdVer:    10.0.26100.4061

Module 74
C:\WINDOWS\System32\combase.dll
Image Base: 0x75470000  Image Size: 0x00286000
File Size:  2658488     File Time:  2025-05-14_073520
Version:
   Company:    Microsoft Corporation
   Product:    Microsoft® Windows® Operating System
   FileDesc:   Microsoft COM for Windows
   FileVer:    10.0.26100.3912
   ProdVer:    10.0.26100.3912

Module 75
C:\WINDOWS\System32\sechost.dll
Image Base: 0x75710000  Image Size: 0x00083000
File Size:  529504      File Time:  2025-05-14_073526
Version:
   Company:    Microsoft Corporation
   Product:    Microsoft® Windows® Operating System
   FileDesc:   Host for SCM/SDDL/LSA Lookup APIs
   FileVer:    10.0.26100.4061
   ProdVer:    10.0.26100.4061

Module 76
C:\WINDOWS\System32\msvcrt.dll
Image Base: 0x757a0000  Image Size: 0x000c7000
File Size:  809448      File Time:  2025-05-14_073524
Version:
   Company:    Microsoft Corporation
   Product:    Microsoft® Windows® Operating System
   FileDesc:   Windows NT CRT DLL
   FileVer:    7.0.26100.4061
   ProdVer:    10.0.26100.4061

Module 77
C:\WINDOWS\System32\OLEAUT32.dll
Image Base: 0x75870000  Image Size: 0x000a4000
File Size:  664824      File Time:  2025-05-14_073524
Version:
   Company:    Microsoft Corporation
   Product:    Microsoft® Windows® Operating System
   FileDesc:   OLEAUT32.DLL
   FileVer:    10.0.26100.3912
   ProdVer:    10.0.26100.3912

Module 78
C:\WINDOWS\System32\wintrust.dll
Image Base: 0x75920000  Image Size: 0x00066000
File Size:  413280      File Time:  2025-05-14_073530
Version:
   Company:    Microsoft Corporation
   Product:    Microsoft® Windows® Operating System
   FileDesc:   Microsoft Trust Verification APIs
   FileVer:    10.0.26100.3912
   ProdVer:    10.0.26100.3912

Module 79
C:\WINDOWS\System32\gdi32full.dll
Image Base: 0x75990000  Image Size: 0x000ed000
File Size:  963856      File Time:  2025-05-14_073522
Version:
   Company:    Microsoft Corporation
   Product:    Microsoft® Windows® Operating System
   FileDesc:   GDI Client DLL
   FileVer:    10.0.26100.3912
   ProdVer:    10.0.26100.3912

Module 80
C:\WINDOWS\System32\GDI32.dll
Image Base: 0x75b20000  Image Size: 0x00023000
File Size:  136960      File Time:  2025-05-14_073522
Version:
   Company:    Microsoft Corporation
   Product:    Microsoft® Windows® Operating System
   FileDesc:   GDI Client DLL
   FileVer:    10.0.26100.3912
   ProdVer:    10.0.26100.3912

Module 81
C:\WINDOWS\System32\SETUPAPI.dll
Image Base: 0x75b50000  Image Size: 0x0044f000
File Size:  4552008     File Time:  2025-05-14_073526
Version:
   Company:    Microsoft Corporation
   Product:    Microsoft® Windows® Operating System
   FileDesc:   Windows Setup API
   FileVer:    10.0.26100.3912
   ProdVer:    10.0.26100.3912

Module 82
C:\WINDOWS\System32\msvcp_win.dll
Image Base: 0x75fb0000  Image Size: 0x00085000
File Size:  505768      File Time:  2025-05-14_073528
Version:
   Company:    Microsoft Corporation
   Product:    Microsoft® Windows® Operating System
   FileDesc:   Microsoft® C Runtime Library
   FileVer:    10.0.26100.4061
   ProdVer:    10.0.26100.4061

Module 83
C:\WINDOWS\System32\bcryptPrimitives.dll
Image Base: 0x76040000  Image Size: 0x00069000
File Size:  427272      File Time:  2025-05-14_073518
Version:
   Company:    Microsoft Corporation
   Product:    Microsoft® Windows® Operating System
   FileDesc:   Windows Cryptographic Primitives Library
   FileVer:    10.0.26100.4061
   ProdVer:    10.0.26100.4061

Module 84
C:\WINDOWS\System32\SHELL32.dll
Image Base: 0x760b0000  Image Size: 0x0060e000
File Size:  6380400     File Time:  2025-05-14_073528
Version:
   Company:    Microsoft Corporation
   Product:    Microsoft® Windows® Operating System
   FileDesc:   Windows Shell Common Dll
   FileVer:    10.0.26100.4061
   ProdVer:    10.0.26100.4061

Module 85
C:\WINDOWS\System32\wintypes.dll
Image Base: 0x766d0000  Image Size: 0x00102000
File Size:  1056320     File Time:  2025-05-14_073520
Version:
   Company:    Microsoft Corporation
   Product:    Microsoft® Windows® Operating System
   FileDesc:   Windows Base Types DLL
   FileVer:    10.0.26100.3912
   ProdVer:    10.0.26100.3912

Module 86
C:\WINDOWS\System32\shcore.dll
Image Base: 0x767e0000  Image Size: 0x000cb000
File Size:  822344      File Time:  2025-05-14_073526
Version:
   Company:    Microsoft Corporation
   Product:    Microsoft® Windows® Operating System
   FileDesc:   SHCORE
   FileVer:    10.0.26100.4061
   ProdVer:    10.0.26100.4061

Module 87
C:\WINDOWS\System32\KERNEL32.DLL
Image Base: 0x768b0000  Image Size: 0x000f0000
File Size:  683288      File Time:  2025-05-14_073522
Version:
   Company:    Microsoft Corporation
   Product:    Microsoft® Windows® Operating System
   FileDesc:   Windows NT BASE API Client DLL
   FileVer:    10.0.26100.3912
   ProdVer:    10.0.26100.3912

Module 88
C:\WINDOWS\System32\KERNELBASE.dll
Image Base: 0x76a70000  Image Size: 0x002ae000
File Size:  2817584     File Time:  2025-05-14_073524
Version:
   Company:    Microsoft Corporation
   Product:    Microsoft® Windows® Operating System
   FileDesc:   Windows NT BASE API Client DLL
   FileVer:    10.0.26100.4061
   ProdVer:    10.0.26100.4061

Module 89
C:\WINDOWS\System32\WS2_32.dll
Image Base: 0x76d30000  Image Size: 0x00060000
File Size:  392120      File Time:  2025-05-14_073530
Version:
   Company:    Microsoft Corporation
   Product:    Microsoft® Windows® Operating System
   FileDesc:   Windows Socket 2.0 32-Bit DLL
   FileVer:    10.0.26100.4061
   ProdVer:    10.0.26100.4061

Module 90
C:\WINDOWS\System32\PSAPI.DLL
Image Base: 0x76f20000  Image Size: 0x00006000
File Size:  18040       File Time:  2024-04-01_142214
Version:
   Company:    Microsoft Corporation
   Product:    Microsoft® Windows® Operating System
   FileDesc:   Process Status Helper
   FileVer:    10.0.26100.1
   ProdVer:    10.0.26100.1

Module 91
C:\WINDOWS\System32\ADVAPI32.dll
Image Base: 0x76fa0000  Image Size: 0x0007e000
File Size:  511392      File Time:  2025-04-09_105010
Version:
   Company:    Microsoft Corporation
   Product:    Microsoft® Windows® Operating System
   FileDesc:   Advanced Windows 32 Base API
   FileVer:    10.0.26100.3775
   ProdVer:    10.0.26100.3775

Module 92
C:\WINDOWS\System32\imagehlp.dll
Image Base: 0x770a0000  Image Size: 0x0001b000
File Size:  102728      File Time:  2024-04-01_142212
Version:
   Company:    Microsoft Corporation
   Product:    Microsoft® Windows® Operating System
   FileDesc:   Windows NT Image Helper
   FileVer:    10.0.26100.1
   ProdVer:    10.0.26100.1

Module 93
C:\WINDOWS\System32\SHLWAPI.dll
Image Base: 0x770c0000  Image Size: 0x00054000
File Size:  340448      File Time:  2025-05-14_073528
Version:
   Company:    Microsoft Corporation
   Product:    Microsoft® Windows® Operating System
   FileDesc:   Shell Light-weight Utility Library
   FileVer:    10.0.26100.3912
   ProdVer:    10.0.26100.3912

Module 94
C:\WINDOWS\System32\CRYPT32.dll
Image Base: 0x77120000  Image Size: 0x00107000
File Size:  1065624     File Time:  2025-04-09_105014
Version:
   Company:    Microsoft Corporation
   Product:    Microsoft® Windows® Operating System
   FileDesc:   Crypto API32
   FileVer:    10.0.26100.3775
   ProdVer:    10.0.26100.3775

Module 95
C:\WINDOWS\System32\IMM32.dll
Image Base: 0x77230000  Image Size: 0x00025000
File Size:  147768      File Time:  2025-05-14_073522
Version:
   Company:    Microsoft Corporation
   Product:    Microsoft® Windows® Operating System
   FileDesc:   Multi-User Windows IMM32 API Client DLL
   FileVer:    10.0.26100.3912
   ProdVer:    10.0.26100.3912

Module 96
C:\WINDOWS\System32\ole32.dll
Image Base: 0x77260000  Image Size: 0x00158000
File Size:  1413696     File Time:  2025-05-14_073520
Version:
   Company:    Microsoft Corporation
   Product:    Microsoft® Windows® Operating System
   FileDesc:   Microsoft OLE for Windows
   FileVer:    10.0.26100.3912
   ProdVer:    10.0.26100.3912

Module 97
C:\WINDOWS\System32\clbcatq.dll
Image Base: 0x773c0000  Image Size: 0x00081000
File Size:  519504      File Time:  2024-04-01_142214
Version:
   Company:    Microsoft Corporation
   Product:    Microsoft® Windows® Operating System
   FileDesc:   COM+ Configuration Catalog
   FileVer:    2001.12.10941.16384
   ProdVer:    10.0.26100.1

Module 98
C:\WINDOWS\SYSTEM32\ntdll.dll
Image Base: 0x77460000  Image Size: 0x001bb000
File Size:  1805328     File Time:  2025-05-14_073524
Version:
   Company:    Microsoft Corporation
   Product:    Microsoft® Windows® Operating System
   FileDesc:   NT Layer DLL
   FileVer:    10.0.26100.4061
   ProdVer:    10.0.26100.4061

Module 99
C:\WINDOWS\System32\DriverStore\FileRepository\nvam.inf_amd64_4ae7e10b45473e65\nvwgf2um.dll
Image Base: 0x78120000  Image Size: 0x0360f000
File Size:  56911144    File Time:  2024-12-02_085034
Version:
   Company:    NVIDIA Corporation
   Product:    NVIDIA D3D10 drivers
   FileDesc:   NVIDIA D3D10 Driver, Version 566.07 
   FileVer:    32.0.15.6607
   ProdVer:    32.0.15.6607


== [end of error.log] ==
